<?xml version="1.0" encoding="UTF-8"?>
<!-- Generated by org.testng.reporters.JUnitXMLReporter -->
<testsuite ignored="0" hostname="AnbuPC" failures="23" tests="76" name="Default test" time="22.966" errors="0" timestamp="2024-11-25T13:06:28 EST">
  <testcase classname="io.cucumber.testng.AbstractTestNGCucumberTests" name="runScenario" time="4.763"/>
  <testcase classname="io.cucumber.testng.AbstractTestNGCucumberTests" name="runScenario" time="0.329"/>
  <testcase classname="io.cucumber.testng.AbstractTestNGCucumberTests" name="runScenario" time="0.285"/>
  <testcase classname="io.cucumber.testng.AbstractTestNGCucumberTests" name="runScenario" time="0.415"/>
  <testcase classname="io.cucumber.testng.AbstractTestNGCucumberTests" name="runScenario" time="0.353">
    <failure type="java.lang.AssertionError" message="Expected status code does not match actual status code. expected [201] but found [400]">
      <![CDATA[java.lang.AssertionError: Expected status code does not match actual status code. expected [201] but found [400]
at org.testng.Assert.fail(Assert.java:111)
at org.testng.Assert.failNotEquals(Assert.java:1578)
at org.testng.Assert.assertEqualsImpl(Assert.java:150)
at org.testng.Assert.assertEquals(Assert.java:132)
at org.testng.Assert.assertEquals(Assert.java:1419)
at org.testng.Assert.assertEquals(Assert.java:1383)
at api.StepDefinitions.ProgramCreateSteps.response_status_code_should_be(ProgramCreateSteps.java:233)
at ✽.Response status code should be "201"(file:///C:/Users/anbum/OneDrive/Desktop/Anbu/LMS_Phase2_RestAssured/LMS_GIT/Team04_APIAvengers_LMSHackathon/src/test/resources/features/02programModule/01programCreate.feature:8)
]]>
    </failure>
  </testcase> <!-- runScenario -->
  <testcase classname="io.cucumber.testng.AbstractTestNGCucumberTests" name="runScenario" time="0.874">
    <failure type="java.lang.AssertionError" message="1 expectation failed.
Response body doesn&amp;apos;t match expectation.
Expected: The content to match the given JSON schema.
error: instance type (array) does not match any allowed primitive type (allowed: [&amp;quot;object&amp;quot;])
    level: &amp;quot;error&amp;quot;
    schema: {&amp;quot;loadingURI&amp;quot;:&amp;quot;file:/C:/Users/anbum/OneDrive/Desktop/Anbu/LMS_Phase2_RestAssured/LMS_GIT/Team04_APIAvengers_LMSHackathon/target/test-classes/schemas/ProgramDto.json#&amp;quot;,&amp;quot;pointer&amp;quot;:&amp;quot;&amp;quot;}
    instance: {&amp;quot;pointer&amp;quot;:&amp;quot;&amp;quot;}
    domain: &amp;quot;validation&amp;quot;
    keyword: &amp;quot;type&amp;quot;
    found: &amp;quot;array&amp;quot;
    expected: [&amp;quot;object&amp;quot;]

  Actual: [{&amp;quot;programId&amp;quot;:16209,&amp;quot;programName&amp;quot;:&amp;quot;SF&amp;quot;,&amp;quot;programDescription&amp;quot;:&amp;quot;SalesForce&amp;quot;,&amp;quot;programStatus&amp;quot;:&amp;quot;Active&amp;quot;,&amp;quot;creationTime&amp;quot;:&amp;quot;2023-11-03T16:38:42.239+00:00&amp;quot;,&amp;quot;lastModTime&amp;quot;:&amp;quot;2023-12-18T21:38:49.858+00:00&amp;quot;},{&amp;quot;programId&amp;quot;:16220,&amp;quot;programName&amp;quot;:&amp;quot;Core Java Program&amp;quot;,&amp;quot;programDescription&amp;quot;:&amp;quot;Core Java Programming&amp;quot;,&amp;quot;programStatus&amp;quot;:&amp;quot;Active&amp;quot;,&amp;quot;creationTime&amp;quot;:&amp;quot;2023-12-21T07:07:32.548+00:00&amp;quot;,&amp;quot;lastModTime&amp;quot;:&amp;quot;2023-12-21T07:09:22.476+00:00&amp;quot;},{&amp;quot;programId&amp;quot;:16224,&amp;quot;programName&amp;quot;:&amp;quot;Micro services&amp;quot;,&amp;quot;programDescription&amp;quot;:&amp;quot;Micron services for developer&amp;quot;,&amp;quot;programStatus&amp;quot;:&amp;quot;Active&amp;quot;,&amp;quot;creationTime&amp;quot;:&amp;quot;2024-04-09T00:41:46.395+00:00&amp;quot;,&amp;quot;lastModTime&amp;quot;:&amp;quot;2024-04-09T00:42:06.894+00:00&amp;quot;},{&amp;quot;programId&amp;quot;:16225,&amp;quot;programName&amp;quot;:&amp;quot;Java SpringBoot&amp;quot;,&amp;quot;programDescription&amp;quot;:&amp;quot;For Developers&amp;quot;,&amp;quot;programStatus&amp;quot;:&amp;quot;Inactive&amp;quot;,&amp;quot;creationTime&amp;quot;:&amp;quot;2024-04-09T02:16:44.088+00:00&amp;quot;,&amp;quot;lastModTime&amp;quot;:&amp;quot;2024-04-09T02:16:44.088+00:00&amp;quot;},{&amp;quot;programId&amp;quot;:16226,&amp;quot;programName&amp;quot;:&amp;quot;JavaLanguage&amp;quot;,&amp;quot;programDescription&amp;quot;:&amp;quot;For SDET&amp;quot;,&amp;quot;programStatus&amp;quot;:&amp;quot;Active&amp;quot;,&amp;quot;creationTime&amp;quot;:&amp;quot;2024-04-09T02:17:24.325+00:00&amp;quot;,&amp;quot;lastModTime&amp;quot;:&amp;quot;2024-04-09T02:19:05.280+00:00&amp;quot;},{&amp;quot;programId&amp;quot;:16227,&amp;quot;programName&amp;quot;:&amp;quot;Test Program&amp;quot;,&amp;quot;programDescription&amp;quot;:&amp;quot;Sample&amp;quot;,&amp;quot;programStatus&amp;quot;:&amp;quot;Active&amp;quot;,&amp;quot;creationTime&amp;quot;:&amp;quot;2024-05-02T16:27:04.878+00:00&amp;quot;,&amp;quot;lastModTime&amp;quot;:&amp;quot;2024-05-02T16:27:04.878+00:00&amp;quot;},{&amp;quot;programId&amp;quot;:16213,&amp;quot;programName&amp;quot;:&amp;quot;Java-Program&amp;quot;,&amp;quot;programDescription&amp;quot;:&amp;quot;Java-Program&amp;quot;,&amp;quot;programStatus&amp;quot;:&amp;quot;Active&amp;quot;,&amp;quot;creationTime&amp;quot;:&amp;quot;2023-12-14T18:36:46.264+00:00&amp;quot;,&amp;quot;lastModTime&amp;quot;:&amp;quot;2024-06-03T00:36:12.606+00:00&amp;quot;},{&amp;quot;programId&amp;quot;:16228,&amp;quot;programName&amp;quot;:&amp;quot;TestChatBot&amp;quot;,&amp;quot;programDescription&amp;quot;:&amp;quot;testing Creation of Program&amp;quot;,&amp;quot;programStatus&amp;quot;:&amp;quot;Inactive&amp;quot;,&amp;quot;creationTime&amp;quot;:&amp;quot;2024-06-18T03:14:13.136+00:00&amp;quot;,&amp;quot;lastModTime&amp;quot;:&amp;quot;2024-06-18T03:14:13.136+00:00&amp;quot;},{&amp;quot;programId&amp;quot;:16231,&amp;quot;programName&amp;quot;:&amp;quot;Java-oops-inheritance&amp;quot;,&amp;quot;programDescription&amp;quot;:&amp;quot;Java for SDET&amp;quot;,&amp;quot;programStatus&amp;quot;:&amp;quot;Inactive&amp;quot;,&amp;quot;creationTime&amp;quot;:&amp;quot;2024-07-02T17:28:47.894+00:00&amp;quot;,&amp;quot;lastModTime&amp;quot;:&amp;quot;2024-07-02T17:29:23.023+00:00&amp;quot;},{&amp;quot;programId&amp;quot;:16232,&amp;quot;programName&amp;quot;:&amp;quot;Inheritance-Java&amp;quot;,&amp;quot;programDescription&amp;quot;:&amp;quot;Java for SDET&amp;quot;,&amp;quot;programStatus&amp;quot;:&amp;quot;Active&amp;quot;,&amp;quot;creationTime&amp;quot;:&amp;quot;2024-07-02T17:51:49.421+00:00&amp;quot;,&amp;quot;lastModTime&amp;quot;:&amp;quot;2024-07-02T17:51:49.421+00:00&amp;quot;},{&amp;quot;programId&amp;quot;:16233,&amp;quot;programName&amp;quot;:&amp;quot;Inheritance-JavaOOPS&amp;quot;,&amp;quot;programDescription&amp;quot;:&amp;quot;Java for SDET&amp;quot;,&amp;quot;programStatus&amp;quot;:&amp;quot;Active&amp;quot;,&amp;quot;creationTime&amp;quot;:&amp;quot;2024-07-03T15:48:25.678+00:00&amp;quot;,&amp;quot;lastModTime&amp;quot;:&amp;quot;2024-07-03T15:48:25.678+00:00&amp;quot;},{&amp;quot;programId&amp;quot;:16234,&amp;quot;programName&amp;quot;:&amp;quot;Inheritance-JavaOOPSconcept&amp;quot;,&amp;quot;programDescription&amp;quot;:&amp;quot;Java for SDET&amp;quot;,&amp;quot;programStatus&amp;quot;:&amp;quot;Active&amp;quot;,&amp;quot;creationTime&amp;quot;:&amp;quot;2024-07-06T01:20:45.017+00:00&amp;quot;,&amp;quot;lastModTime&amp;quot;:&amp;quot;2024-07-06T01:20:45.017+00:00&amp;quot;},{&amp;quot;programId&amp;quot;:16230,&amp;quot;programName&amp;quot;:&amp;quot;OOPS-Java&amp;quot;,&amp;quot;programDescription&amp;quot;:&amp;quot;Java for SDET&amp;quot;,&amp;quot;programStatus&amp;quot;:&amp;quot;Active&amp;quot;,&amp;quot;creationTime&amp;quot;:&amp;quot;2024-07-02T17:21:06.473+00:00&amp;quot;,&amp;quot;lastModTime&amp;quot;:&amp;quot;2024-07-06T01:21:29.920+00:00&amp;quot;},{&amp;quot;programId&amp;quot;:16229,&amp;quot;programName&amp;quot;:&amp;quot;OOPS-Java-Inheritance&amp;quot;,&amp;quot;programDescription&amp;quot;:&amp;quot;Java for SDET&amp;quot;,&amp;quot;programStatus&amp;quot;:&amp;quot;Active&amp;quot;,&amp;quot;creationTime&amp;quot;:&amp;quot;2024-07-02T17:16:37.779+00:00&amp;quot;,&amp;quot;lastModTime&amp;quot;:&amp;quot;2024-07-06T01:21:58.513+00:00&amp;quot;},{&amp;quot;programId&amp;quot;:16235,&amp;quot;programName&amp;quot;:&amp;quot;SAP&amp;quot;,&amp;quot;programDescription&amp;quot;:&amp;quot;SAP Basic&amp;quot;,&amp;quot;programStatus&amp;quot;:&amp;quot;Active&amp;quot;,&amp;quot;creationTime&amp;quot;:&amp;quot;2024-08-07T16:06:11.732+00:00&amp;quot;,&amp;quot;lastModTime&amp;quot;:&amp;quot;2024-08-07T16:06:11.732+00:00&amp;quot;},{&amp;quot;programId&amp;quot;:16236,&amp;quot;programName&amp;quot;:&amp;quot;ScrumMasterProductOwner&amp;quot;,&amp;quot;programDescription&amp;quot;:&amp;quot;Professional Training&amp;quot;,&amp;quot;programStatus&amp;quot;:&amp;quot;Active&amp;quot;,&amp;quot;creationTime&amp;quot;:&amp;quot;2024-08-07T16:08:49.245+00:00&amp;quot;,&amp;quot;lastModTime&amp;quot;:&amp;quot;2024-08-07T16:08:49.245+00:00&amp;quot;},{&amp;quot;programId&amp;quot;:16237,&amp;quot;programName&amp;quot;:&amp;quot;Testingchatbot&amp;quot;,&amp;quot;programDescription&amp;quot;:&amp;quot;New tool&amp;quot;,&amp;quot;programStatus&amp;quot;:&amp;quot;Active&amp;quot;,&amp;quot;creationTime&amp;quot;:&amp;quot;2024-08-27T18:18:30.802+00:00&amp;quot;,&amp;quot;lastModTime&amp;quot;:&amp;quot;2024-08-27T18:18:30.802+00:00&amp;quot;},{&amp;quot;programId&amp;quot;:16238,&amp;quot;programName&amp;quot;:&amp;quot;Grading&amp;quot;,&amp;quot;programDescription&amp;quot;:&amp;quot;testinggrading&amp;quot;,&amp;quot;programStatus&amp;quot;:&amp;quot;Active&amp;quot;,&amp;quot;creationTime&amp;quot;:&amp;quot;2024-09-17T14:43:58.317+00:00&amp;quot;,&amp;quot;lastModTime&amp;quot;:&amp;quot;2024-09-17T14:43:58.317+00:00&amp;quot;},{&amp;quot;programId&amp;quot;:16239,&amp;quot;programName&amp;quot;:&amp;quot;LearnNewTech&amp;quot;,&amp;quot;programDescription&amp;quot;:&amp;quot;New technology&amp;quot;,&amp;quot;programStatus&amp;quot;:&amp;quot;Active&amp;quot;,&amp;quot;creationTime&amp;quot;:&amp;quot;2024-09-17T15:27:19.018+00:00&amp;quot;,&amp;quot;lastModTime&amp;quot;:&amp;quot;2024-09-17T15:27:19.018+00:00&amp;quot;},{&amp;quot;programId&amp;quot;:16240,&amp;quot;programName&amp;quot;:&amp;quot;WhyThisProgram&amp;quot;,&amp;quot;programDescription&amp;quot;:&amp;quot;Checking123&amp;quot;,&amp;quot;programStatus&amp;quot;:&amp;quot;Active&amp;quot;,&amp;quot;creationTime&amp;quot;:&amp;quot;2024-09-17T16:12:27.229+00:00&amp;quot;,&amp;quot;lastModTime&amp;quot;:&amp;quot;2024-09-17T16:12:27.229+00:00&amp;quot;},{&amp;quot;programId&amp;quot;:16223,&amp;quot;programName&amp;quot;:&amp;quot;DAA&amp;quot;,&amp;quot;programDescription&amp;quot;:&amp;quot;Basic&amp;quot;,&amp;quot;programStatus&amp;quot;:&amp;quot;Inactive&amp;quot;,&amp;quot;creationTime&amp;quot;:&amp;quot;2024-01-12T01:43:03.160+00:00&amp;quot;,&amp;quot;lastModTime&amp;quot;:&amp;quot;2024-10-03T18:09:07.252+00:00&amp;quot;},{&amp;quot;programId&amp;quot;:16210,&amp;quot;programName&amp;quot;:&amp;quot;SMPO&amp;quot;,&amp;quot;programDescription&amp;quot;:&amp;quot;Scrum Master Product Owner&amp;quot;,&amp;quot;programStatus&amp;quot;:&amp;quot;Inactive&amp;quot;,&amp;quot;creationTime&amp;quot;:&amp;quot;2023-11-03T16:39:17.715+00:00&amp;quot;,&amp;quot;lastModTime&amp;quot;:&amp;quot;2024-10-03T18:11:16.942+00:00&amp;quot;},{&amp;quot;programId&amp;quot;:16242,&amp;quot;programName&amp;quot;:&amp;quot;TownandCountry&amp;quot;,&amp;quot;programDescription&amp;quot;:&amp;quot;Country&amp;quot;,&amp;quot;programStatus&amp;quot;:&amp;quot;Active&amp;quot;,&amp;quot;creationTime&amp;quot;:&amp;quot;2024-11-19T16:51:53.399+00:00&amp;quot;,&amp;quot;lastModTime&amp;quot;:&amp;quot;2024-11-19T16:51:53.399+00:00&amp;quot;},{&amp;quot;programId&amp;quot;:16208,&amp;quot;programName&amp;quot;:&amp;quot;Updated&amp;quot;,&amp;quot;programDescription&amp;quot;:&amp;quot;TestUpdated&amp;quot;,&amp;quot;programStatus&amp;quot;:&amp;quot;Active&amp;quot;,&amp;quot;creationTime&amp;quot;:&amp;quot;2023-11-03T16:37:52.985+00:00&amp;quot;,&amp;quot;lastModTime&amp;quot;:&amp;quot;2024-11-24T22:54:27.347+00:00&amp;quot;},{&amp;quot;programId&amp;quot;:16241,&amp;quot;programName&amp;quot;:&amp;quot;SDET&amp;quot;,&amp;quot;programDescription&amp;quot;:&amp;quot;TestProgram&amp;quot;,&amp;quot;programStatus&amp;quot;:&amp;quot;Inactive&amp;quot;,&amp;quot;creationTime&amp;quot;:&amp;quot;2024-11-19T16:18:16.362+00:00&amp;quot;,&amp;quot;lastModTime&amp;quot;:&amp;quot;2024-11-19T16:59:26.573+00:00&amp;quot;},{&amp;quot;programId&amp;quot;:16244,&amp;quot;programName&amp;quot;:&amp;quot;Program-a&amp;quot;,&amp;quot;programDescription&amp;quot;:&amp;quot;Program Desc&amp;quot;,&amp;quot;programStatus&amp;quot;:&amp;quot;Active&amp;quot;,&amp;quot;creationTime&amp;quot;:&amp;quot;2024-11-20T04:23:15.001+00:00&amp;quot;,&amp;quot;lastModTime&amp;quot;:&amp;quot;2024-11-20T04:42:14.537+00:00&amp;quot;},{&amp;quot;programId&amp;quot;:16253,&amp;quot;programName&amp;quot;:&amp;quot;TeamProg&amp;quot;,&amp;quot;programDescription&amp;quot;:&amp;quot;Team3Prog1&amp;quot;,&amp;quot;programStatus&amp;quot;:&amp;quot;Inactive&amp;quot;,&amp;quot;creationTime&amp;quot;:&amp;quot;2024-11-20T11:58:25.886+00:00&amp;quot;,&amp;quot;lastModTime&amp;quot;:&amp;quot;2024-11-20T11:58:54.197+00:00&amp;quot;},{&amp;quot;programId&amp;quot;:16245,&amp;quot;programName&amp;quot;:&amp;quot;AWS&amp;quot;,&amp;quot;programDescription&amp;quot;:&amp;quot;Cloud&amp;quot;,&amp;quot;programStatus&amp;quot;:&amp;quot;Inactive&amp;quot;,&amp;quot;creationTime&amp;quot;:&amp;quot;2024-11-20T05:21:05.265+00:00&amp;quot;,&amp;quot;lastModTime&amp;quot;:&amp;quot;2024-11-20T14:00:03.422+00:00&amp;quot;},{&amp;quot;programId&amp;quot;:16246,&amp;quot;programName&amp;quot;:&amp;quot;Python&amp;quot;,&amp;quot;programDescription&amp;quot;:&amp;quot;Python Learning&amp;quot;,&amp;quot;programStatus&amp;quot;:&amp;quot;Inactive&amp;quot;,&amp;quot;creationTime&amp;quot;:&amp;quot;2024-11-20T05:23:17.120+00:00&amp;quot;,&amp;quot;lastModTime&amp;quot;:&amp;quot;2024-11-20T14:00:16.570+00:00&amp;quot;},{&amp;quot;programId&amp;quot;:16247,&amp;quot;programName&amp;quot;:&amp;quot;pythonabcdefgshiooooooooooooooolllllllll&amp;quot;,&amp;quot;programDescription&amp;quot;:&amp;quot;Python Learning&amp;quot;,&amp;quot;programStatus&amp;quot;:&amp;quot;Inactive&amp;quot;,&amp;quot;creationTime&amp;quot;:&amp;quot;2024-11-20T06:47:41.032+00:00&amp;quot;,&amp;quot;lastModTime&amp;quot;:&amp;quot;2024-11-20T14:00:40.289+00:00&amp;quot;},{&amp;quot;programId&amp;quot;:16252,&amp;quot;programName&amp;quot;:&amp;quot;PythonLearning&amp;quot;,&amp;quot;programDescription&amp;quot;:null,&amp;quot;programStatus&amp;quot;:&amp;quot;Inactive&amp;quot;,&amp;quot;creationTime&amp;quot;:&amp;quot;2024-11-20T06:58:30.234+00:00&amp;quot;,&amp;quot;lastModTime&amp;quot;:&amp;quot;2024-11-20T14:01:13.483+00:00&amp;quot;},{&amp;quot;programId&amp;quot;:16368,&amp;quot;programName&amp;quot;:&amp;quot;ApiNinjas-XSGN&amp;quot;,&amp;quot;programDescription&amp;quot;:&amp;quot;Python Learning&amp;quot;,&amp;quot;programStatus&amp;quot;:&amp;quot;Inactive&amp;quot;,&amp;quot;creationTime&amp;quot;:&amp;quot;2024-11-23T20:12:14.007+00:00&amp;quot;,&amp;quot;lastModTime&amp;quot;:&amp;quot;2024-11-24T15:39:55.066+00:00&amp;quot;},{&amp;quot;programId&amp;quot;:16256,&amp;quot;programName&amp;quot;:&amp;quot;ApiNinjasTeam&amp;quot;,&amp;quot;programDescription&amp;quot;:&amp;quot;AWS Learning&amp;quot;,&amp;quot;programStatus&amp;quot;:&amp;quot;Inactive&amp;quot;,&amp;quot;creationTime&amp;quot;:&amp;quot;2024-11-20T14:09:50.135+00:00&amp;quot;,&amp;quot;lastModTime&amp;quot;:&amp;quot;2024-11-20T14:09:50.135+00:00&amp;quot;},{&amp;quot;programId&amp;quot;:16257,&amp;quot;programName&amp;quot;:&amp;quot;JavaProgramMathu&amp;quot;,&amp;quot;programDescription&amp;quot;:&amp;quot;Java Program Description&amp;quot;,&amp;quot;programStatus&amp;quot;:&amp;quot;Inactive&amp;quot;,&amp;quot;creationTime&amp;quot;:&amp;quot;2024-11-20T16:17:05.289+00:00&amp;quot;,&amp;quot;lastModTime&amp;quot;:&amp;quot;2024-11-20T16:18:16.413+00:00&amp;quot;},{&amp;quot;programId&amp;quot;:16258,&amp;quot;programName&amp;quot;:&amp;quot;JavaProgramMathum&amp;quot;,&amp;quot;programDescription&amp;quot;:&amp;quot;Java Program Description&amp;quot;,&amp;quot;programStatus&amp;quot;:&amp;quot;Active&amp;quot;,&amp;quot;creationTime&amp;quot;:&amp;quot;2024-11-20T16:25:21.166+00:00&amp;quot;,&amp;quot;lastModTime&amp;quot;:&amp;quot;2024-11-20T16:25:21.166+00:00&amp;quot;},{&amp;quot;programId&amp;quot;:16259,&amp;quot;programName&amp;quot;:&amp;quot;JavaProgramMathuma&amp;quot;,&amp;quot;programDescription&amp;quot;:&amp;quot;Java Program Description&amp;quot;,&amp;quot;programStatus&amp;quot;:&amp;quot;Inactive&amp;quot;,&amp;quot;creationTime&amp;quot;:&amp;quot;2024-11-20T16:29:50.613+00:00&amp;quot;,&amp;quot;lastModTime&amp;quot;:&amp;quot;2024-11-20T16:30:01.739+00:00&amp;quot;},{&amp;quot;programId&amp;quot;:16260,&amp;quot;programName&amp;quot;:&amp;quot;JavaProgramathuma&amp;quot;,&amp;quot;programDescription&amp;quot;:&amp;quot;Java Program Description&amp;quot;,&amp;quot;programStatus&amp;quot;:&amp;quot;Active&amp;quot;,&amp;quot;creationTime&amp;quot;:&amp;quot;2024-11-20T16:31:04.421+00:00&amp;quot;,&amp;quot;lastModTime&amp;quot;:&amp;quot;2024-11-20T16:31:04.421+00:00&amp;quot;},{&amp;quot;programId&amp;quot;:16285,&amp;quot;programName&amp;quot;:&amp;quot;ApiNinjas-BC&amp;quot;,&amp;quot;programDescription&amp;quot;:&amp;quot;Python Learning&amp;quot;,&amp;quot;programStatus&amp;quot;:&amp;quot;Inactive&amp;quot;,&amp;quot;creationTime&amp;quot;:&amp;quot;2024-11-22T04:02:49.901+00:00&amp;quot;,&amp;quot;lastModTime&amp;quot;:&amp;quot;2024-11-22T04:11:08.510+00:00&amp;quot;},{&amp;quot;programId&amp;quot;:16261,&amp;quot;programName&amp;quot;:&amp;quot;DanceFifteen&amp;quot;,&amp;quot;programDescription&amp;quot;:&amp;quot;SpringDanceClass&amp;quot;,&amp;quot;programStatus&amp;quot;:&amp;quot;Inactive&amp;quot;,&amp;quot;creationTime&amp;quot;:&amp;quot;2024-11-20T18:00:34.977+00:00&amp;quot;,&amp;quot;lastModTime&amp;quot;:&amp;quot;2024-11-20T18:00:42.475+00:00&amp;quot;},{&amp;quot;programId&amp;quot;:16262,&amp;quot;programName&amp;quot;:&amp;quot;TestingBUG&amp;quot;,&amp;quot;programDescription&amp;quot;:null,&amp;quot;programStatus&amp;quot;:&amp;quot;Active&amp;quot;,&amp;quot;creationTime&amp;quot;:&amp;quot;2024-11-21T01:25:44.830+00:00&amp;quot;,&amp;quot;lastModTime&amp;quot;:&amp;quot;2024-11-21T01:25:44.830+00:00&amp;quot;},{&amp;quot;programId&amp;quot;:16263,&amp;quot;programName&amp;quot;:&amp;quot;Program-b&amp;quot;,&amp;quot;programDescription&amp;quot;:null,&amp;quot;programStatus&amp;quot;:&amp;quot;Active&amp;quot;,&amp;quot;creationTime&amp;quot;:&amp;quot;2024-11-21T01:42:20.615+00:00&amp;quot;,&amp;quot;lastModTime&amp;quot;:&amp;quot;2024-11-21T01:42:20.615+00:00&amp;quot;},{&amp;quot;programId&amp;quot;:16264,&amp;quot;programName&amp;quot;:&amp;quot;Program-c&amp;quot;,&amp;quot;programDescription&amp;quot;:&amp;quot;Program Description&amp;quot;,&amp;quot;programStatus&amp;quot;:&amp;quot;Inactive&amp;quot;,&amp;quot;creationTime&amp;quot;:&amp;quot;2024-11-21T03:47:52.144+00:00&amp;quot;,&amp;quot;lastModTime&amp;quot;:&amp;quot;2024-11-21T03:51:24.195+00:00&amp;quot;},{&amp;quot;programId&amp;quot;:16265,&amp;quot;programName&amp;quot;:&amp;quot;Program-y&amp;quot;,&amp;quot;programDescription&amp;quot;:&amp;quot;Program Desc abc&amp;quot;,&amp;quot;programStatus&amp;quot;:&amp;quot;Inactive&amp;quot;,&amp;quot;creationTime&amp;quot;:&amp;quot;2024-11-21T04:13:03.816+00:00&amp;quot;,&amp;quot;lastModTime&amp;quot;:&amp;quot;2024-11-21T04:14:01.363+00:00&amp;quot;},{&amp;quot;programId&amp;quot;:16266,&amp;quot;programName&amp;quot;:&amp;quot;Data&amp;quot;,&amp;quot;programDescription&amp;quot;:&amp;quot;Data Analytics&amp;quot;,&amp;quot;programStatus&amp;quot;:&amp;quot;Inactive&amp;quot;,&amp;quot;creationTime&amp;quot;:&amp;quot;2024-11-21T04:49:03.278+00:00&amp;quot;,&amp;quot;lastModTime&amp;quot;:&amp;quot;2024-11-21T04:50:08.639+00:00&amp;quot;},{&amp;quot;programId&amp;quot;:16267,&amp;quot;programName&amp;quot;:&amp;quot;Teaching&amp;quot;,&amp;quot;programDescription&amp;quot;:&amp;quot;Data Analytics&amp;quot;,&amp;quot;programStatus&amp;quot;:&amp;quot;Inactive&amp;quot;,&amp;quot;creationTime&amp;quot;:&amp;quot;2024-11-21T04:49:03.614+00:00&amp;quot;,&amp;quot;lastModTime&amp;quot;:&amp;quot;2024-11-21T04:50:21.485+00:00&amp;quot;},{&amp;quot;programId&amp;quot;:16268,&amp;quot;programName&amp;quot;:&amp;quot;DataA&amp;quot;,&amp;quot;programDescription&amp;quot;:&amp;quot;DataScience&amp;quot;,&amp;quot;programStatus&amp;quot;:&amp;quot;Inactive&amp;quot;,&amp;quot;creationTime&amp;quot;:&amp;quot;2024-11-21T05:08:00.142+00:00&amp;quot;,&amp;quot;lastModTime&amp;quot;:&amp;quot;2024-11-21T05:56:36.286+00:00&amp;quot;},{&amp;quot;programId&amp;quot;:16269,&amp;quot;programName&amp;quot;:&amp;quot;TeachingZ&amp;quot;,&amp;quot;programDescription&amp;quot;:&amp;quot;DataScience&amp;quot;,&amp;quot;programStatus&amp;quot;:&amp;quot;Inactive&amp;quot;,&amp;quot;creationTime&amp;quot;:&amp;quot;2024-11-21T05:08:00.491+00:00&amp;quot;,&amp;quot;lastModTime&amp;quot;:&amp;quot;2024-11-21T05:56:50.340+00:00&amp;quot;},{&amp;quot;programId&amp;quot;:16272,&amp;quot;programName&amp;quot;:&amp;quot;JavaProgramathumat&amp;quot;,&amp;quot;programDescription&amp;quot;:&amp;quot;Java Program Description&amp;quot;,&amp;quot;programStatus&amp;quot;:&amp;quot;Active&amp;quot;,&amp;quot;creationTime&amp;quot;:&amp;quot;2024-11-21T13:55:28.108+00:00&amp;quot;,&amp;quot;lastModTime&amp;quot;:&amp;quot;2024-11-21T13:55:28.108+00:00&amp;quot;},{&amp;quot;programId&amp;quot;:16273,&amp;quot;programName&amp;quot;:&amp;quot;ApiNinjastest&amp;quot;,&amp;quot;programDescription&amp;quot;:&amp;quot;AWS Learning001&amp;quot;,&amp;quot;programStatus&amp;quot;:&amp;quot;Inactive&amp;quot;,&amp;quot;creationTime&amp;quot;:&amp;quot;2024-11-21T15:46:01.610+00:00&amp;quot;,&amp;quot;lastModTime&amp;quot;:&amp;quot;2024-11-21T15:46:01.610+00:00&amp;quot;},{&amp;quot;programId&amp;quot;:16274,&amp;quot;programName&amp;quot;:&amp;quot;ApiNinjastest-&amp;quot;,&amp;quot;programDescription&amp;quot;:&amp;quot;AWS Learning001&amp;quot;,&amp;quot;programStatus&amp;quot;:&amp;quot;Inactive&amp;quot;,&amp;quot;creationTime&amp;quot;:&amp;quot;2024-11-21T15:46:43.873+00:00&amp;quot;,&amp;quot;lastModTime&amp;quot;:&amp;quot;2024-11-21T15:46:43.873+00:00&amp;quot;},{&amp;quot;programId&amp;quot;:16254,&amp;quot;programName&amp;quot;:&amp;quot;ApiNinjas&amp;quot;,&amp;quot;programDescription&amp;quot;:&amp;quot;Java Programming001&amp;quot;,&amp;quot;programStatus&amp;quot;:&amp;quot;Active&amp;quot;,&amp;quot;creationTime&amp;quot;:&amp;quot;2024-11-20T14:05:06.486+00:00&amp;quot;,&amp;quot;lastModTime&amp;quot;:&amp;quot;2024-11-25T00:30:43.971+00:00&amp;quot;},{&amp;quot;programId&amp;quot;:16275,&amp;quot;programName&amp;quot;:&amp;quot;Team-two-three-four-five-six-seven&amp;quot;,&amp;quot;programDescription&amp;quot;:&amp;quot;&amp;quot;,&amp;quot;programStatus&amp;quot;:&amp;quot;Inactive&amp;quot;,&amp;quot;creationTime&amp;quot;:&amp;quot;2024-11-21T19:53:00.230+00:00&amp;quot;,&amp;quot;lastModTime&amp;quot;:&amp;quot;2024-11-21T19:53:16.433+00:00&amp;quot;},{&amp;quot;programId&amp;quot;:16277,&amp;quot;programName&amp;quot;:&amp;quot;JavaProgramAnumat&amp;quot;,&amp;quot;programDescription&amp;quot;:&amp;quot;Java Program Description&amp;quot;,&amp;quot;programStatus&amp;quot;:&amp;quot;Active&amp;quot;,&amp;quot;creationTime&amp;quot;:&amp;quot;2024-11-22T00:23:29.950+00:00&amp;quot;,&amp;quot;lastModTime&amp;quot;:&amp;quot;2024-11-22T00:23:29.950+00:00&amp;quot;},{&amp;quot;programId&amp;quot;:16279,&amp;quot;programName&amp;quot;:&amp;quot;TeamChangeMakers-APIPhaseTwo-aaaaf&amp;quot;,&amp;quot;programDescription&amp;quot;:&amp;quot;RestfulAPI_Java_Cucumber_BDD&amp;quot;,&amp;quot;programStatus&amp;quot;:&amp;quot;Inactive&amp;quot;,&amp;quot;creationTime&amp;quot;:&amp;quot;2024-11-22T01:08:10.178+00:00&amp;quot;,&amp;quot;lastModTime&amp;quot;:&amp;quot;2024-11-22T01:11:13.020+00:00&amp;quot;},{&amp;quot;programId&amp;quot;:16278,&amp;quot;programName&amp;quot;:&amp;quot;TeamChangeMakers-APIPhaseTwo-aaaae&amp;quot;,&amp;quot;programDescription&amp;quot;:&amp;quot;RestfulAPI_Java_Cucumber_BDD&amp;quot;,&amp;quot;programStatus&amp;quot;:&amp;quot;Inactive&amp;quot;,&amp;quot;creationTime&amp;quot;:&amp;quot;2024-11-22T00:56:50.434+00:00&amp;quot;,&amp;quot;lastModTime&amp;quot;:&amp;quot;2024-11-22T01:11:44.355+00:00&amp;quot;},{&amp;quot;programId&amp;quot;:16243,&amp;quot;programName&amp;quot;:&amp;quot;Canada&amp;quot;,&amp;quot;programDescription&amp;quot;:&amp;quot;Country&amp;quot;,&amp;quot;programStatus&amp;quot;:&amp;quot;Inactive&amp;quot;,&amp;quot;creationTime&amp;quot;:&amp;quot;2024-11-19T16:52:36.891+00:00&amp;quot;,&amp;quot;lastModTime&amp;quot;:&amp;quot;2024-11-22T02:02:04.928+00:00&amp;quot;},{&amp;quot;programId&amp;quot;:16280,&amp;quot;programName&amp;quot;:&amp;quot;TeamChangeMakers-APIPhaseTwo-aaaag&amp;quot;,&amp;quot;programDescription&amp;quot;:&amp;quot;RestfulAPI_Java_Cucumber_BDD&amp;quot;,&amp;quot;programStatus&amp;quot;:&amp;quot;Inactive&amp;quot;,&amp;quot;creationTime&amp;quot;:&amp;quot;2024-11-22T02:55:56.342+00:00&amp;quot;,&amp;quot;lastModTime&amp;quot;:&amp;quot;2024-11-22T02:58:50.465+00:00&amp;quot;},{&amp;quot;programId&amp;quot;:16281,&amp;quot;programName&amp;quot;:&amp;quot;TeamChangeMakers-APIPhaseTwo-aaaah&amp;quot;,&amp;quot;programDescription&amp;quot;:&amp;quot;RestfulAPI_Java_Cucumber_BDD&amp;quot;,&amp;quot;programStatus&amp;quot;:&amp;quot;Inactive&amp;quot;,&amp;quot;creationTime&amp;quot;:&amp;quot;2024-11-22T02:59:24.889+00:00&amp;quot;,&amp;quot;lastModTime&amp;quot;:&amp;quot;2024-11-22T02:59:25.988+00:00&amp;quot;},{&amp;quot;programId&amp;quot;:16276,&amp;quot;programName&amp;quot;:&amp;quot;Teamthree-four-five-six-seven&amp;quot;,&amp;quot;programDescription&amp;quot;:&amp;quot;&amp;quot;,&amp;quot;programStatus&amp;quot;:&amp;quot;Inactive&amp;quot;,&amp;quot;creationTime&amp;quot;:&amp;quot;2024-11-21T22:46:22.733+00:00&amp;quot;,&amp;quot;lastModTime&amp;quot;:&amp;quot;2024-11-22T03:21:25.235+00:00&amp;quot;},{&amp;quot;programId&amp;quot;:16282,&amp;quot;programName&amp;quot;:&amp;quot;star&amp;quot;,&amp;quot;programDescription&amp;quot;:&amp;quot;                         &amp;quot;,&amp;quot;programStatus&amp;quot;:&amp;quot;Active&amp;quot;,&amp;quot;creationTime&amp;quot;:&amp;quot;2024-11-22T03:43:56.122+00:00&amp;quot;,&amp;quot;lastModTime&amp;quot;:&amp;quot;2024-11-22T03:43:56.122+00:00&amp;quot;},{&amp;quot;programId&amp;quot;:16255,&amp;quot;programName&amp;quot;:&amp;quot;ApiNinjasProg&amp;quot;,&amp;quot;programDescription&amp;quot;:&amp;quot;PythonLearning&amp;quot;,&amp;quot;programStatus&amp;quot;:&amp;quot;Inactive&amp;quot;,&amp;quot;creationTime&amp;quot;:&amp;quot;2024-11-20T14:08:46.194+00:00&amp;quot;,&amp;quot;lastModTime&amp;quot;:&amp;quot;2024-11-22T03:44:52.642+00:00&amp;quot;},{&amp;quot;programId&amp;quot;:16283,&amp;quot;programName&amp;quot;:&amp;quot;MATHUJSON&amp;quot;,&amp;quot;programDescription&amp;quot;:&amp;quot;Mathu Json Desc&amp;quot;,&amp;quot;programStatus&amp;quot;:&amp;quot;Active&amp;quot;,&amp;quot;creationTime&amp;quot;:&amp;quot;2024-11-22T03:46:05.124+00:00&amp;quot;,&amp;quot;lastModTime&amp;quot;:&amp;quot;2024-11-22T03:46:05.124+00:00&amp;quot;},{&amp;quot;programId&amp;quot;:16284,&amp;quot;programName&amp;quot;:&amp;quot;ApiNinjas-A&amp;quot;,&amp;quot;programDescription&amp;quot;:&amp;quot;AWS Learning002&amp;quot;,&amp;quot;programStatus&amp;quot;:&amp;quot;Inactive&amp;quot;,&amp;quot;creationTime&amp;quot;:&amp;quot;2024-11-22T03:56:37.445+00:00&amp;quot;,&amp;quot;lastModTime&amp;quot;:&amp;quot;2024-11-22T03:56:51.780+00:00&amp;quot;},{&amp;quot;programId&amp;quot;:16291,&amp;quot;programName&amp;quot;:&amp;quot;-------&amp;quot;,&amp;quot;programDescription&amp;quot;:&amp;quot;Ab0&amp;quot;,&amp;quot;programStatus&amp;quot;:&amp;quot;Inactive&amp;quot;,&amp;quot;creationTime&amp;quot;:&amp;quot;2024-11-22T05:24:42.834+00:00&amp;quot;,&amp;quot;lastModTime&amp;quot;:&amp;quot;2024-11-22T05:42:26.315+00:00&amp;quot;},{&amp;quot;programId&amp;quot;:16292,&amp;quot;programName&amp;quot;:&amp;quot;prgName&amp;quot;,&amp;quot;programDescription&amp;quot;:&amp;quot;Ab0467&amp;quot;,&amp;quot;programStatus&amp;quot;:&amp;quot;Inactive&amp;quot;,&amp;quot;creationTime&amp;quot;:&amp;quot;2024-11-22T05:32:25.326+00:00&amp;quot;,&amp;quot;lastModTime&amp;quot;:&amp;quot;2024-11-22T05:42:47.035+00:00&amp;quot;},{&amp;quot;programId&amp;quot;:16293,&amp;quot;programName&amp;quot;:&amp;quot;prgNamesample&amp;quot;,&amp;quot;programDescription&amp;quot;:null,&amp;quot;programStatus&amp;quot;:&amp;quot;Inactive&amp;quot;,&amp;quot;creationTime&amp;quot;:&amp;quot;2024-11-22T05:33:13.918+00:00&amp;quot;,&amp;quot;lastModTime&amp;quot;:&amp;quot;2024-11-22T05:43:02.998+00:00&amp;quot;},{&amp;quot;programId&amp;quot;:16294,&amp;quot;programName&amp;quot;:&amp;quot;prgNamesampleone&amp;quot;,&amp;quot;programDescription&amp;quot;:null,&amp;quot;programStatus&amp;quot;:&amp;quot;Inactive&amp;quot;,&amp;quot;creationTime&amp;quot;:&amp;quot;2024-11-22T05:33:52.462+00:00&amp;quot;,&amp;quot;lastModTime&amp;quot;:&amp;quot;2024-11-22T05:43:12.645+00:00&amp;quot;},{&amp;quot;programId&amp;quot;:16295,&amp;quot;programName&amp;quot;:&amp;quot;prgNamesampletwo&amp;quot;,&amp;quot;programDescription&amp;quot;:null,&amp;quot;programStatus&amp;quot;:&amp;quot;Inactive&amp;quot;,&amp;quot;creationTime&amp;quot;:&amp;quot;2024-11-22T05:35:10.341+00:00&amp;quot;,&amp;quot;lastModTime&amp;quot;:&amp;quot;2024-11-22T05:43:26.665+00:00&amp;quot;},{&amp;quot;programId&amp;quot;:16296,&amp;quot;programName&amp;quot;:&amp;quot;prgNamesamplethree&amp;quot;,&amp;quot;programDescription&amp;quot;:null,&amp;quot;programStatus&amp;quot;:&amp;quot;Inactive&amp;quot;,&amp;quot;creationTime&amp;quot;:&amp;quot;2024-11-22T05:35:46.477+00:00&amp;quot;,&amp;quot;lastModTime&amp;quot;:&amp;quot;2024-11-22T05:43:30.795+00:00&amp;quot;},{&amp;quot;programId&amp;quot;:16297,&amp;quot;programName&amp;quot;:&amp;quot;prgNamesamplethreefour&amp;quot;,&amp;quot;programDescription&amp;quot;:null,&amp;quot;programStatus&amp;quot;:&amp;quot;Inactive&amp;quot;,&amp;quot;creationTime&amp;quot;:&amp;quot;2024-11-22T05:36:20.886+00:00&amp;quot;,&amp;quot;lastModTime&amp;quot;:&amp;quot;2024-11-22T05:43:48.468+00:00&amp;quot;},{&amp;quot;programId&amp;quot;:16298,&amp;quot;programName&amp;quot;:&amp;quot;prgNamesamplethreefourfive&amp;quot;,&amp;quot;programDescription&amp;quot;:null,&amp;quot;programStatus&amp;quot;:&amp;quot;Inactive&amp;quot;,&amp;quot;creationTime&amp;quot;:&amp;quot;2024-11-22T05:37:03.662+00:00&amp;quot;,&amp;quot;lastModTime&amp;quot;:&amp;quot;2024-11-22T05:43:52.164+00:00&amp;quot;},{&amp;quot;programId&amp;quot;:16287,&amp;quot;programName&amp;quot;:&amp;quot;ApiNinjas-TIKC&amp;quot;,&amp;quot;programDescription&amp;quot;:&amp;quot;Python Learning&amp;quot;,&amp;quot;programStatus&amp;quot;:&amp;quot;Inactive&amp;quot;,&amp;quot;creationTime&amp;quot;:&amp;quot;2024-11-22T04:58:41.885+00:00&amp;quot;,&amp;quot;lastModTime&amp;quot;:&amp;quot;2024-11-22T08:08:09.295+00:00&amp;quot;},{&amp;quot;programId&amp;quot;:16288,&amp;quot;programName&amp;quot;:&amp;quot;ApiNinjas-KRCR&amp;quot;,&amp;quot;programDescription&amp;quot;:&amp;quot;Python Learning&amp;quot;,&amp;quot;programStatus&amp;quot;:&amp;quot;Inactive&amp;quot;,&amp;quot;creationTime&amp;quot;:&amp;quot;2024-11-22T05:00:04.338+00:00&amp;quot;,&amp;quot;lastModTime&amp;quot;:&amp;quot;2024-11-22T08:08:28.441+00:00&amp;quot;},{&amp;quot;programId&amp;quot;:16286,&amp;quot;programName&amp;quot;:&amp;quot;ApiNinjas-BCD&amp;quot;,&amp;quot;programDescription&amp;quot;:&amp;quot;Python Learning&amp;quot;,&amp;quot;programStatus&amp;quot;:&amp;quot;Inactive&amp;quot;,&amp;quot;creationTime&amp;quot;:&amp;quot;2024-11-22T04:13:03.771+00:00&amp;quot;,&amp;quot;lastModTime&amp;quot;:&amp;quot;2024-11-22T08:09:02.255+00:00&amp;quot;},{&amp;quot;programId&amp;quot;:16367,&amp;quot;programName&amp;quot;:&amp;quot;ApiNinjas-NEFC&amp;quot;,&amp;quot;programDescription&amp;quot;:&amp;quot;Python Learning&amp;quot;,&amp;quot;programStatus&amp;quot;:&amp;quot;Active&amp;quot;,&amp;quot;creationTime&amp;quot;:&amp;quot;2024-11-23T20:12:13.561+00:00&amp;quot;,&amp;quot;lastModTime&amp;quot;:&amp;quot;2024-11-23T20:12:13.561+00:00&amp;quot;},{&amp;quot;programId&amp;quot;:16369,&amp;quot;programName&amp;quot;:&amp;quot;ApiNinjas-WQZR&amp;quot;,&amp;quot;programDescription&amp;quot;:&amp;quot;Python Learning&amp;quot;,&amp;quot;programStatus&amp;quot;:&amp;quot;Inactive&amp;quot;,&amp;quot;creationTime&amp;quot;:&amp;quot;2024-11-23T20:14:01.160+00:00&amp;quot;,&amp;quot;lastModTime&amp;quot;:&amp;quot;2024-11-23T20:14:03.288+00:00&amp;quot;},{&amp;quot;programId&amp;quot;:16370,&amp;quot;programName&amp;quot;:&amp;quot;ApiNinjas-UIPT&amp;quot;,&amp;quot;programDescription&amp;quot;:&amp;quot;Python Learning&amp;quot;,&amp;quot;programStatus&amp;quot;:&amp;quot;Inactive&amp;quot;,&amp;quot;creationTime&amp;quot;:&amp;quot;2024-11-23T20:14:01.502+00:00&amp;quot;,&amp;quot;lastModTime&amp;quot;:&amp;quot;2024-11-23T20:14:03.403+00:00&amp;quot;},{&amp;quot;programId&amp;quot;:16371,&amp;quot;programName&amp;quot;:&amp;quot;QA&amp;quot;,&amp;quot;programDescription&amp;quot;:&amp;quot;TestQ&amp;quot;,&amp;quot;programStatus&amp;quot;:&amp;quot;Active&amp;quot;,&amp;quot;creationTime&amp;quot;:&amp;quot;2024-11-23T20:43:34.891+00:00&amp;quot;,&amp;quot;lastModTime&amp;quot;:&amp;quot;2024-11-23T20:43:34.891+00:00&amp;quot;},{&amp;quot;programId&amp;quot;:16372,&amp;quot;programName&amp;quot;:&amp;quot;PhaseTWOAPIRestAssuredNovemberThree&amp;quot;,&amp;quot;programDescription&amp;quot;:&amp;quot;RestfulAPI_Java_BDD_Nov3&amp;quot;,&amp;quot;programStatus&amp;quot;:&amp;quot;Active&amp;quot;,&amp;quot;creationTime&amp;quot;:&amp;quot;2024-11-23T20:44:41.656+00:00&amp;quot;,&amp;quot;lastModTime&amp;quot;:&amp;quot;2024-11-23T20:44:41.656+00:00&amp;quot;},{&amp;quot;programId&amp;quot;:16373,&amp;quot;programName&amp;quot;:&amp;quot;QAAvg&amp;quot;,&amp;quot;programDescription&amp;quot;:&amp;quot;TestQQ&amp;quot;,&amp;quot;programStatus&amp;quot;:&amp;quot;Active&amp;quot;,&amp;quot;creationTime&amp;quot;:&amp;quot;2024-11-23T20:47:36.423+00:00&amp;quot;,&amp;quot;lastModTime&amp;quot;:&amp;quot;2024-11-23T20:47:36.423+00:00&amp;quot;},{&amp;quot;programId&amp;quot;:16374,&amp;quot;programName&amp;quot;:&amp;quot;Numpy&amp;quot;,&amp;quot;programDescription&amp;quot;:&amp;quot;&amp;quot;,&amp;quot;programStatus&amp;quot;:&amp;quot;Active&amp;quot;,&amp;quot;creationTime&amp;quot;:&amp;quot;2024-11-23T20:51:40.288+00:00&amp;quot;,&amp;quot;lastModTime&amp;quot;:&amp;quot;2024-11-23T20:51:40.288+00:00&amp;quot;},{&amp;quot;programId&amp;quot;:16375,&amp;quot;programName&amp;quot;:&amp;quot;John&amp;quot;,&amp;quot;programDescription&amp;quot;:&amp;quot;tester&amp;quot;,&amp;quot;programStatus&amp;quot;:&amp;quot;Active&amp;quot;,&amp;quot;creationTime&amp;quot;:&amp;quot;2024-11-23T20:56:40.115+00:00&amp;quot;,&amp;quot;lastModTime&amp;quot;:&amp;quot;2024-11-23T20:56:40.115+00:00&amp;quot;},{&amp;quot;programId&amp;quot;:16376,&amp;quot;programName&amp;quot;:&amp;quot;Jim&amp;quot;,&amp;quot;programDescription&amp;quot;:&amp;quot;&amp;quot;,&amp;quot;programStatus&amp;quot;:&amp;quot;Active&amp;quot;,&amp;quot;creationTime&amp;quot;:&amp;quot;2024-11-23T20:56:41.059+00:00&amp;quot;,&amp;quot;lastModTime&amp;quot;:&amp;quot;2024-11-23T20:56:41.059+00:00&amp;quot;},{&amp;quot;programId&amp;quot;:16378,&amp;quot;programName&amp;quot;:&amp;quot;Jame&amp;quot;,&amp;quot;programDescription&amp;quot;:&amp;quot;&amp;quot;,&amp;quot;programStatus&amp;quot;:&amp;quot;Active&amp;quot;,&amp;quot;creationTime&amp;quot;:&amp;quot;2024-11-23T21:07:18.183+00:00&amp;quot;,&amp;quot;lastModTime&amp;quot;:&amp;quot;2024-11-23T21:07:18.183+00:00&amp;quot;},{&amp;quot;programId&amp;quot;:16379,&amp;quot;programName&amp;quot;:&amp;quot;Cris&amp;quot;,&amp;quot;programDescription&amp;quot;:&amp;quot;tester&amp;quot;,&amp;quot;programStatus&amp;quot;:&amp;quot;Active&amp;quot;,&amp;quot;creationTime&amp;quot;:&amp;quot;2024-11-23T21:10:19.999+00:00&amp;quot;,&amp;quot;lastModTime&amp;quot;:&amp;quot;2024-11-23T21:10:19.999+00:00&amp;quot;},{&amp;quot;programId&amp;quot;:16377,&amp;quot;programName&amp;quot;:&amp;quot;APIAvg-a&amp;quot;,&amp;quot;programDescription&amp;quot;:&amp;quot;Program Desc&amp;quot;,&amp;quot;programStatus&amp;quot;:&amp;quot;Active&amp;quot;,&amp;quot;creationTime&amp;quot;:&amp;quot;2024-11-23T21:07:17.544+00:00&amp;quot;,&amp;quot;lastModTime&amp;quot;:&amp;quot;2024-11-23T21:30:36.533+00:00&amp;quot;},{&amp;quot;programId&amp;quot;:16289,&amp;quot;programName&amp;quot;:&amp;quot;AAAAAAAAAAAAAAAAAAAAAAAAAAAAAAAAAAAAAAAAAAAAAAAAAAAAAAAAAAAAAAAAAAAAAAAAAAAAAAAAAAAAAAAAAAAAAAAAAAAAAAAAAAAAAAAAAAAAAAAAAAAAAAAAAAAAAAAAAAAAAAAAAAAAAAAAAAAAAAAAAAAAAAAAAAAAAAAAAAAAAAAAAAAAAAAAAAAAAAAAAAAAAAAAAAAAAAAAAAAAAAAAA&amp;quot;,&amp;quot;programDescription&amp;quot;:&amp;quot;Ab0&amp;quot;,&amp;quot;programStatus&amp;quot;:&amp;quot;Inactive&amp;quot;,&amp;quot;creationTime&amp;quot;:&amp;quot;2024-11-22T05:20:50.707+00:00&amp;quot;,&amp;quot;lastModTime&amp;quot;:&amp;quot;2024-11-22T05:40:31.005+00:00&amp;quot;},{&amp;quot;programId&amp;quot;:16290,&amp;quot;programName&amp;quot;:&amp;quot;AAAAAAAAAAAAAAAAAAAAAAAAAAAAAAAAAAAAAAAAAAAAAAAAAAAAAAAAAAAAAAAAAAAAAAAAAAAAAAAAAAAAAAAAAAAAAAAAAAAAAAAAAAAAAAAAAAAAAAAAAAAAAAAAAAAAAAAAAAAAAAAAAAAAAAAAAAAAAAAAAAAAAAAAAAAAAAAAAAAAAAAAAAAAAAAAAAAAAAAAAAAAAAAAAAAAAAAAAAAAAAAAAAAAAAAAAAAAAAAAAAAAAAAAAAAAAAAAAAAAAAAAAAAAAAAAAAAAAAAAAAAAAAAAAAAAAAAAAAAAAAAAAAAAAAAAAAAAAAAAAAAAAAAAAAAAAAAAAAAAAAAAAAAAAAAAAAAAAAAAAAAAAAAAAAAAAAAAAAAAAAAAAAAAAAAAAAAAAAAAAAAAAAAAAAAAAAAAAAAAAAAAAAAAAAAAAAAAAAAAAAAAAAAAAAAAAAAAAAAAAAAAAAAAAAAAAAAAAAAAAAAAAAAAAAAAAAAAAAAAAAAAAAAAAAAAAAAAAAAAAAAAAAAAAAAAAAAAAAAAAAAAAAAAAAAAAAAAAAAAAAAAAAAAAAAAAAAAAAAAAAAAAAAAAAAAAAAAAAAAAAAAAAAAAAAAAAAAAAAAAAAAAAAAAAAAAAAAAAAAAAAAAAAAAAAAAAAAAAAAAAAAAAAAAAAAAAAAAAAAAAAAAAAAAAAAAAAAAAAAAAAAAAAAAAAAAAAAAAAAAAAAAAAAAAAAAAAAAA&amp;quot;,&amp;quot;programDescription&amp;quot;:&amp;quot;Ab0&amp;quot;,&amp;quot;programStatus&amp;quot;:&amp;quot;Inactive&amp;quot;,&amp;quot;creationTime&amp;quot;:&amp;quot;2024-11-22T05:21:42.794+00:00&amp;quot;,&amp;quot;lastModTime&amp;quot;:&amp;quot;2024-11-22T05:40:48.876+00:00&amp;quot;},{&amp;quot;programId&amp;quot;:16299,&amp;quot;programName&amp;quot;:&amp;quot;DAgeresvr&amp;quot;,&amp;quot;programDescription&amp;quot;:&amp;quot;Analytics&amp;quot;,&amp;quot;programStatus&amp;quot;:&amp;quot;Active&amp;quot;,&amp;quot;creationTime&amp;quot;:&amp;quot;2024-11-22T05:53:35.695+00:00&amp;quot;,&amp;quot;lastModTime&amp;quot;:&amp;quot;2024-11-22T05:53:35.695+00:00&amp;quot;},{&amp;quot;programId&amp;quot;:16311,&amp;quot;programName&amp;quot;:&amp;quot;AvgAPI&amp;quot;,&amp;quot;programDescription&amp;quot;:&amp;quot;TestB&amp;quot;,&amp;quot;programStatus&amp;quot;:&amp;quot;Active&amp;quot;,&amp;quot;creationTime&amp;quot;:&amp;quot;2024-11-22T07:53:57.546+00:00&amp;quot;,&amp;quot;lastModTime&amp;quot;:&amp;quot;2024-11-22T07:53:57.546+00:00&amp;quot;},{&amp;quot;programId&amp;quot;:16312,&amp;quot;programName&amp;quot;:&amp;quot;ApiNinjas-IBIP&amp;quot;,&amp;quot;programDescription&amp;quot;:&amp;quot;Python Learning&amp;quot;,&amp;quot;programStatus&amp;quot;:&amp;quot;Active&amp;quot;,&amp;quot;creationTime&amp;quot;:&amp;quot;2024-11-22T08:05:13.908+00:00&amp;quot;,&amp;quot;lastModTime&amp;quot;:&amp;quot;2024-11-22T08:05:13.908+00:00&amp;quot;},{&amp;quot;programId&amp;quot;:16300,&amp;quot;programName&amp;quot;:&amp;quot;ApiNinjas-MFLA&amp;quot;,&amp;quot;programDescription&amp;quot;:&amp;quot;Python Learning&amp;quot;,&amp;quot;programStatus&amp;quot;:&amp;quot;Inactive&amp;quot;,&amp;quot;creationTime&amp;quot;:&amp;quot;2024-11-22T06:21:05.503+00:00&amp;quot;,&amp;quot;lastModTime&amp;quot;:&amp;quot;2024-11-22T08:11:10.705+00:00&amp;quot;},{&amp;quot;programId&amp;quot;:16301,&amp;quot;programName&amp;quot;:&amp;quot;ApiNinjas-JZOA&amp;quot;,&amp;quot;programDescription&amp;quot;:&amp;quot;Python Learning&amp;quot;,&amp;quot;programStatus&amp;quot;:&amp;quot;Inactive&amp;quot;,&amp;quot;creationTime&amp;quot;:&amp;quot;2024-11-22T06:22:39.939+00:00&amp;quot;,&amp;quot;lastModTime&amp;quot;:&amp;quot;2024-11-22T08:11:14.667+00:00&amp;quot;},{&amp;quot;programId&amp;quot;:16302,&amp;quot;programName&amp;quot;:&amp;quot;ApiNinjas-BYMM&amp;quot;,&amp;quot;programDescription&amp;quot;:&amp;quot;Python Learning&amp;quot;,&amp;quot;programStatus&amp;quot;:&amp;quot;Inactive&amp;quot;,&amp;quot;creationTime&amp;quot;:&amp;quot;2024-11-22T06:23:55.138+00:00&amp;quot;,&amp;quot;lastModTime&amp;quot;:&amp;quot;2024-11-22T08:11:46.766+00:00&amp;quot;},{&amp;quot;programId&amp;quot;:16303,&amp;quot;programName&amp;quot;:&amp;quot;ApiNinjas-QBXX&amp;quot;,&amp;quot;programDescription&amp;quot;:&amp;quot;Python Learning&amp;quot;,&amp;quot;programStatus&amp;quot;:&amp;quot;Inactive&amp;quot;,&amp;quot;creationTime&amp;quot;:&amp;quot;2024-11-22T06:26:19.153+00:00&amp;quot;,&amp;quot;lastModTime&amp;quot;:&amp;quot;2024-11-22T08:11:50.596+00:00&amp;quot;},{&amp;quot;programId&amp;quot;:16304,&amp;quot;programName&amp;quot;:&amp;quot;ApiNinjas-FNTI&amp;quot;,&amp;quot;programDescription&amp;quot;:&amp;quot;Python Learning&amp;quot;,&amp;quot;programStatus&amp;quot;:&amp;quot;Inactive&amp;quot;,&amp;quot;creationTime&amp;quot;:&amp;quot;2024-11-22T06:30:17.057+00:00&amp;quot;,&amp;quot;lastModTime&amp;quot;:&amp;quot;2024-11-22T08:11:53.825+00:00&amp;quot;},{&amp;quot;programId&amp;quot;:16305,&amp;quot;programName&amp;quot;:&amp;quot;ApiNinjas-HCOE&amp;quot;,&amp;quot;programDescription&amp;quot;:&amp;quot;Python Learning&amp;quot;,&amp;quot;programStatus&amp;quot;:&amp;quot;Inactive&amp;quot;,&amp;quot;creationTime&amp;quot;:&amp;quot;2024-11-22T06:56:02.147+00:00&amp;quot;,&amp;quot;lastModTime&amp;quot;:&amp;quot;2024-11-22T08:11:57.019+00:00&amp;quot;},{&amp;quot;programId&amp;quot;:16306,&amp;quot;programName&amp;quot;:&amp;quot;ApiNinjas-VEEJ&amp;quot;,&amp;quot;programDescription&amp;quot;:&amp;quot;Python Learning&amp;quot;,&amp;quot;programStatus&amp;quot;:&amp;quot;Inactive&amp;quot;,&amp;quot;creationTime&amp;quot;:&amp;quot;2024-11-22T07:00:13.765+00:00&amp;quot;,&amp;quot;lastModTime&amp;quot;:&amp;quot;2024-11-22T08:12:01.312+00:00&amp;quot;},{&amp;quot;programId&amp;quot;:16307,&amp;quot;programName&amp;quot;:&amp;quot;ApiNinjas-RIGK&amp;quot;,&amp;quot;programDescription&amp;quot;:&amp;quot;Python Learning&amp;quot;,&amp;quot;programStatus&amp;quot;:&amp;quot;Inactive&amp;quot;,&amp;quot;creationTime&amp;quot;:&amp;quot;2024-11-22T07:03:08.501+00:00&amp;quot;,&amp;quot;lastModTime&amp;quot;:&amp;quot;2024-11-22T08:12:06.271+00:00&amp;quot;},{&amp;quot;programId&amp;quot;:16308,&amp;quot;programName&amp;quot;:&amp;quot;APIAvg&amp;quot;,&amp;quot;programDescription&amp;quot;:&amp;quot;TestingA&amp;quot;,&amp;quot;programStatus&amp;quot;:&amp;quot;Inactive&amp;quot;,&amp;quot;creationTime&amp;quot;:&amp;quot;2024-11-22T07:12:17.738+00:00&amp;quot;,&amp;quot;lastModTime&amp;quot;:&amp;quot;2024-11-22T08:12:11.032+00:00&amp;quot;},{&amp;quot;programId&amp;quot;:16309,&amp;quot;programName&amp;quot;:&amp;quot;ApiNinjas-WLWC&amp;quot;,&amp;quot;programDescription&amp;quot;:&amp;quot;Python Learning&amp;quot;,&amp;quot;programStatus&amp;quot;:&amp;quot;Inactive&amp;quot;,&amp;quot;creationTime&amp;quot;:&amp;quot;2024-11-22T07:18:25.899+00:00&amp;quot;,&amp;quot;lastModTime&amp;quot;:&amp;quot;2024-11-22T08:12:15.514+00:00&amp;quot;},{&amp;quot;programId&amp;quot;:16310,&amp;quot;programName&amp;quot;:&amp;quot;ApiNinjas-HHCF&amp;quot;,&amp;quot;programDescription&amp;quot;:&amp;quot;Python Learning&amp;quot;,&amp;quot;programStatus&amp;quot;:&amp;quot;Inactive&amp;quot;,&amp;quot;creationTime&amp;quot;:&amp;quot;2024-11-22T07:40:38.382+00:00&amp;quot;,&amp;quot;lastModTime&amp;quot;:&amp;quot;2024-11-22T08:12:19.938+00:00&amp;quot;},{&amp;quot;programId&amp;quot;:16313,&amp;quot;programName&amp;quot;:&amp;quot;ApiNinjas-WJGJ&amp;quot;,&amp;quot;programDescription&amp;quot;:&amp;quot;Python Learning&amp;quot;,&amp;quot;programStatus&amp;quot;:&amp;quot;Active&amp;quot;,&amp;quot;creationTime&amp;quot;:&amp;quot;2024-11-22T08:17:46.626+00:00&amp;quot;,&amp;quot;lastModTime&amp;quot;:&amp;quot;2024-11-22T08:17:46.626+00:00&amp;quot;},{&amp;quot;programId&amp;quot;:16314,&amp;quot;programName&amp;quot;:&amp;quot;ApiNinjas-EXNH&amp;quot;,&amp;quot;programDescription&amp;quot;:&amp;quot;Python Learning&amp;quot;,&amp;quot;programStatus&amp;quot;:&amp;quot;Active&amp;quot;,&amp;quot;creationTime&amp;quot;:&amp;quot;2024-11-22T08:18:49.393+00:00&amp;quot;,&amp;quot;lastModTime&amp;quot;:&amp;quot;2024-11-22T08:18:49.393+00:00&amp;quot;},{&amp;quot;programId&amp;quot;:16315,&amp;quot;programName&amp;quot;:&amp;quot;nugusdz&amp;quot;,&amp;quot;programDescription&amp;quot;:&amp;quot;System Applications&amp;quot;,&amp;quot;programStatus&amp;quot;:&amp;quot;Active&amp;quot;,&amp;quot;creationTime&amp;quot;:&amp;quot;2024-11-22T15:18:45.731+00:00&amp;quot;,&amp;quot;lastModTime&amp;quot;:&amp;quot;2024-11-22T15:18:45.731+00:00&amp;quot;},{&amp;quot;programId&amp;quot;:16318,&amp;quot;programName&amp;quot;:&amp;quot;kjhgw&amp;quot;,&amp;quot;programDescription&amp;quot;:&amp;quot;SystemApplication&amp;quot;,&amp;quot;programStatus&amp;quot;:&amp;quot;Inactive&amp;quot;,&amp;quot;creationTime&amp;quot;:&amp;quot;2024-11-22T16:00:09.421+00:00&amp;quot;,&amp;quot;lastModTime&amp;quot;:&amp;quot;2024-11-24T18:46:38.566+00:00&amp;quot;},{&amp;quot;programId&amp;quot;:16319,&amp;quot;programName&amp;quot;:&amp;quot;PythonLearning-aa&amp;quot;,&amp;quot;programDescription&amp;quot;:null,&amp;quot;programStatus&amp;quot;:&amp;quot;Active&amp;quot;,&amp;quot;creationTime&amp;quot;:&amp;quot;2024-11-22T18:27:27.385+00:00&amp;quot;,&amp;quot;lastModTime&amp;quot;:&amp;quot;2024-11-22T18:27:27.385+00:00&amp;quot;},{&amp;quot;programId&amp;quot;:16316,&amp;quot;programName&amp;quot;:&amp;quot;Avengers&amp;quot;,&amp;quot;programDescription&amp;quot;:&amp;quot;TestC&amp;quot;,&amp;quot;programStatus&amp;quot;:&amp;quot;Inactive&amp;quot;,&amp;quot;creationTime&amp;quot;:&amp;quot;2024-11-22T15:32:27.428+00:00&amp;quot;,&amp;quot;lastModTime&amp;quot;:&amp;quot;2024-11-22T18:38:10.909+00:00&amp;quot;},{&amp;quot;programId&amp;quot;:16484,&amp;quot;programName&amp;quot;:&amp;quot;jifid&amp;quot;,&amp;quot;programDescription&amp;quot;:null,&amp;quot;programStatus&amp;quot;:&amp;quot;Active&amp;quot;,&amp;quot;creationTime&amp;quot;:&amp;quot;2024-11-24T20:59:15.123+00:00&amp;quot;,&amp;quot;lastModTime&amp;quot;:&amp;quot;2024-11-24T20:59:15.123+00:00&amp;quot;},{&amp;quot;programId&amp;quot;:16643,&amp;quot;programName&amp;quot;:&amp;quot;ApiNinjas-YFGU&amp;quot;,&amp;quot;programDescription&amp;quot;:&amp;quot;Python Learning&amp;quot;,&amp;quot;programStatus&amp;quot;:&amp;quot;Inactive&amp;quot;,&amp;quot;creationTime&amp;quot;:&amp;quot;2024-11-25T14:12:54.681+00:00&amp;quot;,&amp;quot;lastModTime&amp;quot;:&amp;quot;2024-11-25T14:12:59.090+00:00&amp;quot;},{&amp;quot;programId&amp;quot;:16338,&amp;quot;programName&amp;quot;:&amp;quot;TeamChangeMakers-APIPhaseTwo-aaaau-Updated&amp;quot;,&amp;quot;programDescription&amp;quot;:&amp;quot;RestfulAPI_Java_Cucumber_BDDUpdated&amp;quot;,&amp;quot;programStatus&amp;quot;:&amp;quot;Active&amp;quot;,&amp;quot;creationTime&amp;quot;:&amp;quot;2024-11-23T01:53:44.524+00:00&amp;quot;,&amp;quot;lastModTime&amp;quot;:&amp;quot;2024-11-25T06:49:40.796+00:00&amp;quot;},{&amp;quot;programId&amp;quot;:16320,&amp;quot;programName&amp;quot;:&amp;quot;DanceSixteen&amp;quot;,&amp;quot;programDescription&amp;quot;:&amp;quot;SpringDanceClass&amp;quot;,&amp;quot;programStatus&amp;quot;:&amp;quot;Inactive&amp;quot;,&amp;quot;creationTime&amp;quot;:&amp;quot;2024-11-22T18:49:14.153+00:00&amp;quot;,&amp;quot;lastModTime&amp;quot;:&amp;quot;2024-11-22T18:49:20.096+00:00&amp;quot;},{&amp;quot;programId&amp;quot;:16323,&amp;quot;programName&amp;quot;:&amp;quot;ApiNinjas-EEIE&amp;quot;,&amp;quot;programDescription&amp;quot;:&amp;quot;Python Learning&amp;quot;,&amp;quot;programStatus&amp;quot;:&amp;quot;Active&amp;quot;,&amp;quot;creationTime&amp;quot;:&amp;quot;2024-11-22T19:20:47.280+00:00&amp;quot;,&amp;quot;lastModTime&amp;quot;:&amp;quot;2024-11-22T19:20:47.280+00:00&amp;quot;},{&amp;quot;programId&amp;quot;:16324,&amp;quot;programName&amp;quot;:&amp;quot;ApiNinjas-PVZE&amp;quot;,&amp;quot;programDescription&amp;quot;:&amp;quot;Python Learning&amp;quot;,&amp;quot;programStatus&amp;quot;:&amp;quot;Active&amp;quot;,&amp;quot;creationTime&amp;quot;:&amp;quot;2024-11-22T19:21:23.463+00:00&amp;quot;,&amp;quot;lastModTime&amp;quot;:&amp;quot;2024-11-22T19:21:23.463+00:00&amp;quot;},{&amp;quot;programId&amp;quot;:16321,&amp;quot;programName&amp;quot;:&amp;quot;AvengersTest&amp;quot;,&amp;quot;programDescription&amp;quot;:&amp;quot;TestD&amp;quot;,&amp;quot;programStatus&amp;quot;:&amp;quot;Inactive&amp;quot;,&amp;quot;creationTime&amp;quot;:&amp;quot;2024-11-22T19:15:03.165+00:00&amp;quot;,&amp;quot;lastModTime&amp;quot;:&amp;quot;2024-11-22T19:34:28.378+00:00&amp;quot;},{&amp;quot;programId&amp;quot;:16322,&amp;quot;programName&amp;quot;:&amp;quot;JavaX&amp;quot;,&amp;quot;programDescription&amp;quot;:&amp;quot;&amp;quot;,&amp;quot;programStatus&amp;quot;:&amp;quot;Inactive&amp;quot;,&amp;quot;creationTime&amp;quot;:&amp;quot;2024-11-22T19:15:04.310+00:00&amp;quot;,&amp;quot;lastModTime&amp;quot;:&amp;quot;2024-11-22T19:34:41.942+00:00&amp;quot;},{&amp;quot;programId&amp;quot;:16325,&amp;quot;programName&amp;quot;:&amp;quot;ApiNinjas-TSNL&amp;quot;,&amp;quot;programDescription&amp;quot;:&amp;quot;Python Learning&amp;quot;,&amp;quot;programStatus&amp;quot;:&amp;quot;Active&amp;quot;,&amp;quot;creationTime&amp;quot;:&amp;quot;2024-11-22T19:47:18.834+00:00&amp;quot;,&amp;quot;lastModTime&amp;quot;:&amp;quot;2024-11-22T19:47:18.834+00:00&amp;quot;},{&amp;quot;programId&amp;quot;:16326,&amp;quot;programName&amp;quot;:&amp;quot;ApiNinjas-YVJJ&amp;quot;,&amp;quot;programDescription&amp;quot;:&amp;quot;Python Learning&amp;quot;,&amp;quot;programStatus&amp;quot;:&amp;quot;Active&amp;quot;,&amp;quot;creationTime&amp;quot;:&amp;quot;2024-11-22T19:51:33.564+00:00&amp;quot;,&amp;quot;lastModTime&amp;quot;:&amp;quot;2024-11-22T19:51:33.564+00:00&amp;quot;},{&amp;quot;programId&amp;quot;:16327,&amp;quot;programName&amp;quot;:&amp;quot;ApiNinjas-EAZG&amp;quot;,&amp;quot;programDescription&amp;quot;:&amp;quot;Python Learning&amp;quot;,&amp;quot;programStatus&amp;quot;:&amp;quot;Active&amp;quot;,&amp;quot;creationTime&amp;quot;:&amp;quot;2024-11-22T19:54:33.609+00:00&amp;quot;,&amp;quot;lastModTime&amp;quot;:&amp;quot;2024-11-22T19:54:33.609+00:00&amp;quot;},{&amp;quot;programId&amp;quot;:16328,&amp;quot;programName&amp;quot;:&amp;quot;ApiNinjas-DIAD&amp;quot;,&amp;quot;programDescription&amp;quot;:&amp;quot;Python Learning&amp;quot;,&amp;quot;programStatus&amp;quot;:&amp;quot;Active&amp;quot;,&amp;quot;creationTime&amp;quot;:&amp;quot;2024-11-22T20:10:01.413+00:00&amp;quot;,&amp;quot;lastModTime&amp;quot;:&amp;quot;2024-11-22T20:10:01.413+00:00&amp;quot;},{&amp;quot;programId&amp;quot;:16329,&amp;quot;programName&amp;quot;:&amp;quot;ExcelInJava&amp;quot;,&amp;quot;programDescription&amp;quot;:&amp;quot;Excel Read and Write in Java&amp;quot;,&amp;quot;programStatus&amp;quot;:&amp;quot;Inactive&amp;quot;,&amp;quot;creationTime&amp;quot;:&amp;quot;2024-11-22T21:11:28.671+00:00&amp;quot;,&amp;quot;lastModTime&amp;quot;:&amp;quot;2024-11-22T21:11:28.671+00:00&amp;quot;},{&amp;quot;programId&amp;quot;:16330,&amp;quot;programName&amp;quot;:&amp;quot;AI&amp;quot;,&amp;quot;programDescription&amp;quot;:&amp;quot;Artificial Intelligence&amp;quot;,&amp;quot;programStatus&amp;quot;:&amp;quot;Active&amp;quot;,&amp;quot;creationTime&amp;quot;:&amp;quot;2024-11-22T22:39:36.254+00:00&amp;quot;,&amp;quot;lastModTime&amp;quot;:&amp;quot;2024-11-22T22:39:36.254+00:00&amp;quot;},{&amp;quot;programId&amp;quot;:16331,&amp;quot;programName&amp;quot;:&amp;quot;TeamthreeWar&amp;quot;,&amp;quot;programDescription&amp;quot;:&amp;quot;                                     &amp;quot;,&amp;quot;programStatus&amp;quot;:&amp;quot;Active&amp;quot;,&amp;quot;creationTime&amp;quot;:&amp;quot;2024-11-22T22:58:49.850+00:00&amp;quot;,&amp;quot;lastModTime&amp;quot;:&amp;quot;2024-11-22T22:58:49.850+00:00&amp;quot;},{&amp;quot;programId&amp;quot;:16333,&amp;quot;programName&amp;quot;:&amp;quot;TeamChangeMakers-APIPhaseTwo-aaaar&amp;quot;,&amp;quot;programDescription&amp;quot;:null,&amp;quot;programStatus&amp;quot;:&amp;quot;Inactive&amp;quot;,&amp;quot;creationTime&amp;quot;:&amp;quot;2024-11-22T23:18:35.783+00:00&amp;quot;,&amp;quot;lastModTime&amp;quot;:&amp;quot;2024-11-22T23:18:35.783+00:00&amp;quot;},{&amp;quot;programId&amp;quot;:16332,&amp;quot;programName&amp;quot;:&amp;quot;TeamChangeMakers-APIPhaseTwo-aaaaq&amp;quot;,&amp;quot;programDescription&amp;quot;:&amp;quot;RestfulAPI_Java_Cucumber_BDD&amp;quot;,&amp;quot;programStatus&amp;quot;:&amp;quot;Inactive&amp;quot;,&amp;quot;creationTime&amp;quot;:&amp;quot;2024-11-22T23:18:35.198+00:00&amp;quot;,&amp;quot;lastModTime&amp;quot;:&amp;quot;2024-11-22T23:18:36.895+00:00&amp;quot;},{&amp;quot;programId&amp;quot;:16334,&amp;quot;programName&amp;quot;:&amp;quot;TestingBUGs&amp;quot;,&amp;quot;programDescription&amp;quot;:null,&amp;quot;programStatus&amp;quot;:&amp;quot;Active&amp;quot;,&amp;quot;creationTime&amp;quot;:&amp;quot;2024-11-22T23:51:04.053+00:00&amp;quot;,&amp;quot;lastModTime&amp;quot;:&amp;quot;2024-11-22T23:51:04.053+00:00&amp;quot;},{&amp;quot;programId&amp;quot;:16335,&amp;quot;programName&amp;quot;:&amp;quot;Teamthreeinactive&amp;quot;,&amp;quot;programDescription&amp;quot;:&amp;quot;                                     &amp;quot;,&amp;quot;programStatus&amp;quot;:&amp;quot;Inactive&amp;quot;,&amp;quot;creationTime&amp;quot;:&amp;quot;2024-11-22T23:56:42.370+00:00&amp;quot;,&amp;quot;lastModTime&amp;quot;:&amp;quot;2024-11-22T23:56:42.370+00:00&amp;quot;},{&amp;quot;programId&amp;quot;:16337,&amp;quot;programName&amp;quot;:&amp;quot;TeamChangeMakers-APIPhaseTwo-aaaat&amp;quot;,&amp;quot;programDescription&amp;quot;:null,&amp;quot;programStatus&amp;quot;:&amp;quot;Inactive&amp;quot;,&amp;quot;creationTime&amp;quot;:&amp;quot;2024-11-23T01:29:42.082+00:00&amp;quot;,&amp;quot;lastModTime&amp;quot;:&amp;quot;2024-11-23T01:29:42.082+00:00&amp;quot;},{&amp;quot;programId&amp;quot;:16336,&amp;quot;programName&amp;quot;:&amp;quot;TeamChangeMakers-APIPhaseTwo-aaaas&amp;quot;,&amp;quot;programDescription&amp;quot;:&amp;quot;RestfulAPI_Java_Cucumber_BDD&amp;quot;,&amp;quot;programStatus&amp;quot;:&amp;quot;Inactive&amp;quot;,&amp;quot;creationTime&amp;quot;:&amp;quot;2024-11-23T01:29:41.483+00:00&amp;quot;,&amp;quot;lastModTime&amp;quot;:&amp;quot;2024-11-23T01:29:44.082+00:00&amp;quot;},{&amp;quot;programId&amp;quot;:16341,&amp;quot;programName&amp;quot;:&amp;quot;PhaseTWOAPIRestAssuredNovember&amp;quot;,&amp;quot;programDescription&amp;quot;:&amp;quot;RestfulAPI_Java_BDD_Nov1&amp;quot;,&amp;quot;programStatus&amp;quot;:&amp;quot;Active&amp;quot;,&amp;quot;creationTime&amp;quot;:&amp;quot;2024-11-23T04:32:48.619+00:00&amp;quot;,&amp;quot;lastModTime&amp;quot;:&amp;quot;2024-11-23T04:32:48.619+00:00&amp;quot;},{&amp;quot;programId&amp;quot;:16342,&amp;quot;programName&amp;quot;:&amp;quot;PhaseTWOAPIRestAssuredNovemberOne&amp;quot;,&amp;quot;programDescription&amp;quot;:&amp;quot;RestfulAPI_Java_BDD_Nov1&amp;quot;,&amp;quot;programStatus&amp;quot;:&amp;quot;Active&amp;quot;,&amp;quot;creationTime&amp;quot;:&amp;quot;2024-11-23T04:40:40.833+00:00&amp;quot;,&amp;quot;lastModTime&amp;quot;:&amp;quot;2024-11-23T04:40:40.833+00:00&amp;quot;},{&amp;quot;programId&amp;quot;:16343,&amp;quot;programName&amp;quot;:&amp;quot;PhaseTWOAPIRestAssuredNovemberTwo&amp;quot;,&amp;quot;programDescription&amp;quot;:&amp;quot;RestfulAPI_Java_BDD_Nov2&amp;quot;,&amp;quot;programStatus&amp;quot;:&amp;quot;Active&amp;quot;,&amp;quot;creationTime&amp;quot;:&amp;quot;2024-11-23T04:43:10.309+00:00&amp;quot;,&amp;quot;lastModTime&amp;quot;:&amp;quot;2024-11-23T04:43:10.309+00:00&amp;quot;},{&amp;quot;programId&amp;quot;:16345,&amp;quot;programName&amp;quot;:&amp;quot;TeamChangeMakers-APIPhaseTwo-aaaax&amp;quot;,&amp;quot;programDescription&amp;quot;:null,&amp;quot;programStatus&amp;quot;:&amp;quot;Inactive&amp;quot;,&amp;quot;creationTime&amp;quot;:&amp;quot;2024-11-23T05:42:50.165+00:00&amp;quot;,&amp;quot;lastModTime&amp;quot;:&amp;quot;2024-11-23T05:42:51.904+00:00&amp;quot;},{&amp;quot;programId&amp;quot;:16344,&amp;quot;programName&amp;quot;:&amp;quot;TeamChangeMakers-APIPhaseTwo-aaaaw-Updated&amp;quot;,&amp;quot;programDescription&amp;quot;:&amp;quot;RestfulAPI_Java_Cucumber_BDDUpdated&amp;quot;,&amp;quot;programStatus&amp;quot;:&amp;quot;Inactive&amp;quot;,&amp;quot;creationTime&amp;quot;:&amp;quot;2024-11-23T05:42:49.564+00:00&amp;quot;,&amp;quot;lastModTime&amp;quot;:&amp;quot;2024-11-23T05:42:52.457+00:00&amp;quot;},{&amp;quot;programId&amp;quot;:16346,&amp;quot;programName&amp;quot;:&amp;quot;ProgramTestOneTwoFour&amp;quot;,&amp;quot;programDescription&amp;quot;:&amp;quot;hKP Wcdlq2egXRc-N9dymIikDWxE.j4J6QpQZ1kfjHgPTJ0hUKj0A-_euTIm9n:DPHrCMr6L3RDUXLBBbrf:3&amp;quot;,&amp;quot;programStatus&amp;quot;:&amp;quot;Active&amp;quot;,&amp;quot;creationTime&amp;quot;:&amp;quot;2024-11-23T06:11:54.486+00:00&amp;quot;,&amp;quot;lastModTime&amp;quot;:&amp;quot;2024-11-23T06:25:37.201+00:00&amp;quot;},{&amp;quot;programId&amp;quot;:16347,&amp;quot;programName&amp;quot;:&amp;quot;TeamChangeMakers-APIPhaseTwo-aaaad-Updated&amp;quot;,&amp;quot;programDescription&amp;quot;:&amp;quot;RestfulAPI_Java_Cucumber_BDDUpdated&amp;quot;,&amp;quot;programStatus&amp;quot;:&amp;quot;Inactive&amp;quot;,&amp;quot;creationTime&amp;quot;:&amp;quot;2024-11-23T07:04:02.482+00:00&amp;quot;,&amp;quot;lastModTime&amp;quot;:&amp;quot;2024-11-23T07:04:03.557+00:00&amp;quot;},{&amp;quot;programId&amp;quot;:16349,&amp;quot;programName&amp;quot;:&amp;quot;TeamChangeMakers-APIPhaseTwo-aaabc&amp;quot;,&amp;quot;programDescription&amp;quot;:null,&amp;quot;programStatus&amp;quot;:&amp;quot;Inactive&amp;quot;,&amp;quot;creationTime&amp;quot;:&amp;quot;2024-11-23T08:09:15.256+00:00&amp;quot;,&amp;quot;lastModTime&amp;quot;:&amp;quot;2024-11-23T08:09:16.952+00:00&amp;quot;},{&amp;quot;programId&amp;quot;:16348,&amp;quot;programName&amp;quot;:&amp;quot;TeamChangeMakers-APIPhaseTwo-aaabb-Updated&amp;quot;,&amp;quot;programDescription&amp;quot;:&amp;quot;RestfulAPI_Java_Cucumber_BDDUpdated&amp;quot;,&amp;quot;programStatus&amp;quot;:&amp;quot;Inactive&amp;quot;,&amp;quot;creationTime&amp;quot;:&amp;quot;2024-11-23T08:09:14.654+00:00&amp;quot;,&amp;quot;lastModTime&amp;quot;:&amp;quot;2024-11-23T08:09:17.510+00:00&amp;quot;},{&amp;quot;programId&amp;quot;:16350,&amp;quot;programName&amp;quot;:&amp;quot;ApiNinjas-LJPO&amp;quot;,&amp;quot;programDescription&amp;quot;:&amp;quot;Python Learning&amp;quot;,&amp;quot;programStatus&amp;quot;:&amp;quot;Active&amp;quot;,&amp;quot;creationTime&amp;quot;:&amp;quot;2024-11-23T13:30:38.398+00:00&amp;quot;,&amp;quot;lastModTime&amp;quot;:&amp;quot;2024-11-23T13:30:38.398+00:00&amp;quot;},{&amp;quot;programId&amp;quot;:16351,&amp;quot;programName&amp;quot;:&amp;quot;ApiNinjas-GJXR&amp;quot;,&amp;quot;programDescription&amp;quot;:&amp;quot;Python Learning&amp;quot;,&amp;quot;programStatus&amp;quot;:&amp;quot;Active&amp;quot;,&amp;quot;creationTime&amp;quot;:&amp;quot;2024-11-23T13:37:44.548+00:00&amp;quot;,&amp;quot;lastModTime&amp;quot;:&amp;quot;2024-11-23T13:37:44.548+00:00&amp;quot;},{&amp;quot;programId&amp;quot;:16352,&amp;quot;programName&amp;quot;:&amp;quot;JavaProgramyara&amp;quot;,&amp;quot;programDescription&amp;quot;:&amp;quot;Java Program Description&amp;quot;,&amp;quot;programStatus&amp;quot;:&amp;quot;Active&amp;quot;,&amp;quot;creationTime&amp;quot;:&amp;quot;2024-11-23T15:21:44.754+00:00&amp;quot;,&amp;quot;lastModTime&amp;quot;:&amp;quot;2024-11-23T15:21:44.754+00:00&amp;quot;},{&amp;quot;programId&amp;quot;:16353,&amp;quot;programName&amp;quot;:&amp;quot;ApiNinjas-MJEV&amp;quot;,&amp;quot;programDescription&amp;quot;:&amp;quot;Python Learning&amp;quot;,&amp;quot;programStatus&amp;quot;:&amp;quot;Active&amp;quot;,&amp;quot;creationTime&amp;quot;:&amp;quot;2024-11-23T17:28:49.958+00:00&amp;quot;,&amp;quot;lastModTime&amp;quot;:&amp;quot;2024-11-23T17:28:49.958+00:00&amp;quot;},{&amp;quot;programId&amp;quot;:16354,&amp;quot;programName&amp;quot;:&amp;quot;ApiNinjas-BXYH&amp;quot;,&amp;quot;programDescription&amp;quot;:&amp;quot;Python Learning&amp;quot;,&amp;quot;programStatus&amp;quot;:&amp;quot;Active&amp;quot;,&amp;quot;creationTime&amp;quot;:&amp;quot;2024-11-23T17:32:25.605+00:00&amp;quot;,&amp;quot;lastModTime&amp;quot;:&amp;quot;2024-11-23T17:32:25.605+00:00&amp;quot;},{&amp;quot;programId&amp;quot;:16355,&amp;quot;programName&amp;quot;:&amp;quot;ApiNinjas-LATF&amp;quot;,&amp;quot;programDescription&amp;quot;:&amp;quot;Python Learning&amp;quot;,&amp;quot;programStatus&amp;quot;:&amp;quot;Active&amp;quot;,&amp;quot;creationTime&amp;quot;:&amp;quot;2024-11-23T17:35:16.295+00:00&amp;quot;,&amp;quot;lastModTime&amp;quot;:&amp;quot;2024-11-23T17:35:16.295+00:00&amp;quot;},{&amp;quot;programId&amp;quot;:16357,&amp;quot;programName&amp;quot;:&amp;quot;ApiNinjas-GBJW&amp;quot;,&amp;quot;programDescription&amp;quot;:&amp;quot;Python Learning001&amp;quot;,&amp;quot;programStatus&amp;quot;:&amp;quot;Active&amp;quot;,&amp;quot;creationTime&amp;quot;:&amp;quot;2024-11-23T18:23:41.504+00:00&amp;quot;,&amp;quot;lastModTime&amp;quot;:&amp;quot;2024-11-23T18:23:46.144+00:00&amp;quot;},{&amp;quot;programId&amp;quot;:16358,&amp;quot;programName&amp;quot;:&amp;quot;ApiNinjas-GRYD&amp;quot;,&amp;quot;programDescription&amp;quot;:&amp;quot;Python Learning001&amp;quot;,&amp;quot;programStatus&amp;quot;:&amp;quot;Active&amp;quot;,&amp;quot;creationTime&amp;quot;:&amp;quot;2024-11-23T18:32:16.416+00:00&amp;quot;,&amp;quot;lastModTime&amp;quot;:&amp;quot;2024-11-23T18:32:23.634+00:00&amp;quot;},{&amp;quot;programId&amp;quot;:16359,&amp;quot;programName&amp;quot;:&amp;quot;ApiNinjas-AUMS&amp;quot;,&amp;quot;programDescription&amp;quot;:&amp;quot;Python Learning004&amp;quot;,&amp;quot;programStatus&amp;quot;:&amp;quot;Active&amp;quot;,&amp;quot;creationTime&amp;quot;:&amp;quot;2024-11-23T19:04:02.870+00:00&amp;quot;,&amp;quot;lastModTime&amp;quot;:&amp;quot;2024-11-23T19:04:07.256+00:00&amp;quot;},{&amp;quot;programId&amp;quot;:16360,&amp;quot;programName&amp;quot;:&amp;quot;ApiNinjas-RVRM&amp;quot;,&amp;quot;programDescription&amp;quot;:&amp;quot;Python Learning004&amp;quot;,&amp;quot;programStatus&amp;quot;:&amp;quot;Active&amp;quot;,&amp;quot;creationTime&amp;quot;:&amp;quot;2024-11-23T19:27:26.098+00:00&amp;quot;,&amp;quot;lastModTime&amp;quot;:&amp;quot;2024-11-23T19:27:29.917+00:00&amp;quot;},{&amp;quot;programId&amp;quot;:16361,&amp;quot;programName&amp;quot;:&amp;quot;ApiNinjas-GAKE&amp;quot;,&amp;quot;programDescription&amp;quot;:&amp;quot;Python Learning004&amp;quot;,&amp;quot;programStatus&amp;quot;:&amp;quot;Active&amp;quot;,&amp;quot;creationTime&amp;quot;:&amp;quot;2024-11-23T19:35:09.337+00:00&amp;quot;,&amp;quot;lastModTime&amp;quot;:&amp;quot;2024-11-23T19:35:13.192+00:00&amp;quot;},{&amp;quot;programId&amp;quot;:16362,&amp;quot;programName&amp;quot;:&amp;quot;ApiNinjas-ELXL&amp;quot;,&amp;quot;programDescription&amp;quot;:&amp;quot;Python Learning004&amp;quot;,&amp;quot;programStatus&amp;quot;:&amp;quot;Active&amp;quot;,&amp;quot;creationTime&amp;quot;:&amp;quot;2024-11-23T19:37:59.641+00:00&amp;quot;,&amp;quot;lastModTime&amp;quot;:&amp;quot;2024-11-23T19:38:03.462+00:00&amp;quot;},{&amp;quot;programId&amp;quot;:16363,&amp;quot;programName&amp;quot;:&amp;quot;ApiNinjas-FXWO&amp;quot;,&amp;quot;programDescription&amp;quot;:&amp;quot;Python Learning004&amp;quot;,&amp;quot;programStatus&amp;quot;:&amp;quot;Active&amp;quot;,&amp;quot;creationTime&amp;quot;:&amp;quot;2024-11-23T19:40:56.061+00:00&amp;quot;,&amp;quot;lastModTime&amp;quot;:&amp;quot;2024-11-23T19:41:00.494+00:00&amp;quot;},{&amp;quot;programId&amp;quot;:16364,&amp;quot;programName&amp;quot;:&amp;quot;ApiNinjas-DVPP&amp;quot;,&amp;quot;programDescription&amp;quot;:&amp;quot;Python Learning&amp;quot;,&amp;quot;programStatus&amp;quot;:&amp;quot;Active&amp;quot;,&amp;quot;creationTime&amp;quot;:&amp;quot;2024-11-23T19:44:31.579+00:00&amp;quot;,&amp;quot;lastModTime&amp;quot;:&amp;quot;2024-11-23T19:44:31.579+00:00&amp;quot;},{&amp;quot;programId&amp;quot;:16365,&amp;quot;programName&amp;quot;:&amp;quot;ApiNinjas-XMEB&amp;quot;,&amp;quot;programDescription&amp;quot;:&amp;quot;Python Learning&amp;quot;,&amp;quot;programStatus&amp;quot;:&amp;quot;Active&amp;quot;,&amp;quot;creationTime&amp;quot;:&amp;quot;2024-11-23T20:07:34.067+00:00&amp;quot;,&amp;quot;lastModTime&amp;quot;:&amp;quot;2024-11-23T20:07:34.067+00:00&amp;quot;},{&amp;quot;programId&amp;quot;:16366,&amp;quot;programName&amp;quot;:&amp;quot;ApiNinjas-LPQV&amp;quot;,&amp;quot;programDescription&amp;quot;:&amp;quot;Python Learning&amp;quot;,&amp;quot;programStatus&amp;quot;:&amp;quot;Active&amp;quot;,&amp;quot;creationTime&amp;quot;:&amp;quot;2024-11-23T20:07:34.524+00:00&amp;quot;,&amp;quot;lastModTime&amp;quot;:&amp;quot;2024-11-23T20:07:34.524+00:00&amp;quot;},{&amp;quot;programId&amp;quot;:16340,&amp;quot;programName&amp;quot;:&amp;quot;kjhg&amp;quot;,&amp;quot;programDescription&amp;quot;:&amp;quot;khjj&amp;quot;,&amp;quot;programStatus&amp;quot;:&amp;quot;Active&amp;quot;,&amp;quot;creationTime&amp;quot;:&amp;quot;2024-11-23T03:00:35.595+00:00&amp;quot;,&amp;quot;lastModTime&amp;quot;:&amp;quot;2024-11-24T03:28:01.008+00:00&amp;quot;},{&amp;quot;programId&amp;quot;:16381,&amp;quot;programName&amp;quot;:&amp;quot;Fargo&amp;quot;,&amp;quot;programDescription&amp;quot;:&amp;quot;&amp;quot;,&amp;quot;programStatus&amp;quot;:&amp;quot;Active&amp;quot;,&amp;quot;creationTime&amp;quot;:&amp;quot;2024-11-23T21:39:02.199+00:00&amp;quot;,&amp;quot;lastModTime&amp;quot;:&amp;quot;2024-11-23T21:39:02.199+00:00&amp;quot;},{&amp;quot;programId&amp;quot;:16380,&amp;quot;programName&amp;quot;:&amp;quot;RubyAPI&amp;quot;,&amp;quot;programDescription&amp;quot;:&amp;quot;TestS&amp;quot;,&amp;quot;programStatus&amp;quot;:&amp;quot;Active&amp;quot;,&amp;quot;creationTime&amp;quot;:&amp;quot;2024-11-23T21:39:01.900+00:00&amp;quot;,&amp;quot;lastModTime&amp;quot;:&amp;quot;2024-11-23T21:39:04.826+00:00&amp;quot;},{&amp;quot;programId&amp;quot;:16382,&amp;quot;programName&amp;quot;:&amp;quot;PhaseTWOAPIRestAssuredNovemberFour&amp;quot;,&amp;quot;programDescription&amp;quot;:&amp;quot;RestfulAPI_Java_BDD_Nov4&amp;quot;,&amp;quot;programStatus&amp;quot;:&amp;quot;Active&amp;quot;,&amp;quot;creationTime&amp;quot;:&amp;quot;2024-11-23T22:03:43.667+00:00&amp;quot;,&amp;quot;lastModTime&amp;quot;:&amp;quot;2024-11-23T22:03:43.667+00:00&amp;quot;},{&amp;quot;programId&amp;quot;:16383,&amp;quot;programName&amp;quot;:&amp;quot;PhaseTWOAPIRestAssuredNovemberFive&amp;quot;,&amp;quot;programDescription&amp;quot;:&amp;quot;RestfulAPI_Java_BDD_Nov5&amp;quot;,&amp;quot;programStatus&amp;quot;:&amp;quot;Active&amp;quot;,&amp;quot;creationTime&amp;quot;:&amp;quot;2024-11-23T22:17:05.437+00:00&amp;quot;,&amp;quot;lastModTime&amp;quot;:&amp;quot;2024-11-23T22:17:05.437+00:00&amp;quot;},{&amp;quot;programId&amp;quot;:16385,&amp;quot;programName&amp;quot;:&amp;quot;TeamChangeMakers-APIPhaseTwo-aaabi&amp;quot;,&amp;quot;programDescription&amp;quot;:null,&amp;quot;programStatus&amp;quot;:&amp;quot;Inactive&amp;quot;,&amp;quot;creationTime&amp;quot;:&amp;quot;2024-11-23T22:18:51.256+00:00&amp;quot;,&amp;quot;lastModTime&amp;quot;:&amp;quot;2024-11-23T22:18:52.967+00:00&amp;quot;},{&amp;quot;programId&amp;quot;:16384,&amp;quot;programName&amp;quot;:&amp;quot;TeamChangeMakers-APIPhaseTwo-aaabh-Updated&amp;quot;,&amp;quot;programDescription&amp;quot;:&amp;quot;RestfulAPI_Java_Cucumber_BDDUpdated&amp;quot;,&amp;quot;programStatus&amp;quot;:&amp;quot;Inactive&amp;quot;,&amp;quot;creationTime&amp;quot;:&amp;quot;2024-11-23T22:18:50.635+00:00&amp;quot;,&amp;quot;lastModTime&amp;quot;:&amp;quot;2024-11-23T22:18:53.618+00:00&amp;quot;},{&amp;quot;programId&amp;quot;:16386,&amp;quot;programName&amp;quot;:&amp;quot;PhaseTWOAPIRestAssuredNovemberSix&amp;quot;,&amp;quot;programDescription&amp;quot;:&amp;quot;RestfulAPI_Java_BDD_Nov6&amp;quot;,&amp;quot;programStatus&amp;quot;:&amp;quot;Active&amp;quot;,&amp;quot;creationTime&amp;quot;:&amp;quot;2024-11-23T22:27:33.998+00:00&amp;quot;,&amp;quot;lastModTime&amp;quot;:&amp;quot;2024-11-23T22:27:33.998+00:00&amp;quot;},{&amp;quot;programId&amp;quot;:16406,&amp;quot;programName&amp;quot;:&amp;quot;RubyJ&amp;quot;,&amp;quot;programDescription&amp;quot;:&amp;quot;tester&amp;quot;,&amp;quot;programStatus&amp;quot;:&amp;quot;Inactive&amp;quot;,&amp;quot;creationTime&amp;quot;:&amp;quot;2024-11-24T05:20:02.780+00:00&amp;quot;,&amp;quot;lastModTime&amp;quot;:&amp;quot;2024-11-24T05:20:03.188+00:00&amp;quot;},{&amp;quot;programId&amp;quot;:16388,&amp;quot;programName&amp;quot;:&amp;quot;TeamChangeMakers-APIPhaseTwo-aaabm&amp;quot;,&amp;quot;programDescription&amp;quot;:null,&amp;quot;programStatus&amp;quot;:&amp;quot;Inactive&amp;quot;,&amp;quot;creationTime&amp;quot;:&amp;quot;2024-11-23T22:29:31.643+00:00&amp;quot;,&amp;quot;lastModTime&amp;quot;:&amp;quot;2024-11-23T22:29:33.543+00:00&amp;quot;},{&amp;quot;programId&amp;quot;:16387,&amp;quot;programName&amp;quot;:&amp;quot;TeamChangeMakers-APIPhaseTwo-aaabl-Updated&amp;quot;,&amp;quot;programDescription&amp;quot;:&amp;quot;RestfulAPI_Java_Cucumber_BDDUpdated&amp;quot;,&amp;quot;programStatus&amp;quot;:&amp;quot;Inactive&amp;quot;,&amp;quot;creationTime&amp;quot;:&amp;quot;2024-11-23T22:29:31.032+00:00&amp;quot;,&amp;quot;lastModTime&amp;quot;:&amp;quot;2024-11-23T22:29:34.070+00:00&amp;quot;},{&amp;quot;programId&amp;quot;:16389,&amp;quot;programName&amp;quot;:&amp;quot;PhaseTWOAPIRestAssuredNovemberSeven&amp;quot;,&amp;quot;programDescription&amp;quot;:&amp;quot;RestfulAPI_Java_BDD_Nov7&amp;quot;,&amp;quot;programStatus&amp;quot;:&amp;quot;Active&amp;quot;,&amp;quot;creationTime&amp;quot;:&amp;quot;2024-11-23T22:31:50.560+00:00&amp;quot;,&amp;quot;lastModTime&amp;quot;:&amp;quot;2024-11-23T22:31:50.560+00:00&amp;quot;},{&amp;quot;programId&amp;quot;:16390,&amp;quot;programName&amp;quot;:&amp;quot;teamThreeProgram&amp;quot;,&amp;quot;programDescription&amp;quot;:&amp;quot;&amp;quot;,&amp;quot;programStatus&amp;quot;:&amp;quot;Active&amp;quot;,&amp;quot;creationTime&amp;quot;:&amp;quot;2024-11-24T00:17:30.094+00:00&amp;quot;,&amp;quot;lastModTime&amp;quot;:&amp;quot;2024-11-24T00:17:30.094+00:00&amp;quot;},{&amp;quot;programId&amp;quot;:16391,&amp;quot;programName&amp;quot;:&amp;quot;Chevy&amp;quot;,&amp;quot;programDescription&amp;quot;:&amp;quot;tester&amp;quot;,&amp;quot;programStatus&amp;quot;:&amp;quot;Active&amp;quot;,&amp;quot;creationTime&amp;quot;:&amp;quot;2024-11-24T00:19:57.363+00:00&amp;quot;,&amp;quot;lastModTime&amp;quot;:&amp;quot;2024-11-24T00:19:57.363+00:00&amp;quot;},{&amp;quot;programId&amp;quot;:16392,&amp;quot;programName&amp;quot;:&amp;quot;Chase&amp;quot;,&amp;quot;programDescription&amp;quot;:&amp;quot;&amp;quot;,&amp;quot;programStatus&amp;quot;:&amp;quot;Active&amp;quot;,&amp;quot;creationTime&amp;quot;:&amp;quot;2024-11-24T00:19:57.671+00:00&amp;quot;,&amp;quot;lastModTime&amp;quot;:&amp;quot;2024-11-24T00:19:57.671+00:00&amp;quot;},{&amp;quot;programId&amp;quot;:16393,&amp;quot;programName&amp;quot;:&amp;quot;Team-three-Apiwarriers&amp;quot;,&amp;quot;programDescription&amp;quot;:&amp;quot;java&amp;quot;,&amp;quot;programStatus&amp;quot;:&amp;quot;Active&amp;quot;,&amp;quot;creationTime&amp;quot;:&amp;quot;2024-11-24T00:37:16.372+00:00&amp;quot;,&amp;quot;lastModTime&amp;quot;:&amp;quot;2024-11-24T00:37:16.372+00:00&amp;quot;},{&amp;quot;programId&amp;quot;:16394,&amp;quot;programName&amp;quot;:&amp;quot;hjgjghm&amp;quot;,&amp;quot;programDescription&amp;quot;:&amp;quot;tester&amp;quot;,&amp;quot;programStatus&amp;quot;:&amp;quot;Inactive&amp;quot;,&amp;quot;creationTime&amp;quot;:&amp;quot;2024-11-24T00:42:40.894+00:00&amp;quot;,&amp;quot;lastModTime&amp;quot;:&amp;quot;2024-11-24T00:45:40.550+00:00&amp;quot;},{&amp;quot;programId&amp;quot;:16395,&amp;quot;programName&amp;quot;:&amp;quot;jgyts&amp;quot;,&amp;quot;programDescription&amp;quot;:&amp;quot;&amp;quot;,&amp;quot;programStatus&amp;quot;:&amp;quot;Inactive&amp;quot;,&amp;quot;creationTime&amp;quot;:&amp;quot;2024-11-24T00:42:41.303+00:00&amp;quot;,&amp;quot;lastModTime&amp;quot;:&amp;quot;2024-11-24T00:45:54.215+00:00&amp;quot;},{&amp;quot;programId&amp;quot;:16405,&amp;quot;programName&amp;quot;:&amp;quot;RubyI&amp;quot;,&amp;quot;programDescription&amp;quot;:&amp;quot;tester&amp;quot;,&amp;quot;programStatus&amp;quot;:&amp;quot;Inactive&amp;quot;,&amp;quot;creationTime&amp;quot;:&amp;quot;2024-11-24T05:15:40.615+00:00&amp;quot;,&amp;quot;lastModTime&amp;quot;:&amp;quot;2024-11-24T05:20:20.495+00:00&amp;quot;},{&amp;quot;programId&amp;quot;:16396,&amp;quot;programName&amp;quot;:&amp;quot;Csharp&amp;quot;,&amp;quot;programDescription&amp;quot;:&amp;quot;Class&amp;quot;,&amp;quot;programStatus&amp;quot;:&amp;quot;Inactive&amp;quot;,&amp;quot;creationTime&amp;quot;:&amp;quot;2024-11-24T00:48:58.599+00:00&amp;quot;,&amp;quot;lastModTime&amp;quot;:&amp;quot;2024-11-24T00:57:47.327+00:00&amp;quot;},{&amp;quot;programId&amp;quot;:16397,&amp;quot;programName&amp;quot;:&amp;quot;jjuyts&amp;quot;,&amp;quot;programDescription&amp;quot;:&amp;quot;&amp;quot;,&amp;quot;programStatus&amp;quot;:&amp;quot;Inactive&amp;quot;,&amp;quot;creationTime&amp;quot;:&amp;quot;2024-11-24T00:48:59.014+00:00&amp;quot;,&amp;quot;lastModTime&amp;quot;:&amp;quot;2024-11-24T00:57:56.009+00:00&amp;quot;},{&amp;quot;programId&amp;quot;:16404,&amp;quot;programName&amp;quot;:&amp;quot;Javao&amp;quot;,&amp;quot;programDescription&amp;quot;:&amp;quot;descp&amp;quot;,&amp;quot;programStatus&amp;quot;:&amp;quot;Inactive&amp;quot;,&amp;quot;creationTime&amp;quot;:&amp;quot;2024-11-24T04:56:05.089+00:00&amp;quot;,&amp;quot;lastModTime&amp;quot;:&amp;quot;2024-11-24T05:20:25.324+00:00&amp;quot;},{&amp;quot;programId&amp;quot;:16398,&amp;quot;programName&amp;quot;:&amp;quot;Cplus&amp;quot;,&amp;quot;programDescription&amp;quot;:&amp;quot;Class&amp;quot;,&amp;quot;programStatus&amp;quot;:&amp;quot;Inactive&amp;quot;,&amp;quot;creationTime&amp;quot;:&amp;quot;2024-11-24T01:04:45.870+00:00&amp;quot;,&amp;quot;lastModTime&amp;quot;:&amp;quot;2024-11-24T01:05:51.341+00:00&amp;quot;},{&amp;quot;programId&amp;quot;:16403,&amp;quot;programName&amp;quot;:&amp;quot;RubyH&amp;quot;,&amp;quot;programDescription&amp;quot;:&amp;quot;tester&amp;quot;,&amp;quot;programStatus&amp;quot;:&amp;quot;Inactive&amp;quot;,&amp;quot;creationTime&amp;quot;:&amp;quot;2024-11-24T04:56:04.773+00:00&amp;quot;,&amp;quot;lastModTime&amp;quot;:&amp;quot;2024-11-24T05:20:29.331+00:00&amp;quot;},{&amp;quot;programId&amp;quot;:16399,&amp;quot;programName&amp;quot;:&amp;quot;Cplusruby&amp;quot;,&amp;quot;programDescription&amp;quot;:&amp;quot;Class&amp;quot;,&amp;quot;programStatus&amp;quot;:&amp;quot;Inactive&amp;quot;,&amp;quot;creationTime&amp;quot;:&amp;quot;2024-11-24T01:06:38.278+00:00&amp;quot;,&amp;quot;lastModTime&amp;quot;:&amp;quot;2024-11-24T01:08:11.967+00:00&amp;quot;},{&amp;quot;programId&amp;quot;:16400,&amp;quot;programName&amp;quot;:&amp;quot;queen&amp;quot;,&amp;quot;programDescription&amp;quot;:&amp;quot;&amp;quot;,&amp;quot;programStatus&amp;quot;:&amp;quot;Inactive&amp;quot;,&amp;quot;creationTime&amp;quot;:&amp;quot;2024-11-24T01:06:38.703+00:00&amp;quot;,&amp;quot;lastModTime&amp;quot;:&amp;quot;2024-11-24T01:08:17.143+00:00&amp;quot;},{&amp;quot;programId&amp;quot;:16317,&amp;quot;programName&amp;quot;:&amp;quot;team-ThreePrograms&amp;quot;,&amp;quot;programDescription&amp;quot;:&amp;quot;SystemApplication&amp;quot;,&amp;quot;programStatus&amp;quot;:&amp;quot;Inactive&amp;quot;,&amp;quot;creationTime&amp;quot;:&amp;quot;2024-11-22T16:00:09.016+00:00&amp;quot;,&amp;quot;lastModTime&amp;quot;:&amp;quot;2024-11-24T01:19:06.877+00:00&amp;quot;},{&amp;quot;programId&amp;quot;:16401,&amp;quot;programName&amp;quot;:&amp;quot;TestingBUGGG&amp;quot;,&amp;quot;programDescription&amp;quot;:null,&amp;quot;programStatus&amp;quot;:&amp;quot;Active&amp;quot;,&amp;quot;creationTime&amp;quot;:&amp;quot;2024-11-24T04:29:19.452+00:00&amp;quot;,&amp;quot;lastModTime&amp;quot;:&amp;quot;2024-11-24T04:29:19.452+00:00&amp;quot;},{&amp;quot;programId&amp;quot;:16402,&amp;quot;programName&amp;quot;:&amp;quot;Cplust&amp;quot;,&amp;quot;programDescription&amp;quot;:&amp;quot;Classs&amp;quot;,&amp;quot;programStatus&amp;quot;:&amp;quot;Inactive&amp;quot;,&amp;quot;creationTime&amp;quot;:&amp;quot;2024-11-24T04:42:39.128+00:00&amp;quot;,&amp;quot;lastModTime&amp;quot;:&amp;quot;2024-11-24T04:52:57.709+00:00&amp;quot;},{&amp;quot;programId&amp;quot;:16407,&amp;quot;programName&amp;quot;:&amp;quot;APIWarriorsProgram&amp;quot;,&amp;quot;programDescription&amp;quot;:&amp;quot;APIWarriorsProgram001 Description&amp;quot;,&amp;quot;programStatus&amp;quot;:&amp;quot;Inactive&amp;quot;,&amp;quot;creationTime&amp;quot;:&amp;quot;2024-11-24T05:23:37.839+00:00&amp;quot;,&amp;quot;lastModTime&amp;quot;:&amp;quot;2024-11-24T05:24:03.070+00:00&amp;quot;},{&amp;quot;programId&amp;quot;:16687,&amp;quot;programName&amp;quot;:&amp;quot;bintee&amp;quot;,&amp;quot;programDescription&amp;quot;:&amp;quot;&amp;quot;,&amp;quot;programStatus&amp;quot;:&amp;quot;Active&amp;quot;,&amp;quot;creationTime&amp;quot;:&amp;quot;2024-11-25T16:11:23.321+00:00&amp;quot;,&amp;quot;lastModTime&amp;quot;:&amp;quot;2024-11-25T16:11:23.321+00:00&amp;quot;},{&amp;quot;programId&amp;quot;:16408,&amp;quot;programName&amp;quot;:&amp;quot;Cplusu&amp;quot;,&amp;quot;programDescription&amp;quot;:&amp;quot;Classs&amp;quot;,&amp;quot;programStatus&amp;quot;:&amp;quot;Inactive&amp;quot;,&amp;quot;creationTime&amp;quot;:&amp;quot;2024-11-24T07:30:29.667+00:00&amp;quot;,&amp;quot;lastModTime&amp;quot;:&amp;quot;2024-11-24T07:35:57.048+00:00&amp;quot;},{&amp;quot;programId&amp;quot;:16409,&amp;quot;programName&amp;quot;:&amp;quot;Javap&amp;quot;,&amp;quot;programDescription&amp;quot;:&amp;quot;desco&amp;quot;,&amp;quot;programStatus&amp;quot;:&amp;quot;Inactive&amp;quot;,&amp;quot;creationTime&amp;quot;:&amp;quot;2024-11-24T07:30:30.080+00:00&amp;quot;,&amp;quot;lastModTime&amp;quot;:&amp;quot;2024-11-24T07:36:00.805+00:00&amp;quot;},{&amp;quot;programId&amp;quot;:16410,&amp;quot;programName&amp;quot;:&amp;quot;Rubykk&amp;quot;,&amp;quot;programDescription&amp;quot;:&amp;quot;tester&amp;quot;,&amp;quot;programStatus&amp;quot;:&amp;quot;Inactive&amp;quot;,&amp;quot;creationTime&amp;quot;:&amp;quot;2024-11-24T07:36:49.182+00:00&amp;quot;,&amp;quot;lastModTime&amp;quot;:&amp;quot;2024-11-24T07:36:49.622+00:00&amp;quot;},{&amp;quot;programId&amp;quot;:16411,&amp;quot;programName&amp;quot;:&amp;quot;Cpluop&amp;quot;,&amp;quot;programDescription&amp;quot;:&amp;quot;Classs&amp;quot;,&amp;quot;programStatus&amp;quot;:&amp;quot;Inactive&amp;quot;,&amp;quot;creationTime&amp;quot;:&amp;quot;2
[...]
at java.base/jdk.internal.util.Preconditions.checkIndex(Preconditions.java:266)
at java.base/java.util.Objects.checkIndex(Objects.java:361)
at java.base/java.util.ArrayList.get(ArrayList.java:427)
at api.Request.CreateProgramRequest.sendPUTRequestByID(CreateProgramRequest.java:249)
at api.StepDefinitions.ProgramCreateSteps.admin_sends_put_request_byProgId(ProgramCreateSteps.java:202)
at ✽.Admin sends PUT request for 1 by Program ID for "PUT_PROGRAM_ID_02"(file:///C:/Users/anbum/OneDrive/Desktop/Anbu/LMS_Phase2_RestAssured/LMS_GIT/Team04_APIAvengers_LMSHackathon/src/test/resources/features/02programModule/03programUpdate.feature:44)
]]>
    </failure>
  </testcase> <!-- runScenario -->
  <testcase classname="io.cucumber.testng.AbstractTestNGCucumberTests" name="runScenario" time="0.45">
    <failure type="java.lang.AssertionError" message="Expected status code does not match actual status code. expected [200] but found [401]">
      <![CDATA[java.lang.AssertionError: Expected status code does not match actual status code. expected [200] but found [401]
at org.testng.Assert.fail(Assert.java:111)
at org.testng.Assert.failNotEquals(Assert.java:1578)
at org.testng.Assert.assertEqualsImpl(Assert.java:150)
at org.testng.Assert.assertEquals(Assert.java:132)
at org.testng.Assert.assertEquals(Assert.java:1419)
at org.testng.Assert.assertEquals(Assert.java:1383)
at api.StepDefinitions.ProgramCreateSteps.response_status_code_should_be(ProgramCreateSteps.java:233)
at ✽.Response status code should be "200"(file:///C:/Users/anbum/OneDrive/Desktop/Anbu/LMS_Phase2_RestAssured/LMS_GIT/Team04_APIAvengers_LMSHackathon/src/test/resources/features/02programModule/03programUpdate.feature:45)
]]>
    </failure>
  </testcase> <!-- runScenario -->
  <testcase classname="io.cucumber.testng.AbstractTestNGCucumberTests" name="runScenario" time="0.478"/>
  <testcase classname="io.cucumber.testng.AbstractTestNGCucumberTests" name="runScenario" time="0.306"/>
  <testcase classname="io.cucumber.testng.AbstractTestNGCucumberTests" name="runScenario" time="0.245">
    <failure type="java.lang.AssertionError" message="Expected status code does not match actual status code. expected [400] but found [401]">
      <![CDATA[java.lang.AssertionError: Expected status code does not match actual status code. expected [400] but found [401]
at org.testng.Assert.fail(Assert.java:111)
at org.testng.Assert.failNotEquals(Assert.java:1578)
at org.testng.Assert.assertEqualsImpl(Assert.java:150)
at org.testng.Assert.assertEquals(Assert.java:132)
at org.testng.Assert.assertEquals(Assert.java:1419)
at org.testng.Assert.assertEquals(Assert.java:1383)
at api.StepDefinitions.ProgramCreateSteps.response_status_code_should_be(ProgramCreateSteps.java:233)
at ✽.Response status code should be "400"(file:///C:/Users/anbum/OneDrive/Desktop/Anbu/LMS_Phase2_RestAssured/LMS_GIT/Team04_APIAvengers_LMSHackathon/src/test/resources/features/02programModule/03programUpdate.feature:58)
]]>
    </failure>
  </testcase> <!-- runScenario -->
  <testcase classname="io.cucumber.testng.AbstractTestNGCucumberTests" name="runScenario" time="0.236">
    <failure type="java.lang.AssertionError" message="Expected status code does not match actual status code. expected [400] but found [401]">
      <![CDATA[java.lang.AssertionError: Expected status code does not match actual status code. expected [400] but found [401]
at org.testng.Assert.fail(Assert.java:111)
at org.testng.Assert.failNotEquals(Assert.java:1578)
at org.testng.Assert.assertEqualsImpl(Assert.java:150)
at org.testng.Assert.assertEquals(Assert.java:132)
at org.testng.Assert.assertEquals(Assert.java:1419)
at org.testng.Assert.assertEquals(Assert.java:1383)
at api.StepDefinitions.ProgramCreateSteps.response_status_code_should_be(ProgramCreateSteps.java:233)
at ✽.Response status code should be "400"(file:///C:/Users/anbum/OneDrive/Desktop/Anbu/LMS_Phase2_RestAssured/LMS_GIT/Team04_APIAvengers_LMSHackathon/src/test/resources/features/02programModule/03programUpdate.feature:58)
]]>
    </failure>
  </testcase> <!-- runScenario -->
  <testcase classname="io.cucumber.testng.AbstractTestNGCucumberTests" name="runScenario" time="0.231">
    <failure type="java.lang.AssertionError" message="Expected status code does not match actual status code. expected [400] but found [401]">
      <![CDATA[java.lang.AssertionError: Expected status code does not match actual status code. expected [400] but found [401]
at org.testng.Assert.fail(Assert.java:111)
at org.testng.Assert.failNotEquals(Assert.java:1578)
at org.testng.Assert.assertEqualsImpl(Assert.java:150)
at org.testng.Assert.assertEquals(Assert.java:132)
at org.testng.Assert.assertEquals(Assert.java:1419)
at org.testng.Assert.assertEquals(Assert.java:1383)
at api.StepDefinitions.ProgramCreateSteps.response_status_code_should_be(ProgramCreateSteps.java:233)
at ✽.Response status code should be "400"(file:///C:/Users/anbum/OneDrive/Desktop/Anbu/LMS_Phase2_RestAssured/LMS_GIT/Team04_APIAvengers_LMSHackathon/src/test/resources/features/02programModule/03programUpdate.feature:58)
]]>
    </failure>
  </testcase> <!-- runScenario -->
  <testcase classname="io.cucumber.testng.AbstractTestNGCucumberTests" name="runScenario" time="0.247"/>
  <testcase classname="io.cucumber.testng.AbstractTestNGCucumberTests" name="runScenario" time="0.169"/>
  <testcase classname="io.cucumber.testng.AbstractTestNGCucumberTests" name="runScenario" time="0.291"/>
  <testcase classname="io.cucumber.testng.AbstractTestNGCucumberTests" name="runScenario" time="0.202"/>
  <testcase classname="io.cucumber.testng.AbstractTestNGCucumberTests" name="runScenario" time="0.197"/>
  <testcase classname="io.cucumber.testng.AbstractTestNGCucumberTests" name="runScenario" time="0.194"/>
  <testcase classname="io.cucumber.testng.AbstractTestNGCucumberTests" name="runScenario" time="0.376"/>
  <testcase classname="io.cucumber.testng.AbstractTestNGCucumberTests" name="runScenario" time="0.203"/>
  <testcase classname="io.cucumber.testng.AbstractTestNGCucumberTests" name="runScenario" time="0.209"/>
  <testcase classname="io.cucumber.testng.AbstractTestNGCucumberTests" name="runScenario" time="0.064">
    <failure type="java.lang.IndexOutOfBoundsException" message="Index 1 out of bounds for length 1">
      <![CDATA[java.lang.IndexOutOfBoundsException: Index 1 out of bounds for length 1
at java.base/jdk.internal.util.Preconditions.outOfBounds(Preconditions.java:64)
at java.base/jdk.internal.util.Preconditions.outOfBoundsCheckIndex(Preconditions.java:70)
at java.base/jdk.internal.util.Preconditions.checkIndex(Preconditions.java:266)
at java.base/java.util.Objects.checkIndex(Objects.java:361)
at java.base/java.util.ArrayList.get(ArrayList.java:427)
at api.Utility.ExcelReader.batchPojoUtil(ExcelReader.java:75)
at api.Request.BatchModuleRequest.createBatchbuildRequest(BatchModuleRequest.java:62)
at api.StepDefinitions.BatchModuleSteps.admin_creates_post_request_body_for_the_testcases(BatchModuleSteps.java:23)
at ✽.Admin creates POST request body for the Testcases "POST-BATCH-08"(file:///C:/Users/anbum/OneDrive/Desktop/Anbu/LMS_Phase2_RestAssured/LMS_GIT/Team04_APIAvengers_LMSHackathon/src/test/resources/features/03batchModule/batchModule.feature:7)
]]>
    </failure>
  </testcase> <!-- runScenario -->
  <testcase classname="io.cucumber.testng.AbstractTestNGCucumberTests" name="runScenario" time="0.212"/>
  <testcase classname="io.cucumber.testng.AbstractTestNGCucumberTests" name="runScenario" time="0.373"/>
  <testcase classname="io.cucumber.testng.AbstractTestNGCucumberTests" name="runScenario" time="0.403"/>
  <testcase classname="io.cucumber.testng.AbstractTestNGCucumberTests" name="runScenario" time="0.323"/>
  <testcase classname="io.cucumber.testng.AbstractTestNGCucumberTests" name="runScenario" time="0.104">
    <failure type="java.lang.IndexOutOfBoundsException" message="Index 1 out of bounds for length 1">
      <![CDATA[java.lang.IndexOutOfBoundsException: Index 1 out of bounds for length 1
at java.base/jdk.internal.util.Preconditions.outOfBounds(Preconditions.java:64)
at java.base/jdk.internal.util.Preconditions.outOfBoundsCheckIndex(Preconditions.java:70)
at java.base/jdk.internal.util.Preconditions.checkIndex(Preconditions.java:266)
at java.base/java.util.Objects.checkIndex(Objects.java:361)
at java.base/java.util.ArrayList.get(ArrayList.java:427)
at api.Request.BatchModuleRequest.batch_allGetRequest(BatchModuleRequest.java:448)
at api.StepDefinitions.BatchModuleSteps.admin_sends_the_https_request_with_get_by_batch_id_endpoint(BatchModuleSteps.java:69)
at ✽.Admin sends the HTTPS Request with GetBy BatchID endpoint(file:///C:/Users/anbum/OneDrive/Desktop/Anbu/LMS_Phase2_RestAssured/LMS_GIT/Team04_APIAvengers_LMSHackathon/src/test/resources/features/03batchModule/batchModule.feature:45)
]]>
    </failure>
  </testcase> <!-- runScenario -->
  <testcase classname="io.cucumber.testng.AbstractTestNGCucumberTests" name="runScenario" time="0.17">
    <failure type="java.lang.IndexOutOfBoundsException" message="Index 1 out of bounds for length 1">
      <![CDATA[java.lang.IndexOutOfBoundsException: Index 1 out of bounds for length 1
at java.base/jdk.internal.util.Preconditions.outOfBounds(Preconditions.java:64)
at java.base/jdk.internal.util.Preconditions.outOfBoundsCheckIndex(Preconditions.java:70)
at java.base/jdk.internal.util.Preconditions.checkIndex(Preconditions.java:266)
at java.base/java.util.Objects.checkIndex(Objects.java:361)
at java.base/java.util.ArrayList.get(ArrayList.java:427)
at api.Request.BatchModuleRequest.batch_allGetRequest(BatchModuleRequest.java:448)
at api.StepDefinitions.BatchModuleSteps.admin_sends_the_https_request_with_get_by_batch_id_endpoint(BatchModuleSteps.java:69)
at ✽.Admin sends the HTTPS Request with GetBy BatchID endpoint(file:///C:/Users/anbum/OneDrive/Desktop/Anbu/LMS_Phase2_RestAssured/LMS_GIT/Team04_APIAvengers_LMSHackathon/src/test/resources/features/03batchModule/batchModule.feature:45)
]]>
    </failure>
  </testcase> <!-- runScenario -->
  <testcase classname="io.cucumber.testng.AbstractTestNGCucumberTests" name="runScenario" time="0.215"/>
  <testcase classname="io.cucumber.testng.AbstractTestNGCucumberTests" name="runScenario" time="0.176">
    <failure type="java.lang.AssertionError" message="expected [200] but found [404]">
      <![CDATA[java.lang.AssertionError: expected [200] but found [404]
at org.testng.Assert.fail(Assert.java:111)
at org.testng.Assert.failNotEquals(Assert.java:1578)
at org.testng.Assert.assertEqualsImpl(Assert.java:150)
at org.testng.Assert.assertEquals(Assert.java:132)
at org.testng.Assert.assertEquals(Assert.java:1419)
at org.testng.Assert.assertEquals(Assert.java:1383)
at org.testng.Assert.assertEquals(Assert.java:1429)
at api.Request.BatchModuleRequest.getBybatchIDValidation(BatchModuleRequest.java:242)
at api.StepDefinitions.BatchModuleSteps.admin_receives_status_code_with_response_body_get_by_batch_id(BatchModuleSteps.java:74)
at ✽.Admin receives status code with response body GetBy BatchID "200"(file:///C:/Users/anbum/OneDrive/Desktop/Anbu/LMS_Phase2_RestAssured/LMS_GIT/Team04_APIAvengers_LMSHackathon/src/test/resources/features/03batchModule/batchModule.feature:46)
]]>
    </failure>
  </testcase> <!-- runScenario -->
  <testcase classname="io.cucumber.testng.AbstractTestNGCucumberTests" name="runScenario" time="0.066">
    <failure type="java.lang.IndexOutOfBoundsException" message="Index 1 out of bounds for length 1">
      <![CDATA[java.lang.IndexOutOfBoundsException: Index 1 out of bounds for length 1
at java.base/jdk.internal.util.Preconditions.outOfBounds(Preconditions.java:64)
at java.base/jdk.internal.util.Preconditions.outOfBoundsCheckIndex(Preconditions.java:70)
at java.base/jdk.internal.util.Preconditions.checkIndex(Preconditions.java:266)
at java.base/java.util.Objects.checkIndex(Objects.java:361)
at java.base/java.util.ArrayList.get(ArrayList.java:427)
at api.Request.BatchModuleRequest.batch_allGetRequest(BatchModuleRequest.java:448)
at api.StepDefinitions.BatchModuleSteps.admin_sends_the_https_request_with_get_by_batch_id_endpoint(BatchModuleSteps.java:69)
at ✽.Admin sends the HTTPS Request with GetBy BatchID endpoint(file:///C:/Users/anbum/OneDrive/Desktop/Anbu/LMS_Phase2_RestAssured/LMS_GIT/Team04_APIAvengers_LMSHackathon/src/test/resources/features/03batchModule/batchModule.feature:45)
]]>
    </failure>
  </testcase> <!-- runScenario -->
  <testcase classname="io.cucumber.testng.AbstractTestNGCucumberTests" name="runScenario" time="0.238"/>
  <testcase classname="io.cucumber.testng.AbstractTestNGCucumberTests" name="runScenario" time="0.181"/>
  <testcase classname="io.cucumber.testng.AbstractTestNGCucumberTests" name="runScenario" time="0.181"/>
  <testcase classname="io.cucumber.testng.AbstractTestNGCucumberTests" name="runScenario" time="0.271"/>
  <testcase classname="io.cucumber.testng.AbstractTestNGCucumberTests" name="runScenario" time="0.274"/>
  <testcase classname="io.cucumber.testng.AbstractTestNGCucumberTests" name="runScenario" time="0.046">
    <failure type="java.lang.IndexOutOfBoundsException" message="Index 1 out of bounds for length 1">
      <![CDATA[java.lang.IndexOutOfBoundsException: Index 1 out of bounds for length 1
at java.base/jdk.internal.util.Preconditions.outOfBounds(Preconditions.java:64)
at java.base/jdk.internal.util.Preconditions.outOfBoundsCheckIndex(Preconditions.java:70)
at java.base/jdk.internal.util.Preconditions.checkIndex(Preconditions.java:266)
at java.base/java.util.Objects.checkIndex(Objects.java:361)
at java.base/java.util.ArrayList.get(ArrayList.java:427)
at api.Request.BatchModuleRequest.batch_allGetRequest(BatchModuleRequest.java:467)
at api.StepDefinitions.BatchModuleSteps.admin_sends_the_https_request_with_get_by_program_id_endpoint(BatchModuleSteps.java:110)
at ✽.Admin sends the HTTPS Request with GetBy ProgramID endpoint(file:///C:/Users/anbum/OneDrive/Desktop/Anbu/LMS_Phase2_RestAssured/LMS_GIT/Team04_APIAvengers_LMSHackathon/src/test/resources/features/03batchModule/batchModule.feature:80)
]]>
    </failure>
  </testcase> <!-- runScenario -->
  <testcase classname="io.cucumber.testng.AbstractTestNGCucumberTests" name="runScenario" time="0.087">
    <failure type="java.lang.IndexOutOfBoundsException" message="Index 1 out of bounds for length 1">
      <![CDATA[java.lang.IndexOutOfBoundsException: Index 1 out of bounds for length 1
at java.base/jdk.internal.util.Preconditions.outOfBounds(Preconditions.java:64)
at java.base/jdk.internal.util.Preconditions.outOfBoundsCheckIndex(Preconditions.java:70)
at java.base/jdk.internal.util.Preconditions.checkIndex(Preconditions.java:266)
at java.base/java.util.Objects.checkIndex(Objects.java:361)
at java.base/java.util.ArrayList.get(ArrayList.java:427)
at api.Request.BatchModuleRequest.batch_allGetRequest(BatchModuleRequest.java:467)
at api.StepDefinitions.BatchModuleSteps.admin_sends_the_https_request_with_get_by_program_id_endpoint(BatchModuleSteps.java:110)
at ✽.Admin sends the HTTPS Request with GetBy ProgramID endpoint(file:///C:/Users/anbum/OneDrive/Desktop/Anbu/LMS_Phase2_RestAssured/LMS_GIT/Team04_APIAvengers_LMSHackathon/src/test/resources/features/03batchModule/batchModule.feature:80)
]]>
    </failure>
  </testcase> <!-- runScenario -->
  <testcase classname="io.cucumber.testng.AbstractTestNGCucumberTests" name="runScenario" time="0.202"/>
  <testcase classname="io.cucumber.testng.AbstractTestNGCucumberTests" name="runScenario" time="0.034">
    <failure type="java.lang.IndexOutOfBoundsException" message="Index 1 out of bounds for length 1">
      <![CDATA[java.lang.IndexOutOfBoundsException: Index 1 out of bounds for length 1
at java.base/jdk.internal.util.Preconditions.outOfBounds(Preconditions.java:64)
at java.base/jdk.internal.util.Preconditions.outOfBoundsCheckIndex(Preconditions.java:70)
at java.base/jdk.internal.util.Preconditions.checkIndex(Preconditions.java:266)
at java.base/java.util.Objects.checkIndex(Objects.java:361)
at java.base/java.util.ArrayList.get(ArrayList.java:427)
at api.Request.BatchModuleRequest.batch_allGetRequest(BatchModuleRequest.java:467)
at api.StepDefinitions.BatchModuleSteps.admin_sends_the_https_request_with_get_by_program_id_endpoint(BatchModuleSteps.java:110)
at ✽.Admin sends the HTTPS Request with GetBy ProgramID endpoint(file:///C:/Users/anbum/OneDrive/Desktop/Anbu/LMS_Phase2_RestAssured/LMS_GIT/Team04_APIAvengers_LMSHackathon/src/test/resources/features/03batchModule/batchModule.feature:80)
]]>
    </failure>
  </testcase> <!-- runScenario -->
  <testcase classname="io.cucumber.testng.AbstractTestNGCucumberTests" name="runScenario" time="0.212">
    <failure type="java.lang.AssertionError" message="expected [200] but found [404]">
      <![CDATA[java.lang.AssertionError: expected [200] but found [404]
at org.testng.Assert.fail(Assert.java:111)
at org.testng.Assert.failNotEquals(Assert.java:1578)
at org.testng.Assert.assertEqualsImpl(Assert.java:150)
at org.testng.Assert.assertEquals(Assert.java:132)
at org.testng.Assert.assertEquals(Assert.java:1419)
at org.testng.Assert.assertEquals(Assert.java:1383)
at org.testng.Assert.assertEquals(Assert.java:1429)
at api.Request.BatchModuleRequest.getBatchByProgramIDvalidation(BatchModuleRequest.java:224)
at api.StepDefinitions.BatchModuleSteps.admin_receives_status_code_with_response_body_get_by_program_id(BatchModuleSteps.java:114)
at ✽.Admin receives status code with response body GetBy ProgramID "200"(file:///C:/Users/anbum/OneDrive/Desktop/Anbu/LMS_Phase2_RestAssured/LMS_GIT/Team04_APIAvengers_LMSHackathon/src/test/resources/features/03batchModule/batchModule.feature:81)
]]>
    </failure>
  </testcase> <!-- runScenario -->
  <testcase classname="io.cucumber.testng.AbstractTestNGCucumberTests" name="runScenario" time="0.184"/>
  <testcase classname="io.cucumber.testng.AbstractTestNGCucumberTests" name="runScenario" time="0.162"/>
  <testcase classname="io.cucumber.testng.AbstractTestNGCucumberTests" name="runScenario" time="0.276"/>
  <testcase classname="io.cucumber.testng.AbstractTestNGCucumberTests" name="runScenario" time="0.211"/>
  <testcase classname="io.cucumber.testng.AbstractTestNGCucumberTests" name="runScenario" time="0.157"/>
  <testcase classname="io.cucumber.testng.AbstractTestNGCucumberTests" name="runScenario" time="0.162"/>
  <testcase classname="io.cucumber.testng.AbstractTestNGCucumberTests" name="runScenario" time="0.278"/>
  <testcase classname="io.cucumber.testng.AbstractTestNGCucumberTests" name="runScenario" time="0.315"/>
  <testcase classname="io.cucumber.testng.AbstractTestNGCucumberTests" name="runScenario" time="0.229">
    <failure type="java.lang.AssertionError" message="Expected status code 200, but no response was received.">
      <![CDATA[java.lang.AssertionError: Expected status code 200, but no response was received.
at org.testng.Assert.fail(Assert.java:111)
at api.StepDefinitions.ProgramCreateSteps.response_status_code_should_be(ProgramCreateSteps.java:230)
at ✽.Response status code should be "200"(file:///C:/Users/anbum/OneDrive/Desktop/Anbu/LMS_Phase2_RestAssured/LMS_GIT/Team04_APIAvengers_LMSHackathon/src/test/resources/features/05deleteRequests/04programDelete.feature:9)
]]>
    </failure>
  </testcase> <!-- runScenario -->
  <testcase classname="io.cucumber.testng.AbstractTestNGCucumberTests" name="runScenario" time="0.171"/>
  <testcase classname="io.cucumber.testng.AbstractTestNGCucumberTests" name="runScenario" time="0.159"/>
  <testcase classname="io.cucumber.testng.AbstractTestNGCucumberTests" name="runScenario" time="0.161"/>
  <testcase classname="io.cucumber.testng.AbstractTestNGCucumberTests" name="runScenario" time="0.16"/>
</testsuite> <!-- Default test -->
