<?xml version="1.0" encoding="UTF-8"?>
<testng-results ignored="0" total="1" passed="1" failed="0" skipped="0">
  <reporter-output>
  </reporter-output>
  <suite started-at="2024-11-20T17:05:41 CST" name="Default suite" finished-at="2024-11-20T17:05:48 CST" duration-ms="6970">
    <groups>
      <group name="cucumber">
        <method signature="AbstractTestNGCucumberTests.runScenario(io.cucumber.testng.PickleWrapper,io.cucumber.testng.FeatureWrapper)[pri:0, instance:api.TestRunner.TestRunner@548a24a]" name="runScenario" class="io.cucumber.testng.AbstractTestNGCucumberTests"/>
      </group> <!-- cucumber -->
    </groups>
    <test started-at="2024-11-20T17:05:41 CST" name="Default test" finished-at="2024-11-20T17:05:48 CST" duration-ms="6970">
      <class name="api.TestRunner.TestRunner">
        <test-method is-config="true" signature="setUpClass(org.testng.ITestContext)[pri:0, instance:api.TestRunner.TestRunner@548a24a]" started-at="2024-11-20T17:05:41 CST" name="setUpClass" finished-at="2024-11-20T17:05:42 CST" duration-ms="1291" status="PASS">
          <params>
            <param index="0">
              <value>
                <![CDATA[org.testng.TestRunner@3278d065]]>
              </value>
            </param>
          </params>
          <reporter-output>
          </reporter-output>
        </test-method> <!-- setUpClass -->
        <test-method signature="runScenario(io.cucumber.testng.PickleWrapper,io.cucumber.testng.FeatureWrapper)[pri:0, instance:api.TestRunner.TestRunner@548a24a]" started-at="2024-11-20T17:05:42 CST" name="runScenario" description="Runs Cucumber Scenarios" data-provider="scenarios" finished-at="2024-11-20T17:05:48 CST" duration-ms="5475" status="PASS">
          <params>
            <param index="0">
              <value>
                <![CDATA["User Login Scenario"]]>
              </value>
            </param>
            <param index="1">
              <value>
                <![CDATA["User Login Module"]]>
              </value>
            </param>
          </params>
          <reporter-output>
          </reporter-output>
        </test-method> <!-- runScenario -->
        <test-method is-config="true" signature="tearDownClass()[pri:0, instance:api.TestRunner.TestRunner@548a24a]" started-at="2024-11-20T17:05:48 CST" name="tearDownClass" finished-at="2024-11-20T17:05:48 CST" duration-ms="103" status="PASS">
          <reporter-output>
          </reporter-output>
        </test-method> <!-- tearDownClass -->
      </class> <!-- api.TestRunner.TestRunner -->
    </test> <!-- Default test -->
  </suite> <!-- Default suite -->
</testng-results>
