<?xml version="1.0" encoding="UTF-8"?>
<testng-results ignored="0" total="76" passed="53" failed="23" skipped="0">
  <reporter-output>
  </reporter-output>
  <suite started-at="2024-11-25T13:06:05 EST" name="Default suite" finished-at="2024-11-25T13:06:28 EST" duration-ms="22966">
    <groups>
      <group name="cucumber">
        <method signature="AbstractTestNGCucumberTests.runScenario(io.cucumber.testng.PickleWrapper,io.cucumber.testng.FeatureWrapper)[pri:0, instance:api.TestRunner.TestRunner@5c80cf32]" name="runScenario" class="io.cucumber.testng.AbstractTestNGCucumberTests"/>
      </group> <!-- cucumber -->
    </groups>
    <test started-at="2024-11-25T13:06:05 EST" name="Default test" finished-at="2024-11-25T13:06:28 EST" duration-ms="22966">
      <class name="api.TestRunner.TestRunner">
        <test-method is-config="true" signature="setUpClass(org.testng.ITestContext)[pri:0, instance:api.TestRunner.TestRunner@5c80cf32]" started-at="2024-11-25T13:06:06 EST" name="setUpClass" finished-at="2024-11-25T13:06:07 EST" duration-ms="1081" status="PASS">
          <params>
            <param index="0">
              <value>
                <![CDATA[org.testng.TestRunner@1ca2d595]]>
              </value>
            </param>
          </params>
          <reporter-output>
          </reporter-output>
        </test-method> <!-- setUpClass -->
        <test-method signature="runScenario(io.cucumber.testng.PickleWrapper,io.cucumber.testng.FeatureWrapper)[pri:0, instance:api.TestRunner.TestRunner@5c80cf32]" started-at="2024-11-25T13:06:07 EST" name="runScenario" description="Runs Cucumber Scenarios" data-provider="scenarios" finished-at="2024-11-25T13:06:11 EST" duration-ms="4763" status="PASS">
          <params>
            <param index="0">
              <value>
                <![CDATA["User Login valid credential"]]>
              </value>
            </param>
            <param index="1">
              <value>
                <![CDATA["User Login Module"]]>
              </value>
            </param>
          </params>
          <reporter-output>
          </reporter-output>
        </test-method> <!-- runScenario -->
        <test-method signature="runScenario(io.cucumber.testng.PickleWrapper,io.cucumber.testng.FeatureWrapper)[pri:0, instance:api.TestRunner.TestRunner@5c80cf32]" started-at="2024-11-25T13:06:11 EST" name="runScenario" description="Runs Cucumber Scenarios" data-provider="scenarios" finished-at="2024-11-25T13:06:12 EST" duration-ms="329" status="PASS">
          <params>
            <param index="0">
              <value>
                <![CDATA["User Login valid credential"]]>
              </value>
            </param>
            <param index="1">
              <value>
                <![CDATA["User Login Module"]]>
              </value>
            </param>
          </params>
          <reporter-output>
          </reporter-output>
        </test-method> <!-- runScenario -->
        <test-method signature="runScenario(io.cucumber.testng.PickleWrapper,io.cucumber.testng.FeatureWrapper)[pri:0, instance:api.TestRunner.TestRunner@5c80cf32]" started-at="2024-11-25T13:06:12 EST" name="runScenario" description="Runs Cucumber Scenarios" data-provider="scenarios" finished-at="2024-11-25T13:06:12 EST" duration-ms="285" status="PASS">
          <params>
            <param index="0">
              <value>
                <![CDATA["User Login valid credential"]]>
              </value>
            </param>
            <param index="1">
              <value>
                <![CDATA["User Login Module"]]>
              </value>
            </param>
          </params>
          <reporter-output>
          </reporter-output>
        </test-method> <!-- runScenario -->
        <test-method signature="runScenario(io.cucumber.testng.PickleWrapper,io.cucumber.testng.FeatureWrapper)[pri:0, instance:api.TestRunner.TestRunner@5c80cf32]" started-at="2024-11-25T13:06:12 EST" name="runScenario" description="Runs Cucumber Scenarios" data-provider="scenarios" finished-at="2024-11-25T13:06:12 EST" duration-ms="415" status="PASS">
          <params>
            <param index="0">
              <value>
                <![CDATA["Validate API response for creating a program"]]>
              </value>
            </param>
            <param index="1">
              <value>
                <![CDATA["Create Program Module"]]>
              </value>
            </param>
          </params>
          <reporter-output>
          </reporter-output>
        </test-method> <!-- runScenario -->
        <test-method signature="runScenario(io.cucumber.testng.PickleWrapper,io.cucumber.testng.FeatureWrapper)[pri:0, instance:api.TestRunner.TestRunner@5c80cf32]" started-at="2024-11-25T13:06:12 EST" name="runScenario" description="Runs Cucumber Scenarios" data-provider="scenarios" finished-at="2024-11-25T13:06:13 EST" duration-ms="353" status="FAIL">
          <params>
            <param index="0">
              <value>
                <![CDATA["Validate API response for creating a program"]]>
              </value>
            </param>
            <param index="1">
              <value>
                <![CDATA["Create Program Module"]]>
              </value>
            </param>
          </params>
          <exception class="java.lang.AssertionError">
            <message>
              <![CDATA[Expected status code does not match actual status code. expected [201] but found [400]]]>
            </message>
            <full-stacktrace>
              <![CDATA[java.lang.AssertionError: Expected status code does not match actual status code. expected [201] but found [400]
at org.testng.Assert.fail(Assert.java:111)
at org.testng.Assert.failNotEquals(Assert.java:1578)
at org.testng.Assert.assertEqualsImpl(Assert.java:150)
at org.testng.Assert.assertEquals(Assert.java:132)
at org.testng.Assert.assertEquals(Assert.java:1419)
at org.testng.Assert.assertEquals(Assert.java:1383)
at api.StepDefinitions.ProgramCreateSteps.response_status_code_should_be(ProgramCreateSteps.java:233)
at ✽.Response status code should be "201"(file:///C:/Users/anbum/OneDrive/Desktop/Anbu/LMS_Phase2_RestAssured/LMS_GIT/Team04_APIAvengers_LMSHackathon/src/test/resources/features/02programModule/01programCreate.feature:8)
]]>
            </full-stacktrace>
          </exception> <!-- java.lang.AssertionError -->
          <reporter-output>
          </reporter-output>
        </test-method> <!-- runScenario -->
        <test-method signature="runScenario(io.cucumber.testng.PickleWrapper,io.cucumber.testng.FeatureWrapper)[pri:0, instance:api.TestRunner.TestRunner@5c80cf32]" started-at="2024-11-25T13:06:13 EST" name="runScenario" description="Runs Cucumber Scenarios" data-provider="scenarios" finished-at="2024-11-25T13:06:14 EST" duration-ms="874" status="FAIL">
          <params>
            <param index="0">
              <value>
                <![CDATA["User able to retrieve all programs with valid Endpoint"]]>
              </value>
            </param>
            <param index="1">
              <value>
                <![CDATA["Get All Programs"]]>
              </value>
            </param>
          </params>
          <exception class="java.lang.AssertionError">
            <message>
              <![CDATA[1 expectation failed.
Response body doesn't match expectation.
Expected: The content to match the given JSON schema.
error: instance type (array) does not match any allowed primitive type (allowed: ["object"])
    level: "error"
    schema: {"loadingURI":"file:/C:/Users/anbum/OneDrive/Desktop/Anbu/LMS_Phase2_RestAssured/LMS_GIT/Team04_APIAvengers_LMSHackathon/target/test-classes/schemas/ProgramDto.json#","pointer":""}
    instance: {"pointer":""}
    domain: "validation"
    keyword: "type"
    found: "array"
    expected: ["object"]

  Actual: [{"programId":16209,"programName":"SF","programDescription":"SalesForce","programStatus":"Active","creationTime":"2023-11-03T16:38:42.239+00:00","lastModTime":"2023-12-18T21:38:49.858+00:00"},{"programId":16220,"programName":"Core Java Program","programDescription":"Core Java Programming","programStatus":"Active","creationTime":"2023-12-21T07:07:32.548+00:00","lastModTime":"2023-12-21T07:09:22.476+00:00"},{"programId":16224,"programName":"Micro services","programDescription":"Micron services for developer","programStatus":"Active","creationTime":"2024-04-09T00:41:46.395+00:00","lastModTime":"2024-04-09T00:42:06.894+00:00"},{"programId":16225,"programName":"Java SpringBoot","programDescription":"For Developers","programStatus":"Inactive","creationTime":"2024-04-09T02:16:44.088+00:00","lastModTime":"2024-04-09T02:16:44.088+00:00"},{"programId":16226,"programName":"JavaLanguage","programDescription":"For SDET","programStatus":"Active","creationTime":"2024-04-09T02:17:24.325+00:00","lastModTime":"2024-04-09T02:19:05.280+00:00"},{"programId":16227,"programName":"Test Program","programDescription":"Sample","programStatus":"Active","creationTime":"2024-05-02T16:27:04.878+00:00","lastModTime":"2024-05-02T16:27:04.878+00:00"},{"programId":16213,"programName":"Java-Program","programDescription":"Java-Program","programStatus":"Active","creationTime":"2023-12-14T18:36:46.264+00:00","lastModTime":"2024-06-03T00:36:12.606+00:00"},{"programId":16228,"programName":"TestChatBot","programDescription":"testing Creation of Program","programStatus":"Inactive","creationTime":"2024-06-18T03:14:13.136+00:00","lastModTime":"2024-06-18T03:14:13.136+00:00"},{"programId":16231,"programName":"Java-oops-inheritance","programDescription":"Java for SDET","programStatus":"Inactive","creationTime":"2024-07-02T17:28:47.894+00:00","lastModTime":"2024-07-02T17:29:23.023+00:00"},{"programId":16232,"programName":"Inheritance-Java","programDescription":"Java for SDET","programStatus":"Active","creationTime":"2024-07-02T17:51:49.421+00:00","lastModTime":"2024-07-02T17:51:49.421+00:00"},{"programId":16233,"programName":"Inheritance-JavaOOPS","programDescription":"Java for SDET","programStatus":"Active","creationTime":"2024-07-03T15:48:25.678+00:00","lastModTime":"2024-07-03T15:48:25.678+00:00"},{"programId":16234,"programName":"Inheritance-JavaOOPSconcept","programDescription":"Java for SDET","programStatus":"Active","creationTime":"2024-07-06T01:20:45.017+00:00","lastModTime":"2024-07-06T01:20:45.017+00:00"},{"programId":16230,"programName":"OOPS-Java","programDescription":"Java for SDET","programStatus":"Active","creationTime":"2024-07-02T17:21:06.473+00:00","lastModTime":"2024-07-06T01:21:29.920+00:00"},{"programId":16229,"programName":"OOPS-Java-Inheritance","programDescription":"Java for SDET","programStatus":"Active","creationTime":"2024-07-02T17:16:37.779+00:00","lastModTime":"2024-07-06T01:21:58.513+00:00"},{"programId":16235,"programName":"SAP","programDescription":"SAP Basic","programStatus":"Active","creationTime":"2024-08-07T16:06:11.732+00:00","lastModTime":"2024-08-07T16:06:11.732+00:00"},{"programId":16236,"programName":"ScrumMasterProductOwner","programDescription":"Professional Training","programStatus":"Active","creationTime":"2024-08-07T16:08:49.245+00:00","lastModTime":"2024-08-07T16:08:49.245+00:00"},{"programId":16237,"programName":"Testingchatbot","programDescription":"New tool","programStatus":"Active","creationTime":"2024-08-27T18:18:30.802+00:00","lastModTime":"2024-08-27T18:18:30.802+00:00"},{"programId":16238,"programName":"Grading","programDescription":"testinggrading","programStatus":"Active","creationTime":"2024-09-17T14:43:58.317+00:00","lastModTime":"2024-09-17T14:43:58.317+00:00"},{"programId":16239,"programName":"LearnNewTech","programDescription":"New technology","programStatus":"Active","creationTime":"2024-09-17T15:27:19.018+00:00","lastModTime":"2024-09-17T15:27:19.018+00:00"},{"programId":16240,"programName":"WhyThisProgram","programDescription":"Checking123","programStatus":"Active","creationTime":"2024-09-17T16:12:27.229+00:00","lastModTime":"2024-09-17T16:12:27.229+00:00"},{"programId":16223,"programName":"DAA","programDescription":"Basic","programStatus":"Inactive","creationTime":"2024-01-12T01:43:03.160+00:00","lastModTime":"2024-10-03T18:09:07.252+00:00"},{"programId":16210,"programName":"SMPO","programDescription":"Scrum Master Product Owner","programStatus":"Inactive","creationTime":"2023-11-03T16:39:17.715+00:00","lastModTime":"2024-10-03T18:11:16.942+00:00"},{"programId":16242,"programName":"TownandCountry","programDescription":"Country","programStatus":"Active","creationTime":"2024-11-19T16:51:53.399+00:00","lastModTime":"2024-11-19T16:51:53.399+00:00"},{"programId":16208,"programName":"Updated","programDescription":"TestUpdated","programStatus":"Active","creationTime":"2023-11-03T16:37:52.985+00:00","lastModTime":"2024-11-24T22:54:27.347+00:00"},{"programId":16241,"programName":"SDET","programDescription":"TestProgram","programStatus":"Inactive","creationTime":"2024-11-19T16:18:16.362+00:00","lastModTime":"2024-11-19T16:59:26.573+00:00"},{"programId":16244,"programName":"Program-a","programDescription":"Program Desc","programStatus":"Active","creationTime":"2024-11-20T04:23:15.001+00:00","lastModTime":"2024-11-20T04:42:14.537+00:00"},{"programId":16253,"programName":"TeamProg","programDescription":"Team3Prog1","programStatus":"Inactive","creationTime":"2024-11-20T11:58:25.886+00:00","lastModTime":"2024-11-20T11:58:54.197+00:00"},{"programId":16245,"programName":"AWS","programDescription":"Cloud","programStatus":"Inactive","creationTime":"2024-11-20T05:21:05.265+00:00","lastModTime":"2024-11-20T14:00:03.422+00:00"},{"programId":16246,"programName":"Python","programDescription":"Python Learning","programStatus":"Inactive","creationTime":"2024-11-20T05:23:17.120+00:00","lastModTime":"2024-11-20T14:00:16.570+00:00"},{"programId":16247,"programName":"pythonabcdefgshiooooooooooooooolllllllll","programDescription":"Python Learning","programStatus":"Inactive","creationTime":"2024-11-20T06:47:41.032+00:00","lastModTime":"2024-11-20T14:00:40.289+00:00"},{"programId":16252,"programName":"PythonLearning","programDescription":null,"programStatus":"Inactive","creationTime":"2024-11-20T06:58:30.234+00:00","lastModTime":"2024-11-20T14:01:13.483+00:00"},{"programId":16368,"programName":"ApiNinjas-XSGN","programDescription":"Python Learning","programStatus":"Inactive","creationTime":"2024-11-23T20:12:14.007+00:00","lastModTime":"2024-11-24T15:39:55.066+00:00"},{"programId":16256,"programName":"ApiNinjasTeam","programDescription":"AWS Learning","programStatus":"Inactive","creationTime":"2024-11-20T14:09:50.135+00:00","lastModTime":"2024-11-20T14:09:50.135+00:00"},{"programId":16257,"programName":"JavaProgramMathu","programDescription":"Java Program Description","programStatus":"Inactive","creationTime":"2024-11-20T16:17:05.289+00:00","lastModTime":"2024-11-20T16:18:16.413+00:00"},{"programId":16258,"programName":"JavaProgramMathum","programDescription":"Java Program Description","programStatus":"Active","creationTime":"2024-11-20T16:25:21.166+00:00","lastModTime":"2024-11-20T16:25:21.166+00:00"},{"programId":16259,"programName":"JavaProgramMathuma","programDescription":"Java Program Description","programStatus":"Inactive","creationTime":"2024-11-20T16:29:50.613+00:00","lastModTime":"2024-11-20T16:30:01.739+00:00"},{"programId":16260,"programName":"JavaProgramathuma","programDescription":"Java Program Description","programStatus":"Active","creationTime":"2024-11-20T16:31:04.421+00:00","lastModTime":"2024-11-20T16:31:04.421+00:00"},{"programId":16285,"programName":"ApiNinjas-BC","programDescription":"Python Learning","programStatus":"Inactive","creationTime":"2024-11-22T04:02:49.901+00:00","lastModTime":"2024-11-22T04:11:08.510+00:00"},{"programId":16261,"programName":"DanceFifteen","programDescription":"SpringDanceClass","programStatus":"Inactive","creationTime":"2024-11-20T18:00:34.977+00:00","lastModTime":"2024-11-20T18:00:42.475+00:00"},{"programId":16262,"programName":"TestingBUG","programDescription":null,"programStatus":"Active","creationTime":"2024-11-21T01:25:44.830+00:00","lastModTime":"2024-11-21T01:25:44.830+00:00"},{"programId":16263,"programName":"Program-b","programDescription":null,"programStatus":"Active","creationTime":"2024-11-21T01:42:20.615+00:00","lastModTime":"2024-11-21T01:42:20.615+00:00"},{"programId":16264,"programName":"Program-c","programDescription":"Program Description","programStatus":"Inactive","creationTime":"2024-11-21T03:47:52.144+00:00","lastModTime":"2024-11-21T03:51:24.195+00:00"},{"programId":16265,"programName":"Program-y","programDescription":"Program Desc abc","programStatus":"Inactive","creationTime":"2024-11-21T04:13:03.816+00:00","lastModTime":"2024-11-21T04:14:01.363+00:00"},{"programId":16266,"programName":"Data","programDescription":"Data Analytics","programStatus":"Inactive","creationTime":"2024-11-21T04:49:03.278+00:00","lastModTime":"2024-11-21T04:50:08.639+00:00"},{"programId":16267,"programName":"Teaching","programDescription":"Data Analytics","programStatus":"Inactive","creationTime":"2024-11-21T04:49:03.614+00:00","lastModTime":"2024-11-21T04:50:21.485+00:00"},{"programId":16268,"programName":"DataA","programDescription":"DataScience","programStatus":"Inactive","creationTime":"2024-11-21T05:08:00.142+00:00","lastModTime":"2024-11-21T05:56:36.286+00:00"},{"programId":16269,"programName":"TeachingZ","programDescription":"DataScience","programStatus":"Inactive","creationTime":"2024-11-21T05:08:00.491+00:00","lastModTime":"2024-11-21T05:56:50.340+00:00"},{"programId":16272,"programName":"JavaProgramathumat","programDescription":"Java Program Description","programStatus":"Active","creationTime":"2024-11-21T13:55:28.108+00:00","lastModTime":"2024-11-21T13:55:28.108+00:00"},{"programId":16273,"programName":"ApiNinjastest","programDescription":"AWS Learning001","programStatus":"Inactive","creationTime":"2024-11-21T15:46:01.610+00:00","lastModTime":"2024-11-21T15:46:01.610+00:00"},{"programId":16274,"programName":"ApiNinjastest-","programDescription":"AWS Learning001","programStatus":"Inactive","creationTime":"2024-11-21T15:46:43.873+00:00","lastModTime":"2024-11-21T15:46:43.873+00:00"},{"programId":16254,"programName":"ApiNinjas","programDescription":"Java Programming001","programStatus":"Active","creationTime":"2024-11-20T14:05:06.486+00:00","lastModTime":"2024-11-25T00:30:43.971+00:00"},{"programId":16275,"programName":"Team-two-three-four-five-six-seven","programDescription":"","programStatus":"Inactive","creationTime":"2024-11-21T19:53:00.230+00:00","lastModTime":"2024-11-21T19:53:16.433+00:00"},{"programId":16277,"programName":"JavaProgramAnumat","programDescription":"Java Program Description","programStatus":"Active","creationTime":"2024-11-22T00:23:29.950+00:00","lastModTime":"2024-11-22T00:23:29.950+00:00"},{"programId":16279,"programName":"TeamChangeMakers-APIPhaseTwo-aaaaf","programDescription":"RestfulAPI_Java_Cucumber_BDD","programStatus":"Inactive","creationTime":"2024-11-22T01:08:10.178+00:00","lastModTime":"2024-11-22T01:11:13.020+00:00"},{"programId":16278,"programName":"TeamChangeMakers-APIPhaseTwo-aaaae","programDescription":"RestfulAPI_Java_Cucumber_BDD","programStatus":"Inactive","creationTime":"2024-11-22T00:56:50.434+00:00","lastModTime":"2024-11-22T01:11:44.355+00:00"},{"programId":16243,"programName":"Canada","programDescription":"Country","programStatus":"Inactive","creationTime":"2024-11-19T16:52:36.891+00:00","lastModTime":"2024-11-22T02:02:04.928+00:00"},{"programId":16280,"programName":"TeamChangeMakers-APIPhaseTwo-aaaag","programDescription":"RestfulAPI_Java_Cucumber_BDD","programStatus":"Inactive","creationTime":"2024-11-22T02:55:56.342+00:00","lastModTime":"2024-11-22T02:58:50.465+00:00"},{"programId":16281,"programName":"TeamChangeMakers-APIPhaseTwo-aaaah","programDescription":"RestfulAPI_Java_Cucumber_BDD","programStatus":"Inactive","creationTime":"2024-11-22T02:59:24.889+00:00","lastModTime":"2024-11-22T02:59:25.988+00:00"},{"programId":16276,"programName":"Teamthree-four-five-six-seven","programDescription":"","programStatus":"Inactive","creationTime":"2024-11-21T22:46:22.733+00:00","lastModTime":"2024-11-22T03:21:25.235+00:00"},{"programId":16282,"programName":"star","programDescription":"                         ","programStatus":"Active","creationTime":"2024-11-22T03:43:56.122+00:00","lastModTime":"2024-11-22T03:43:56.122+00:00"},{"programId":16255,"programName":"ApiNinjasProg","programDescription":"PythonLearning","programStatus":"Inactive","creationTime":"2024-11-20T14:08:46.194+00:00","lastModTime":"2024-11-22T03:44:52.642+00:00"},{"programId":16283,"programName":"MATHUJSON","programDescription":"Mathu Json Desc","programStatus":"Active","creationTime":"2024-11-22T03:46:05.124+00:00","lastModTime":"2024-11-22T03:46:05.124+00:00"},{"programId":16284,"programName":"ApiNinjas-A","programDescription":"AWS Learning002","programStatus":"Inactive","creationTime":"2024-11-22T03:56:37.445+00:00","lastModTime":"2024-11-22T03:56:51.780+00:00"},{"programId":16291,"programName":"-------","programDescription":"Ab0","programStatus":"Inactive","creationTime":"2024-11-22T05:24:42.834+00:00","lastModTime":"2024-11-22T05:42:26.315+00:00"},{"programId":16292,"programName":"prgName","programDescription":"Ab0467","programStatus":"Inactive","creationTime":"2024-11-22T05:32:25.326+00:00","lastModTime":"2024-11-22T05:42:47.035+00:00"},{"programId":16293,"programName":"prgNamesample","programDescription":null,"programStatus":"Inactive","creationTime":"2024-11-22T05:33:13.918+00:00","lastModTime":"2024-11-22T05:43:02.998+00:00"},{"programId":16294,"programName":"prgNamesampleone","programDescription":null,"programStatus":"Inactive","creationTime":"2024-11-22T05:33:52.462+00:00","lastModTime":"2024-11-22T05:43:12.645+00:00"},{"programId":16295,"programName":"prgNamesampletwo","programDescription":null,"programStatus":"Inactive","creationTime":"2024-11-22T05:35:10.341+00:00","lastModTime":"2024-11-22T05:43:26.665+00:00"},{"programId":16296,"programName":"prgNamesamplethree","programDescription":null,"programStatus":"Inactive","creationTime":"2024-11-22T05:35:46.477+00:00","lastModTime":"2024-11-22T05:43:30.795+00:00"},{"programId":16297,"programName":"prgNamesamplethreefour","programDescription":null,"programStatus":"Inactive","creationTime":"2024-11-22T05:36:20.886+00:00","lastModTime":"2024-11-22T05:43:48.468+00:00"},{"programId":16298,"programName":"prgNamesamplethreefourfive","programDescription":null,"programStatus":"Inactive","creationTime":"2024-11-22T05:37:03.662+00:00","lastModTime":"2024-11-22T05:43:52.164+00:00"},{"programId":16287,"programName":"ApiNinjas-TIKC","programDescription":"Python Learning","programStatus":"Inactive","creationTime":"2024-11-22T04:58:41.885+00:00","lastModTime":"2024-11-22T08:08:09.295+00:00"},{"programId":16288,"programName":"ApiNinjas-KRCR","programDescription":"Python Learning","programStatus":"Inactive","creationTime":"2024-11-22T05:00:04.338+00:00","lastModTime":"2024-11-22T08:08:28.441+00:00"},{"programId":16286,"programName":"ApiNinjas-BCD","programDescription":"Python Learning","programStatus":"Inactive","creationTime":"2024-11-22T04:13:03.771+00:00","lastModTime":"2024-11-22T08:09:02.255+00:00"},{"programId":16367,"programName":"ApiNinjas-NEFC","programDescription":"Python Learning","programStatus":"Active","creationTime":"2024-11-23T20:12:13.561+00:00","lastModTime":"2024-11-23T20:12:13.561+00:00"},{"programId":16369,"programName":"ApiNinjas-WQZR","programDescription":"Python Learning","programStatus":"Inactive","creationTime":"2024-11-23T20:14:01.160+00:00","lastModTime":"2024-11-23T20:14:03.288+00:00"},{"programId":16370,"programName":"ApiNinjas-UIPT","programDescription":"Python Learning","programStatus":"Inactive","creationTime":"2024-11-23T20:14:01.502+00:00","lastModTime":"2024-11-23T20:14:03.403+00:00"},{"programId":16371,"programName":"QA","programDescription":"TestQ","programStatus":"Active","creationTime":"2024-11-23T20:43:34.891+00:00","lastModTime":"2024-11-23T20:43:34.891+00:00"},{"programId":16372,"programName":"PhaseTWOAPIRestAssuredNovemberThree","programDescription":"RestfulAPI_Java_BDD_Nov3","programStatus":"Active","creationTime":"2024-11-23T20:44:41.656+00:00","lastModTime":"2024-11-23T20:44:41.656+00:00"},{"programId":16373,"programName":"QAAvg","programDescription":"TestQQ","programStatus":"Active","creationTime":"2024-11-23T20:47:36.423+00:00","lastModTime":"2024-11-23T20:47:36.423+00:00"},{"programId":16374,"programName":"Numpy","programDescription":"","programStatus":"Active","creationTime":"2024-11-23T20:51:40.288+00:00","lastModTime":"2024-11-23T20:51:40.288+00:00"},{"programId":16375,"programName":"John","programDescription":"tester","programStatus":"Active","creationTime":"2024-11-23T20:56:40.115+00:00","lastModTime":"2024-11-23T20:56:40.115+00:00"},{"programId":16376,"programName":"Jim","programDescription":"","programStatus":"Active","creationTime":"2024-11-23T20:56:41.059+00:00","lastModTime":"2024-11-23T20:56:41.059+00:00"},{"programId":16378,"programName":"Jame","programDescription":"","programStatus":"Active","creationTime":"2024-11-23T21:07:18.183+00:00","lastModTime":"2024-11-23T21:07:18.183+00:00"},{"programId":16379,"programName":"Cris","programDescription":"tester","programStatus":"Active","creationTime":"2024-11-23T21:10:19.999+00:00","lastModTime":"2024-11-23T21:10:19.999+00:00"},{"programId":16377,"programName":"APIAvg-a","programDescription":"Program Desc","programStatus":"Active","creationTime":"2024-11-23T21:07:17.544+00:00","lastModTime":"2024-11-23T21:30:36.533+00:00"},{"programId":16289,"programName":"AAAAAAAAAAAAAAAAAAAAAAAAAAAAAAAAAAAAAAAAAAAAAAAAAAAAAAAAAAAAAAAAAAAAAAAAAAAAAAAAAAAAAAAAAAAAAAAAAAAAAAAAAAAAAAAAAAAAAAAAAAAAAAAAAAAAAAAAAAAAAAAAAAAAAAAAAAAAAAAAAAAAAAAAAAAAAAAAAAAAAAAAAAAAAAAAAAAAAAAAAAAAAAAAAAAAAAAAAAAAAAAAA","programDescription":"Ab0","programStatus":"Inactive","creationTime":"2024-11-22T05:20:50.707+00:00","lastModTime":"2024-11-22T05:40:31.005+00:00"},{"programId":16290,"programName":"AAAAAAAAAAAAAAAAAAAAAAAAAAAAAAAAAAAAAAAAAAAAAAAAAAAAAAAAAAAAAAAAAAAAAAAAAAAAAAAAAAAAAAAAAAAAAAAAAAAAAAAAAAAAAAAAAAAAAAAAAAAAAAAAAAAAAAAAAAAAAAAAAAAAAAAAAAAAAAAAAAAAAAAAAAAAAAAAAAAAAAAAAAAAAAAAAAAAAAAAAAAAAAAAAAAAAAAAAAAAAAAAAAAAAAAAAAAAAAAAAAAAAAAAAAAAAAAAAAAAAAAAAAAAAAAAAAAAAAAAAAAAAAAAAAAAAAAAAAAAAAAAAAAAAAAAAAAAAAAAAAAAAAAAAAAAAAAAAAAAAAAAAAAAAAAAAAAAAAAAAAAAAAAAAAAAAAAAAAAAAAAAAAAAAAAAAAAAAAAAAAAAAAAAAAAAAAAAAAAAAAAAAAAAAAAAAAAAAAAAAAAAAAAAAAAAAAAAAAAAAAAAAAAAAAAAAAAAAAAAAAAAAAAAAAAAAAAAAAAAAAAAAAAAAAAAAAAAAAAAAAAAAAAAAAAAAAAAAAAAAAAAAAAAAAAAAAAAAAAAAAAAAAAAAAAAAAAAAAAAAAAAAAAAAAAAAAAAAAAAAAAAAAAAAAAAAAAAAAAAAAAAAAAAAAAAAAAAAAAAAAAAAAAAAAAAAAAAAAAAAAAAAAAAAAAAAAAAAAAAAAAAAAAAAAAAAAAAAAAAAAAAAAAAAAAAAAAAAAAAAAAAAAAAAAAAAAAAAA","programDescription":"Ab0","programStatus":"Inactive","creationTime":"2024-11-22T05:21:42.794+00:00","lastModTime":"2024-11-22T05:40:48.876+00:00"},{"programId":16299,"programName":"DAgeresvr","programDescription":"Analytics","programStatus":"Active","creationTime":"2024-11-22T05:53:35.695+00:00","lastModTime":"2024-11-22T05:53:35.695+00:00"},{"programId":16311,"programName":"AvgAPI","programDescription":"TestB","programStatus":"Active","creationTime":"2024-11-22T07:53:57.546+00:00","lastModTime":"2024-11-22T07:53:57.546+00:00"},{"programId":16312,"programName":"ApiNinjas-IBIP","programDescription":"Python Learning","programStatus":"Active","creationTime":"2024-11-22T08:05:13.908+00:00","lastModTime":"2024-11-22T08:05:13.908+00:00"},{"programId":16300,"programName":"ApiNinjas-MFLA","programDescription":"Python Learning","programStatus":"Inactive","creationTime":"2024-11-22T06:21:05.503+00:00","lastModTime":"2024-11-22T08:11:10.705+00:00"},{"programId":16301,"programName":"ApiNinjas-JZOA","programDescription":"Python Learning","programStatus":"Inactive","creationTime":"2024-11-22T06:22:39.939+00:00","lastModTime":"2024-11-22T08:11:14.667+00:00"},{"programId":16302,"programName":"ApiNinjas-BYMM","programDescription":"Python Learning","programStatus":"Inactive","creationTime":"2024-11-22T06:23:55.138+00:00","lastModTime":"2024-11-22T08:11:46.766+00:00"},{"programId":16303,"programName":"ApiNinjas-QBXX","programDescription":"Python Learning","programStatus":"Inactive","creationTime":"2024-11-22T06:26:19.153+00:00","lastModTime":"2024-11-22T08:11:50.596+00:00"},{"programId":16304,"programName":"ApiNinjas-FNTI","programDescription":"Python Learning","programStatus":"Inactive","creationTime":"2024-11-22T06:30:17.057+00:00","lastModTime":"2024-11-22T08:11:53.825+00:00"},{"programId":16305,"programName":"ApiNinjas-HCOE","programDescription":"Python Learning","programStatus":"Inactive","creationTime":"2024-11-22T06:56:02.147+00:00","lastModTime":"2024-11-22T08:11:57.019+00:00"},{"programId":16306,"programName":"ApiNinjas-VEEJ","programDescription":"Python Learning","programStatus":"Inactive","creationTime":"2024-11-22T07:00:13.765+00:00","lastModTime":"2024-11-22T08:12:01.312+00:00"},{"programId":16307,"programName":"ApiNinjas-RIGK","programDescription":"Python Learning","programStatus":"Inactive","creationTime":"2024-11-22T07:03:08.501+00:00","lastModTime":"2024-11-22T08:12:06.271+00:00"},{"programId":16308,"programName":"APIAvg","programDescription":"TestingA","programStatus":"Inactive","creationTime":"2024-11-22T07:12:17.738+00:00","lastModTime":"2024-11-22T08:12:11.032+00:00"},{"programId":16309,"programName":"ApiNinjas-WLWC","programDescription":"Python Learning","programStatus":"Inactive","creationTime":"2024-11-22T07:18:25.899+00:00","lastModTime":"2024-11-22T08:12:15.514+00:00"},{"programId":16310,"programName":"ApiNinjas-HHCF","programDescription":"Python Learning","programStatus":"Inactive","creationTime":"2024-11-22T07:40:38.382+00:00","lastModTime":"2024-11-22T08:12:19.938+00:00"},{"programId":16313,"programName":"ApiNinjas-WJGJ","programDescription":"Python Learning","programStatus":"Active","creationTime":"2024-11-22T08:17:46.626+00:00","lastModTime":"2024-11-22T08:17:46.626+00:00"},{"programId":16314,"programName":"ApiNinjas-EXNH","programDescription":"Python Learning","programStatus":"Active","creationTime":"2024-11-22T08:18:49.393+00:00","lastModTime":"2024-11-22T08:18:49.393+00:00"},{"programId":16315,"programName":"nugusdz","programDescription":"System Applications","programStatus":"Active","creationTime":"2024-11-22T15:18:45.731+00:00","lastModTime":"2024-11-22T15:18:45.731+00:00"},{"programId":16318,"programName":"kjhgw","programDescription":"SystemApplication","programStatus":"Inactive","creationTime":"2024-11-22T16:00:09.421+00:00","lastModTime":"2024-11-24T18:46:38.566+00:00"},{"programId":16319,"programName":"PythonLearning-aa","programDescription":null,"programStatus":"Active","creationTime":"2024-11-22T18:27:27.385+00:00","lastModTime":"2024-11-22T18:27:27.385+00:00"},{"programId":16316,"programName":"Avengers","programDescription":"TestC","programStatus":"Inactive","creationTime":"2024-11-22T15:32:27.428+00:00","lastModTime":"2024-11-22T18:38:10.909+00:00"},{"programId":16484,"programName":"jifid","programDescription":null,"programStatus":"Active","creationTime":"2024-11-24T20:59:15.123+00:00","lastModTime":"2024-11-24T20:59:15.123+00:00"},{"programId":16643,"programName":"ApiNinjas-YFGU","programDescription":"Python Learning","programStatus":"Inactive","creationTime":"2024-11-25T14:12:54.681+00:00","lastModTime":"2024-11-25T14:12:59.090+00:00"},{"programId":16338,"programName":"TeamChangeMakers-APIPhaseTwo-aaaau-Updated","programDescription":"RestfulAPI_Java_Cucumber_BDDUpdated","programStatus":"Active","creationTime":"2024-11-23T01:53:44.524+00:00","lastModTime":"2024-11-25T06:49:40.796+00:00"},{"programId":16320,"programName":"DanceSixteen","programDescription":"SpringDanceClass","programStatus":"Inactive","creationTime":"2024-11-22T18:49:14.153+00:00","lastModTime":"2024-11-22T18:49:20.096+00:00"},{"programId":16323,"programName":"ApiNinjas-EEIE","programDescription":"Python Learning","programStatus":"Active","creationTime":"2024-11-22T19:20:47.280+00:00","lastModTime":"2024-11-22T19:20:47.280+00:00"},{"programId":16324,"programName":"ApiNinjas-PVZE","programDescription":"Python Learning","programStatus":"Active","creationTime":"2024-11-22T19:21:23.463+00:00","lastModTime":"2024-11-22T19:21:23.463+00:00"},{"programId":16321,"programName":"AvengersTest","programDescription":"TestD","programStatus":"Inactive","creationTime":"2024-11-22T19:15:03.165+00:00","lastModTime":"2024-11-22T19:34:28.378+00:00"},{"programId":16322,"programName":"JavaX","programDescription":"","programStatus":"Inactive","creationTime":"2024-11-22T19:15:04.310+00:00","lastModTime":"2024-11-22T19:34:41.942+00:00"},{"programId":16325,"programName":"ApiNinjas-TSNL","programDescription":"Python Learning","programStatus":"Active","creationTime":"2024-11-22T19:47:18.834+00:00","lastModTime":"2024-11-22T19:47:18.834+00:00"},{"programId":16326,"programName":"ApiNinjas-YVJJ","programDescription":"Python Learning","programStatus":"Active","creationTime":"2024-11-22T19:51:33.564+00:00","lastModTime":"2024-11-22T19:51:33.564+00:00"},{"programId":16327,"programName":"ApiNinjas-EAZG","programDescription":"Python Learning","programStatus":"Active","creationTime":"2024-11-22T19:54:33.609+00:00","lastModTime":"2024-11-22T19:54:33.609+00:00"},{"programId":16328,"programName":"ApiNinjas-DIAD","programDescription":"Python Learning","programStatus":"Active","creationTime":"2024-11-22T20:10:01.413+00:00","lastModTime":"2024-11-22T20:10:01.413+00:00"},{"programId":16329,"programName":"ExcelInJava","programDescription":"Excel Read and Write in Java","programStatus":"Inactive","creationTime":"2024-11-22T21:11:28.671+00:00","lastModTime":"2024-11-22T21:11:28.671+00:00"},{"programId":16330,"programName":"AI","programDescription":"Artificial Intelligence","programStatus":"Active","creationTime":"2024-11-22T22:39:36.254+00:00","lastModTime":"2024-11-22T22:39:36.254+00:00"},{"programId":16331,"programName":"TeamthreeWar","programDescription":"                                     ","programStatus":"Active","creationTime":"2024-11-22T22:58:49.850+00:00","lastModTime":"2024-11-22T22:58:49.850+00:00"},{"programId":16333,"programName":"TeamChangeMakers-APIPhaseTwo-aaaar","programDescription":null,"programStatus":"Inactive","creationTime":"2024-11-22T23:18:35.783+00:00","lastModTime":"2024-11-22T23:18:35.783+00:00"},{"programId":16332,"programName":"TeamChangeMakers-APIPhaseTwo-aaaaq","programDescription":"RestfulAPI_Java_Cucumber_BDD","programStatus":"Inactive","creationTime":"2024-11-22T23:18:35.198+00:00","lastModTime":"2024-11-22T23:18:36.895+00:00"},{"programId":16334,"programName":"TestingBUGs","programDescription":null,"programStatus":"Active","creationTime":"2024-11-22T23:51:04.053+00:00","lastModTime":"2024-11-22T23:51:04.053+00:00"},{"programId":16335,"programName":"Teamthreeinactive","programDescription":"                                     ","programStatus":"Inactive","creationTime":"2024-11-22T23:56:42.370+00:00","lastModTime":"2024-11-22T23:56:42.370+00:00"},{"programId":16337,"programName":"TeamChangeMakers-APIPhaseTwo-aaaat","programDescription":null,"programStatus":"Inactive","creationTime":"2024-11-23T01:29:42.082+00:00","lastModTime":"2024-11-23T01:29:42.082+00:00"},{"programId":16336,"programName":"TeamChangeMakers-APIPhaseTwo-aaaas","programDescription":"RestfulAPI_Java_Cucumber_BDD","programStatus":"Inactive","creationTime":"2024-11-23T01:29:41.483+00:00","lastModTime":"2024-11-23T01:29:44.082+00:00"},{"programId":16341,"programName":"PhaseTWOAPIRestAssuredNovember","programDescription":"RestfulAPI_Java_BDD_Nov1","programStatus":"Active","creationTime":"2024-11-23T04:32:48.619+00:00","lastModTime":"2024-11-23T04:32:48.619+00:00"},{"programId":16342,"programName":"PhaseTWOAPIRestAssuredNovemberOne","programDescription":"RestfulAPI_Java_BDD_Nov1","programStatus":"Active","creationTime":"2024-11-23T04:40:40.833+00:00","lastModTime":"2024-11-23T04:40:40.833+00:00"},{"programId":16343,"programName":"PhaseTWOAPIRestAssuredNovemberTwo","programDescription":"RestfulAPI_Java_BDD_Nov2","programStatus":"Active","creationTime":"2024-11-23T04:43:10.309+00:00","lastModTime":"2024-11-23T04:43:10.309+00:00"},{"programId":16345,"programName":"TeamChangeMakers-APIPhaseTwo-aaaax","programDescription":null,"programStatus":"Inactive","creationTime":"2024-11-23T05:42:50.165+00:00","lastModTime":"2024-11-23T05:42:51.904+00:00"},{"programId":16344,"programName":"TeamChangeMakers-APIPhaseTwo-aaaaw-Updated","programDescription":"RestfulAPI_Java_Cucumber_BDDUpdated","programStatus":"Inactive","creationTime":"2024-11-23T05:42:49.564+00:00","lastModTime":"2024-11-23T05:42:52.457+00:00"},{"programId":16346,"programName":"ProgramTestOneTwoFour","programDescription":"hKP Wcdlq2egXRc-N9dymIikDWxE.j4J6QpQZ1kfjHgPTJ0hUKj0A-_euTIm9n:DPHrCMr6L3RDUXLBBbrf:3","programStatus":"Active","creationTime":"2024-11-23T06:11:54.486+00:00","lastModTime":"2024-11-23T06:25:37.201+00:00"},{"programId":16347,"programName":"TeamChangeMakers-APIPhaseTwo-aaaad-Updated","programDescription":"RestfulAPI_Java_Cucumber_BDDUpdated","programStatus":"Inactive","creationTime":"2024-11-23T07:04:02.482+00:00","lastModTime":"2024-11-23T07:04:03.557+00:00"},{"programId":16349,"programName":"TeamChangeMakers-APIPhaseTwo-aaabc","programDescription":null,"programStatus":"Inactive","creationTime":"2024-11-23T08:09:15.256+00:00","lastModTime":"2024-11-23T08:09:16.952+00:00"},{"programId":16348,"programName":"TeamChangeMakers-APIPhaseTwo-aaabb-Updated","programDescription":"RestfulAPI_Java_Cucumber_BDDUpdated","programStatus":"Inactive","creationTime":"2024-11-23T08:09:14.654+00:00","lastModTime":"2024-11-23T08:09:17.510+00:00"},{"programId":16350,"programName":"ApiNinjas-LJPO","programDescription":"Python Learning","programStatus":"Active","creationTime":"2024-11-23T13:30:38.398+00:00","lastModTime":"2024-11-23T13:30:38.398+00:00"},{"programId":16351,"programName":"ApiNinjas-GJXR","programDescription":"Python Learning","programStatus":"Active","creationTime":"2024-11-23T13:37:44.548+00:00","lastModTime":"2024-11-23T13:37:44.548+00:00"},{"programId":16352,"programName":"JavaProgramyara","programDescription":"Java Program Description","programStatus":"Active","creationTime":"2024-11-23T15:21:44.754+00:00","lastModTime":"2024-11-23T15:21:44.754+00:00"},{"programId":16353,"programName":"ApiNinjas-MJEV","programDescription":"Python Learning","programStatus":"Active","creationTime":"2024-11-23T17:28:49.958+00:00","lastModTime":"2024-11-23T17:28:49.958+00:00"},{"programId":16354,"programName":"ApiNinjas-BXYH","programDescription":"Python Learning","programStatus":"Active","creationTime":"2024-11-23T17:32:25.605+00:00","lastModTime":"2024-11-23T17:32:25.605+00:00"},{"programId":16355,"programName":"ApiNinjas-LATF","programDescription":"Python Learning","programStatus":"Active","creationTime":"2024-11-23T17:35:16.295+00:00","lastModTime":"2024-11-23T17:35:16.295+00:00"},{"programId":16357,"programName":"ApiNinjas-GBJW","programDescription":"Python Learning001","programStatus":"Active","creationTime":"2024-11-23T18:23:41.504+00:00","lastModTime":"2024-11-23T18:23:46.144+00:00"},{"programId":16358,"programName":"ApiNinjas-GRYD","programDescription":"Python Learning001","programStatus":"Active","creationTime":"2024-11-23T18:32:16.416+00:00","lastModTime":"2024-11-23T18:32:23.634+00:00"},{"programId":16359,"programName":"ApiNinjas-AUMS","programDescription":"Python Learning004","programStatus":"Active","creationTime":"2024-11-23T19:04:02.870+00:00","lastModTime":"2024-11-23T19:04:07.256+00:00"},{"programId":16360,"programName":"ApiNinjas-RVRM","programDescription":"Python Learning004","programStatus":"Active","creationTime":"2024-11-23T19:27:26.098+00:00","lastModTime":"2024-11-23T19:27:29.917+00:00"},{"programId":16361,"programName":"ApiNinjas-GAKE","programDescription":"Python Learning004","programStatus":"Active","creationTime":"2024-11-23T19:35:09.337+00:00","lastModTime":"2024-11-23T19:35:13.192+00:00"},{"programId":16362,"programName":"ApiNinjas-ELXL","programDescription":"Python Learning004","programStatus":"Active","creationTime":"2024-11-23T19:37:59.641+00:00","lastModTime":"2024-11-23T19:38:03.462+00:00"},{"programId":16363,"programName":"ApiNinjas-FXWO","programDescription":"Python Learning004","programStatus":"Active","creationTime":"2024-11-23T19:40:56.061+00:00","lastModTime":"2024-11-23T19:41:00.494+00:00"},{"programId":16364,"programName":"ApiNinjas-DVPP","programDescription":"Python Learning","programStatus":"Active","creationTime":"2024-11-23T19:44:31.579+00:00","lastModTime":"2024-11-23T19:44:31.579+00:00"},{"programId":16365,"programName":"ApiNinjas-XMEB","programDescription":"Python Learning","programStatus":"Active","creationTime":"2024-11-23T20:07:34.067+00:00","lastModTime":"2024-11-23T20:07:34.067+00:00"},{"programId":16366,"programName":"ApiNinjas-LPQV","programDescription":"Python Learning","programStatus":"Active","creationTime":"2024-11-23T20:07:34.524+00:00","lastModTime":"2024-11-23T20:07:34.524+00:00"},{"programId":16340,"programName":"kjhg","programDescription":"khjj","programStatus":"Active","creationTime":"2024-11-23T03:00:35.595+00:00","lastModTime":"2024-11-24T03:28:01.008+00:00"},{"programId":16381,"programName":"Fargo","programDescription":"","programStatus":"Active","creationTime":"2024-11-23T21:39:02.199+00:00","lastModTime":"2024-11-23T21:39:02.199+00:00"},{"programId":16380,"programName":"RubyAPI","programDescription":"TestS","programStatus":"Active","creationTime":"2024-11-23T21:39:01.900+00:00","lastModTime":"2024-11-23T21:39:04.826+00:00"},{"programId":16382,"programName":"PhaseTWOAPIRestAssuredNovemberFour","programDescription":"RestfulAPI_Java_BDD_Nov4","programStatus":"Active","creationTime":"2024-11-23T22:03:43.667+00:00","lastModTime":"2024-11-23T22:03:43.667+00:00"},{"programId":16383,"programName":"PhaseTWOAPIRestAssuredNovemberFive","programDescription":"RestfulAPI_Java_BDD_Nov5","programStatus":"Active","creationTime":"2024-11-23T22:17:05.437+00:00","lastModTime":"2024-11-23T22:17:05.437+00:00"},{"programId":16385,"programName":"TeamChangeMakers-APIPhaseTwo-aaabi","programDescription":null,"programStatus":"Inactive","creationTime":"2024-11-23T22:18:51.256+00:00","lastModTime":"2024-11-23T22:18:52.967+00:00"},{"programId":16384,"programName":"TeamChangeMakers-APIPhaseTwo-aaabh-Updated","programDescription":"RestfulAPI_Java_Cucumber_BDDUpdated","programStatus":"Inactive","creationTime":"2024-11-23T22:18:50.635+00:00","lastModTime":"2024-11-23T22:18:53.618+00:00"},{"programId":16386,"programName":"PhaseTWOAPIRestAssuredNovemberSix","programDescription":"RestfulAPI_Java_BDD_Nov6","programStatus":"Active","creationTime":"2024-11-23T22:27:33.998+00:00","lastModTime":"2024-11-23T22:27:33.998+00:00"},{"programId":16406,"programName":"RubyJ","programDescription":"tester","programStatus":"Inactive","creationTime":"2024-11-24T05:20:02.780+00:00","lastModTime":"2024-11-24T05:20:03.188+00:00"},{"programId":16388,"programName":"TeamChangeMakers-APIPhaseTwo-aaabm","programDescription":null,"programStatus":"Inactive","creationTime":"2024-11-23T22:29:31.643+00:00","lastModTime":"2024-11-23T22:29:33.543+00:00"},{"programId":16387,"programName":"TeamChangeMakers-APIPhaseTwo-aaabl-Updated","programDescription":"RestfulAPI_Java_Cucumber_BDDUpdated","programStatus":"Inactive","creationTime":"2024-11-23T22:29:31.032+00:00","lastModTime":"2024-11-23T22:29:34.070+00:00"},{"programId":16389,"programName":"PhaseTWOAPIRestAssuredNovemberSeven","programDescription":"RestfulAPI_Java_BDD_Nov7","programStatus":"Active","creationTime":"2024-11-23T22:31:50.560+00:00","lastModTime":"2024-11-23T22:31:50.560+00:00"},{"programId":16390,"programName":"teamThreeProgram","programDescription":"","programStatus":"Active","creationTime":"2024-11-24T00:17:30.094+00:00","lastModTime":"2024-11-24T00:17:30.094+00:00"},{"programId":16391,"programName":"Chevy","programDescription":"tester","programStatus":"Active","creationTime":"2024-11-24T00:19:57.363+00:00","lastModTime":"2024-11-24T00:19:57.363+00:00"},{"programId":16392,"programName":"Chase","programDescription":"","programStatus":"Active","creationTime":"2024-11-24T00:19:57.671+00:00","lastModTime":"2024-11-24T00:19:57.671+00:00"},{"programId":16393,"programName":"Team-three-Apiwarriers","programDescription":"java","programStatus":"Active","creationTime":"2024-11-24T00:37:16.372+00:00","lastModTime":"2024-11-24T00:37:16.372+00:00"},{"programId":16394,"programName":"hjgjghm","programDescription":"tester","programStatus":"Inactive","creationTime":"2024-11-24T00:42:40.894+00:00","lastModTime":"2024-11-24T00:45:40.550+00:00"},{"programId":16395,"programName":"jgyts","programDescription":"","programStatus":"Inactive","creationTime":"2024-11-24T00:42:41.303+00:00","lastModTime":"2024-11-24T00:45:54.215+00:00"},{"programId":16405,"programName":"RubyI","programDescription":"tester","programStatus":"Inactive","creationTime":"2024-11-24T05:15:40.615+00:00","lastModTime":"2024-11-24T05:20:20.495+00:00"},{"programId":16396,"programName":"Csharp","programDescription":"Class","programStatus":"Inactive","creationTime":"2024-11-24T00:48:58.599+00:00","lastModTime":"2024-11-24T00:57:47.327+00:00"},{"programId":16397,"programName":"jjuyts","programDescription":"","programStatus":"Inactive","creationTime":"2024-11-24T00:48:59.014+00:00","lastModTime":"2024-11-24T00:57:56.009+00:00"},{"programId":16404,"programName":"Javao","programDescription":"descp","programStatus":"Inactive","creationTime":"2024-11-24T04:56:05.089+00:00","lastModTime":"2024-11-24T05:20:25.324+00:00"},{"programId":16398,"programName":"Cplus","programDescription":"Class","programStatus":"Inactive","creationTime":"2024-11-24T01:04:45.870+00:00","lastModTime":"2024-11-24T01:05:51.341+00:00"},{"programId":16403,"programName":"RubyH","programDescription":"tester","programStatus":"Inactive","creationTime":"2024-11-24T04:56:04.773+00:00","lastModTime":"2024-11-24T05:20:29.331+00:00"},{"programId":16399,"programName":"Cplusruby","programDescription":"Class","programStatus":"Inactive","creationTime":"2024-11-24T01:06:38.278+00:00","lastModTime":"2024-11-24T01:08:11.967+00:00"},{"programId":16400,"programName":"queen","programDescription":"","programStatus":"Inactive","creationTime":"2024-11-24T01:06:38.703+00:00","lastModTime":"2024-11-24T01:08:17.143+00:00"},{"programId":16317,"programName":"team-ThreePrograms","programDescription":"SystemApplication","programStatus":"Inactive","creationTime":"2024-11-22T16:00:09.016+00:00","lastModTime":"2024-11-24T01:19:06.877+00:00"},{"programId":16401,"programName":"TestingBUGGG","programDescription":null,"programStatus":"Active","creationTime":"2024-11-24T04:29:19.452+00:00","lastModTime":"2024-11-24T04:29:19.452+00:00"},{"programId":16402,"programName":"Cplust","programDescription":"Classs","programStatus":"Inactive","creationTime":"2024-11-24T04:42:39.128+00:00","lastModTime":"2024-11-24T04:52:57.709+00:00"},{"programId":16407,"programName":"APIWarriorsProgram","programDescription":"APIWarriorsProgram001 Description","programStatus":"Inactive","creationTime":"2024-11-24T05:23:37.839+00:00","lastModTime":"2024-11-24T05:24:03.070+00:00"},{"programId":16687,"programName":"bintee","programDescription":"","programStatus":"Active","creationTime":"2024-11-25T16:11:23.321+00:00","lastModTime":"2024-11-25T16:11:23.321+00:00"},{"programId":16408,"programName":"Cplusu","programDescription":"Classs","programStatus":"Inactive","creationTime":"2024-11-24T07:30:29.667+00:00","lastModTime":"2024-11-24T07:35:57.048+00:00"},{"programId":16409,"programName":"Javap","programDescription":"desco","programStatus":"Inactive","creationTime":"2024-11-24T07:30:30.080+00:00","lastModTime":"2024-11-24T07:36:00.805+00:00"},{"programId":16410,"programName":"Rubykk","programDescription":"tester","programStatus":"Inactive","creationTime":"2024-11-24T07:36:49.182+00:00","lastModTime":"2024-11-24T07:36:49.622+00:00"},{"programId":16411,"programName":"Cpluop","programDescription":"Classs","programStatus":"Inactive","creationTime":"2024-11-24T07:51:09.767+00:00","lastModTime":"2024-11-24T07:53:32.656+00:00"},{"programId":16412,"programName":"Javaqw","programDescription":"desco","programStatus":"Inactive","creationTime":"2024-11-24T07:51:10.215+00:00","lastModTime":"2024-11-24T07:53:35.876+00:00"},{"programId":16413,"programName":"APIAvgab","programDescription":"ClassDesc","programStatus":"Inactive","creationTime":"2024-11-24T08:23:22.093+00:00","lastModTime":"2024-11-24T08:28:02.139+00:00"},{"programId":16414,"programName":"Javapun","programDescription":"","programStatus":"Inactive","creationTime":"2024-11-24T08:23:22.543+00:00","lastModTime":"2024-11-24T08:28:06.269+00:00"},{"programId":16415,"programName":"APIAb","programDescription":"ClassDesc","programStatus":"Inactive","creationTime":"2024-11-24T08:30:32.144+00:00","lastModTime":"2024-11-24T08:32:15.598+00:00"},{"programId":16416,"programName":"Javaab","programDescription":"","programStatus":"Inactive","creationTime":"2024-11-24T08:30:32.512+00:00","lastModTime":"2024-11-24T08:32:18.666+00:00"},{"programId":16418,"programName":"Javaac","programDescription":"","programStatus":"Active","creationTime":"2024-11-24T08:39:15.032+00:00","lastModTime":"2024-11-24T08:39:15.731+00:00"},{"programId":16417,"programName":"Rubykc","programDescription":"tester","programStatus":"Inactive","creationTime":"2024-11-24T08:39:14.632+00:00","lastModTime":"2024-11-24T08:39:16.075+00:00"},{"programId":16419,"programName":"Rubykd","programDescription":"tester","programStatus":"Inactive","creationTime":"2024-11-24T08:50:50.119+00:00","lastModTime":"2024-11-24T08:51:15.600+00:00"},{"programId":16420,"programName":"Rubyke","programDescription":"tester","programStatus":"Active","creationTime":"2024-11-24T08:55:09.911+00:00","lastModTime":"2024-11-24T08:55:09.911+00:00"},{"programId":16421,"programName":"JavaBasicnewtwo","programDescription":"pgmdesc","programStatus":"Active","creationTime":"2024-11-24T12:47:55.347+00:00","lastModTime":"2024-11-24T12:47:55.347+00:00"},{"programId":16422,"programName":"JavaBasicone","programDescription":"pgmdesc","programStatus":"Active","creationTime":"2024-11-24T12:51:01.471+00:00","lastModTime":"2024-11-24T12:51:01.471+00:00"},{"programId":16423,"programName":"Rubykf","programDescription":"tester","programStatus":"Inactive","creationTime":"2024-11-24T15:41:07.569+00:00","lastModTime":"2024-11-24T15:53:18.898+00:00"},{"programId":16424,"programName":"Rubykg","programDescription":"tester","programStatus":"Active","creationTime":"2024-11-24T15:56:25.792+00:00","lastModTime":"2024-11-24T15:56:25.792+00:00"},{"programId":16425,"programName":"Rubykh","programDescription":"tester","programStatus":"Active","creationTime":"2024-11-24T16:02:24.368+00:00","lastModTime":"2024-11-24T16:02:24.368+00:00"},{"programId":16426,"programName":"TestingAppium","programDescription":"created by saranya ","programStatus":"Active","creationTime":"2024-11-24T16:49:45.112+00:00","lastModTime":"2024-11-24T16:49:45.112+00:00"},{"programId":16427,"programName":"ApiNinjas-VABR","programDescription":"Python Learning","programStatus":"Inactive","creationTime":"2024-11-24T16:55:38.219+00:00","lastModTime":"2024-11-24T16:55:40.469+00:00"},{"programId":16428,"programName":"ApiNinjas-NBXZ","programDescription":"Python Learning","programStatus":"Inactive","creationTime":"2024-11-24T16:55:38.767+00:00","lastModTime":"2024-11-24T16:55:40.574+00:00"},{"programId":16429,"programName":"ApiNinjas-JJNL","programDescription":"Python Learning","programStatus":"Inactive","creationTime":"2024-11-24T17:01:29.152+00:00","lastModTime":"2024-11-24T17:01:33.997+00:00"},{"programId":16430,"programName":"ApiNinjas-MBEJ","programDescription":"Python Learning","programStatus":"Inactive","creationTime":"2024-11-24T17:01:29.671+00:00","lastModTime":"2024-11-24T17:01:34.106+00:00"},{"programId":16431,"programName":"ApiNinjas-YPRA","programDescription":"Python Learning","programStatus":"Inactive","creationTime":"2024-11-24T17:20:37.386+00:00","lastModTime":"2024-11-24T17:20:40.671+00:00"},{"programId":16432,"programName":"ApiNinjas-UBBD","programDescription":"Python Learning","programStatus":"Inactive","creationTime":"2024-11-24T17:20:37.907+00:00","lastModTime":"2024-11-24T17:20:40.773+00:00"},{"programId":16433,"programName":"ApiNinjas-NPXJ","programDescription":"Python Learning","programStatus":"Inactive","creationTime":"2024-11-24T17:27:16.003+00:00","lastModTime":"2024-11-24T17:27:18.145+00:00"},{"programId":16434,"programName":"ApiNinjas-MHNV","programDescription":"Python Learning","programStatus":"Inactive","creationTime":"2024-11-24T17:27:16.413+00:00","lastModTime":"2024-11-24T17:27:18.306+00:00"},{"programId":16435,"programName":"ApiNinjas-XGGN","programDescription":"Python Learning","programStatus":"Active","creationTime":"2024-11-24T17:48:46.647+00:00","lastModTime":"2024-11-24T17:48:46.647+00:00"},{"programId":16436,"programName":"PhaseTWOAPIRestAssuredNovemberEight","programDescription":"RestfulAPI_Java_BDD_Nov8","programStatus":"Active","creationTime":"2024-11-24T17:49:21.545+00:00","lastModTime":"2024-11-24T17:49:21.545+00:00"},{"programId":16437,"programName":"ApiNinjas-OVIU","programDescription":"Python Learning","programStatus":"Active","creationTime":"2024-11-24T17:50:11.499+00:00","lastModTime":"2024-11-24T17:50:11.499+00:00"},{"programId":16438,"programName":"PhaseTWOAPIRestAssuredNovemberNine","programDescription":"RestfulAPI_Java_BDD_Nov9","programStatus":"Active","creationTime":"2024-11-24T17:50:32.485+00:00","lastModTime":"2024-11-24T17:50:32.485+00:00"},{"programId":16439,"programName":"ApiNinjas-LXWV","programDescription":"Python Learning","programStatus":"Active","creationTime":"2024-11-24T19:03:41.859+00:00","lastModTime":"2024-11-24T19:03:41.859+00:00"},{"programId":16440,"programName":"Wells","programDescription":"tester","programStatus":"Active","creationTime":"2024-11-24T19:08:58.607+00:00","lastModTime":"2024-11-24T19:08:58.607+00:00"},{"programId":16441,"programName":"WellsTCOne","programDescription":"testerTCOne","programStatus":"Active","creationTime":"2024-11-24T19:13:27.418+00:00","lastModTime":"2024-11-24T19:13:27.418+00:00"},{"programId":16442,"programName":"WellsTCTwo","programDescription":"testerTCTwo","programStatus":"Active","creationTime":"2024-11-24T19:14:32.315+00:00","lastModTime":"2024-11-24T19:14:32.315+00:00"},{"programId":16443,"programName":"PhaseTWOAPIRestAssuredNovemberTen","programDescription":"RestfulAPI_Java_BDD_Nov10","programStatus":"Active","creationTime":"2024-11-24T19:26:26.901+00:00","lastModTime":"2024-11-24T19:26:26.901+00:00"},{"programId":16444,"programName":"PhaseTWOAPIRestAssuredNovembereleven","programDescription":"RestfulAPI_Java_BDD_Nov11","programStatus":"Active","creationTime":"2024-11-24T19:29:29.841+00:00","lastModTime":"2024-11-24T19:29:29.841+00:00"},{"programId":16445,"programName":"DanceSeventeen","programDescription":"SpringDanceClass","programStatus":"Active","creationTime":"2024-11-24T19:30:43.610+00:00","lastModTime":"2024-11-24T19:30:43.610+00:00"},{"programId":16446,"programName":"ApiNinjas-OKKR","programDescription":"Python Learning","programStatus":"Inactive","creationTime":"2024-11-24T19:31:27.159+00:00","lastModTime":"2024-11-24T19:31:29.586+00:00"},{"programId":16447,"programName":"ApiNinjas-KVWX","programDescription":"Python Learning","programStatus":"Inactive","creationTime":"2024-11-24T19:31:27.763+00:00","lastModTime":"2024-11-24T19:31:29.704+00:00"},{"programId":16448,"programName":"ApiNinjas-VYOH","programDescription":"Python Learning","programStatus":"Active","creationTime":"2024-11-24T19:33:11.913+00:00","lastModTime":"2024-11-24T19:33:11.913+00:00"},{"programId":16449,"programName":"ApiNinjas-INYX","programDescription":"Python Learning","programStatus":"Active","creationTime":"2024-11-24T19:33:23.770+00:00","lastModTime":"2024-11-24T19:33:23.770+00:00"},{"programId":16450,"programName":"PhaseTWOAPIRestAssuredNovembertwelve","programDescription":"RestfulAPI_Java_BDD_Nov12","programStatus":"Active","creationTime":"2024-11-24T19:33:26.238+00:00","lastModTime":"2024-11-24T19:33:26.238+00:00"},{"programId":16452,"programName":"PhaseTWOAPIRestAssuredNovemberthirteen","programDescription":"RestfulAPI_Java_BDD_Nov13","programStatus":"Active","creationTime":"2024-11-24T19:47:50.784+00:00","lastModTime":"2024-11-24T19:47:50.784+00:00"},{"programId":16453,"programName":"WellsTCThree","programDescription":"testerTCThree","programStatus":"Active","creationTime":"2024-11-24T19:52:09.114+00:00","lastModTime":"2024-11-24T19:52:09.114+00:00"},{"programId":16454,"programName":"Rubyki","programDescription":"tester","programStatus":"Inactive","creationTime":"2024-11-24T19:55:32.787+00:00","lastModTime":"2024-11-24T20:04:25.252+00:00"},{"programId":16455,"programName":"Rubykj","programDescription":"tester","programStatus":"Inactive","creationTime":"2024-11-24T20:05:37.076+00:00","lastModTime":"2024-11-24T20:08:16.627+00:00"},{"programId":16456,"programName":"ApiNinjas-JTFW","programDescription":"Python Learning","programStatus":"Inactive","creationTime":"2024-11-24T20:08:28.150+00:00","lastModTime":"2024-11-24T20:08:30.654+00:00"},{"programId":16458,"programName":"ApiNinjas-WPUV","programDescription":"Python Learning","programStatus":"Active","creationTime":"2024-11-24T20:12:08.654+00:00","lastModTime":"2024-11-24T20:12:08.654+00:00"},{"programId":16459,"programName":"ApiNinjas-VMSC","programDescription":"Python Learning","programStatus":"Inactive","creationTime":"2024-11-24T20:13:36.786+00:00","lastModTime":"2024-11-24T20:13:39.303+00:00"},{"programId":16460,"programName":"ApiNinjas-VRDM","programDescription":"Python Learning","programStatus":"Inactive","creationTime":"2024-11-24T20:13:37.226+00:00","lastModTime":"2024-11-24T20:13:39.434+00:00"},{"programId":16461,"programName":"ApiNinjas-SMBV","programDescription":"Python Learning","programStatus":"Inactive","creationTime":"2024-11-24T20:16:48.937+00:00","lastModTime":"2024-11-24T20:16:51.053+00:00"},{"programId":16462,"programName":"ApiNinjas-ANKN","programDescription":"Python Learning","programStatus":"Inactive","creationTime":"2024-11-24T20:16:49.267+00:00","lastModTime":"2024-11-24T20:16:51.585+00:00"},{"programId":16463,"programName":"DanceEighteen","programDescription":"SpringDanceClass","programStatus":"Active","creationTime":"2024-11-24T20:21:17.533+00:00","lastModTime":"2024-11-24T20:21:17.533+00:00"},{"programId":16464,"programName":"ApiNinjas-LDEO","programDescription":"Updated description","programStatus":"Inactive","creationTime":"2024-11-24T20:21:34.588+00:00","lastModTime":"2024-11-24T20:21:41.011+00:00"},{"programId":16465,"programName":"ApiNinjas-GXIV","programDescription":"Python Learning","programStatus":"Inactive","creationTime":"2024-11-24T20:21:35.015+00:00","lastModTime":"2024-11-24T20:21:41.743+00:00"},{"programId":16467,"programName":"ApiNinjas-SLKL","programDescription":"Python Learning","programStatus":"Inactive","creationTime":"2024-11-24T20:25:37.387+00:00","lastModTime":"2024-11-24T20:25:39.322+00:00"},{"programId":16457,"programName":"Rubykli","programDescription":"tester","programStatus":"Inactive","creationTime":"2024-11-24T20:10:53.515+00:00","lastModTime":"2024-11-24T20:25:44.623+00:00"},{"programId":16466,"programName":"ApiNinjas-JQDZ","programDescription":"Python Learning","programStatus":"Inactive","creationTime":"2024-11-24T20:25:37.039+00:00","lastModTime":"2024-11-24T20:25:39.190+00:00"},{"programId":16468,"programName":"Rubykla","programDescription":"tester","programStatus":"Inactive","creationTime":"2024-11-24T20:26:18.511+00:00","lastModTime":"2024-11-24T20:27:54.951+00:00"},{"programId":16469,"programName":"Rubyklb","programDescription":"tester","programStatus":"Active","creationTime":"2024-11-24T20:28:29.003+00:00","lastModTime":"2024-11-24T20:28:29.003+00:00"},{"programId":16470,"programName":"ApiNinjas-HSIV","programDescription":"Python Learning","programStatus":"Active","creationTime":"2024-11-24T20:30:08.109+00:00","lastModTime":"2024-11-24T20:30:08.109+00:00"},{"programId":16471,"programName":"ApiNinjas-VAAX","programDescription":"Python Learning","programStatus":"Active","creationTime":"2024-11-24T20:30:15.626+00:00","lastModTime":"2024-11-24T20:30:15.626+00:00"},{"programId":16472,"programName":"ApiNinjas-JBXQ","programDescription":"Python Learning","programStatus":"Inactive","creationTime":"2024-11-24T20:35:29.508+00:00","lastModTime":"2024-11-24T20:35:32.155+00:00"},{"programId":16473,"programName":"ApiNinjas-YZGE","programDescription":"Python Learning","programStatus":"Inactive","creationTime":"2024-11-24T20:35:30.029+00:00","lastModTime":"2024-11-24T20:35:32.269+00:00"},{"programId":16475,"programName":"ApiNinjas-GROG","programDescription":"Python Learning","programStatus":"Inactive","creationTime":"2024-11-24T20:42:22.376+00:00","lastModTime":"2024-11-24T20:42:25.452+00:00"},{"programId":16476,"programName":"ApiNinjas-HZPL","programDescription":"Python Learning","programStatus":"Inactive","creationTime":"2024-11-24T20:42:22.931+00:00","lastModTime":"2024-11-24T20:42:26.040+00:00"},{"programId":16474,"programName":"Rubyklc","programDescription":"tester","programStatus":"Inactive","creationTime":"2024-11-24T20:36:45.959+00:00","lastModTime":"2024-11-24T20:42:32.977+00:00"},{"programId":16522,"programName":"ApiNinjas-XKOK","programDescription":"Python Learning","programStatus":"Inactive","creationTime":"2024-11-24T22:27:08.350+00:00","lastModTime":"2024-11-24T22:27:14.395+00:00"},{"programId":16507,"programName":"ApiNinjas-DTVQ","programDescription":"Updated description","programStatus":"Inactive","creationTime":"2024-11-24T21:48:27.334+00:00","lastModTime":"2024-11-24T21:48:37.564+00:00"},{"programId":16477,"programName":"ApiNinjas-YQQA","programDescription":"Updated description","programStatus":"Inactive","creationTime":"2024-11-24T20:42:54.862+00:00","lastModTime":"2024-11-24T20:43:05.419+00:00"},{"programId":16478,"programName":"ApiNinjas-NTTG","programDescription":"Python Learning","programStatus":"Inactive","creationTime":"2024-11-24T20:42:55.326+00:00","lastModTime":"2024-11-24T20:43:06.191+00:00"},{"programId":16479,"programName":"Rubykld","programDescription":"tester","programStatus":"Active","creationTime":"2024-11-24T20:44:34.603+00:00","lastModTime":"2024-11-24T20:44:34.603+00:00"},{"programId":16508,"programName":"ApiNinjas-OFKQ","programDescription":"Python Learning","programStatus":"Inactive","creationTime":"2024-11-24T21:48:27.729+00:00","lastModTime":"2024-11-24T21:48:37.957+00:00"},{"programId":16481,"programName":"ApiNinjas-GVSS","programDescription":"Updated description","programStatus":"Inactive","creationTime":"2024-11-24T20:51:42.121+00:00","lastModTime":"2024-11-24T20:51:48.540+00:00"},{"programId":16482,"programName":"ApiNinjas-VVJM","programDescription":"Python Learning","programStatus":"Inactive","creationTime":"2024-11-24T20:51:42.761+00:00","lastModTime":"2024-11-24T20:51:49.478+00:00"},{"programId":16480,"programName":"Rubykle","programDescription":"tester","programStatus":"Inactive","creationTime":"2024-11-24T20:50:41.739+00:00","lastModTime":"2024-11-24T20:54:16.071+00:00"},{"programId":16483,"programName":"Rubyklr","programDescription":"tester","programStatus":"Inactive","creationTime":"2024-11-24T20:56:05.716+00:00","lastModTime":"2024-11-24T21:00:14.782+00:00"},{"programId":16523,"programName":"csharpp","programDescription":"tester","programStatus":"Active","creationTime":"2024-11-24T22:31:53.679+00:00","lastModTime":"2024-11-24T22:31:53.679+00:00"},{"programId":16485,"programName":"ApiNinjas-PIQP","programDescription":"Updated description","programStatus":"Inactive","creationTime":"2024-11-24T21:00:34.259+00:00","lastModTime":"2024-11-24T21:00:40.471+00:00"},{"programId":16486,"programName":"ApiNinjas-SIMN","programDescription":"Python Learning","programStatus":"Inactive","creationTime":"2024-11-24T21:00:34.621+00:00","lastModTime":"2024-11-24T21:00:41.253+00:00"},{"programId":16509,"programName":"ApiNinjas-FSNM","programDescription":"Updated description","programStatus":"Inactive","creationTime":"2024-11-24T21:50:29.134+00:00","lastModTime":"2024-11-24T21:50:37.530+00:00"},{"programId":16487,"programName":"ApiNinjas-JQCD","programDescription":"Updated description","programStatus":"Inactive","creationTime":"2024-11-24T21:05:09.700+00:00","lastModTime":"2024-11-24T21:05:16.290+00:00"},{"programId":16488,"programName":"ApiNinjas-ZTZV","programDescription":"Python Learning","programStatus":"Inactive","creationTime":"2024-11-24T21:05:10.263+00:00","lastModTime":"2024-11-24T21:05:17.202+00:00"},{"programId":16489,"programName":"Rubyklt","programDescription":"tester","programStatus":"Active","creationTime":"2024-11-24T21:07:46.628+00:00","lastModTime":"2024-11-24T21:07:46.628+00:00"},{"programId":16510,"programName":"ApiNinjas-JMRN","programDescription":"Python Learning","programStatus":"Inactive","creationTime":"2024-11-24T21:50:29.362+00:00","lastModTime":"2024-11-24T21:50:37.873+00:00"},{"programId":16490,"programName":"ApiNinjas-FLEA","programDescription":"Updated description","programStatus":"Inactive","creationTime":"2024-11-24T21:09:07.598+00:00","lastModTime":"2024-11-24T21:09:15.544+00:00"},{"programId":16491,"programName":"ApiNinjas-HWBG","programDescription":"Python Learning","programStatus":"Inactive","creationTime":"2024-11-24T21:09:08.108+00:00","lastModTime":"2024-11-24T21:09:16.425+00:00"},{"programId":16492,"programName":"numpyningap","programDescription":"","programStatus":"Active","creationTime":"2024-11-24T21:09:22.092+00:00","lastModTime":"2024-11-24T21:09:22.092+00:00"},{"programId":16493,"programName":"teamThreePrograms","programDescription":"System Applications","programStatus":"Active","creationTime":"2024-11-24T21:09:22.483+00:00","lastModTime":"2024-11-24T21:09:25.033+00:00"},{"programId":16494,"programName":"Rubykltk","programDescription":"tester","programStatus":"Active","creationTime":"2024-11-24T21:10:46.429+00:00","lastModTime":"2024-11-24T21:10:46.429+00:00"},{"programId":16496,"programName":"ApiNinjas-KLZF","programDescription":"Python Learning","programStatus":"Active","creationTime":"2024-11-24T21:14:01.655+00:00","lastModTime":"2024-11-24T21:14:01.655+00:00"},{"programId":16495,"programName":"ApiNinjas-PXLW","programDescription":"Python Learning","programStatus":"Inactive","creationTime":"2024-11-24T21:13:55.072+00:00","lastModTime":"2024-11-24T21:14:13.410+00:00"},{"programId":16497,"programName":"Rubyklop","programDescription":"tester","programStatus":"Active","creationTime":"2024-11-24T21:15:24.958+00:00","lastModTime":"2024-11-24T21:15:24.958+00:00"},{"programId":16498,"programName":"numpyningapro","programDescription":"","programStatus":"Active","creationTime":"2024-11-24T21:15:54.482+00:00","lastModTime":"2024-11-24T21:15:54.482+00:00"},{"programId":16499,"programName":"teamThreeProgramkj","programDescription":"System Applications","programStatus":"Inactive","creationTime":"2024-11-24T21:15:54.824+00:00","lastModTime":"2024-11-24T21:15:59.411+00:00"},{"programId":16500,"programName":"ApiNinjas-ULAU","programDescription":"Python Learning","programStatus":"Inactive","creationTime":"2024-11-24T21:19:46.038+00:00","lastModTime":"2024-11-24T21:19:48.293+00:00"},{"programId":16501,"programName":"ApiNinjas-WULS","programDescription":"Python Learning","programStatus":"Inactive","creationTime":"2024-11-24T21:19:46.399+00:00","lastModTime":"2024-11-24T21:19:48.785+00:00"},{"programId":16502,"programName":"numpyningaprogs","programDescription":"","programStatus":"Active","creationTime":"2024-11-24T21:28:50.149+00:00","lastModTime":"2024-11-24T21:28:50.149+00:00"},{"programId":16503,"programName":"teamThreeProgramx","programDescription":"System Applications","programStatus":"Active","creationTime":"2024-11-24T21:28:50.871+00:00","lastModTime":"2024-11-24T21:28:51.436+00:00"},{"programId":16511,"programName":"AvgQAB","programDescription":"TestQ","programStatus":"Active","creationTime":"2024-11-24T21:52:22.156+00:00","lastModTime":"2024-11-24T21:52:23.755+00:00"},{"programId":16504,"programName":"ApiNinjas-DMKN","programDescription":"Updated description","programStatus":"Inactive","creationTime":"2024-11-24T21:29:08.162+00:00","lastModTime":"2024-11-24T21:29:14.014+00:00"},{"programId":16505,"programName":"ApiNinjas-OVUK","programDescription":"Python Learning","programStatus":"Inactive","creationTime":"2024-11-24T21:29:08.538+00:00","lastModTime":"2024-11-24T21:29:14.364+00:00"},{"programId":16506,"programName":"Rubyqwf","programDescription":"tester","programStatus":"Active","creationTime":"2024-11-24T21:47:45.903+00:00","lastModTime":"2024-11-24T21:47:45.903+00:00"},{"programId":16512,"programName":"ApiNinjas-LBNB","programDescription":"Updated description","programStatus":"Inactive","creationTime":"2024-11-24T21:52:28.668+00:00","lastModTime":"2024-11-24T21:52:34.633+00:00"},{"programId":16513,"programName":"ApiNinjas-QCIV","programDescription":"Python Learning","programStatus":"Inactive","creationTime":"2024-11-24T21:52:29.120+00:00","lastModTime":"2024-11-24T21:52:34.996+00:00"},{"programId":16514,"programName":"Rubyqwh","programDescription":"tester","programStatus":"Active","creationTime":"2024-11-24T21:59:53.086+00:00","lastModTime":"2024-11-24T21:59:53.086+00:00"},{"programId":16515,"programName":"numpyningaprogsa","programDescription":"","programStatus":"Active","creationTime":"2024-11-24T22:11:45.392+00:00","lastModTime":"2024-11-24T22:11:45.392+00:00"},{"programId":16536,"programName":"ApiNinjas-MYVX","programDescription":"Python Learning","programStatus":"Inactive","creationTime":"2024-11-24T23:00:39.181+00:00","lastModTime":"2024-11-24T23:00:45.649+00:00"},{"programId":16537,"programName":"WellsTCFour","programDescription":"testerTCFour","programStatus":"Active","creationTime":"2024-11-24T23:01:40.609+00:00","lastModTime":"2024-11-24T23:01:40.609+00:00"},{"programId":16524,"programName":"ApiNinjas-HTLW","programDescription":"Updated description","programStatus":"Inactive","creationTime":"2024-11-24T22:35:58.894+00:00","lastModTime":"2024-11-24T22:36:05.483+00:00"},{"programId":16525,"programName":"ApiNinjas-USQI","programDescription":"Python Learning","programStatus":"Inactive","creationTime":"2024-11-24T22:35:59.792+00:00","lastModTime":"2024-11-24T22:36:05.840+00:00"},{"programId":16517,"programName":"ApiNinjas-JIIA","programDescription":"Updated description","programStatus":"Inactive","creationTime":"2024-11-24T22:24:35.197+00:00","lastModTime":"2024-11-24T22:24:40.962+00:00"},{"programId":16518,"programName":"ApiNinjas-BTBV","programDescription":"Python Learning","programStatus":"Inactive","creationTime":"2024-11-24T22:24:35.761+00:00","lastModTime":"2024-11-24T22:24:41.262+00:00"},{"programId":16519,"programName":"ApiNinjas-GUAG","programDescription":"Python Learning","programStatus":"Inactive","creationTime":"2024-11-24T22:24:35.995+00:00","lastModTime":"2024-11-24T22:24:41.589+00:00"},{"programId":16526,"programName":"ApiNinjas-JYJY","programDescription":"Python Learning","programStatus":"Inactive","creationTime":"2024-11-24T22:36:00.040+00:00","lastModTime":"2024-11-24T22:36:06.171+00:00"},{"programId":16520,"programName":"ApiNinjas-QCJX","programDescription":"Updated description","programStatus":"Inactive","creationTime":"2024-11-24T22:27:07.375+00:00","lastModTime":"2024-11-24T22:27:13.734+00:00"},{"programId":16521,"programName":"ApiNinjas-ESGV","programDescription":"Python Learning","programStatus":"Inactive","creationTime":"2024-11-24T22:27:08.073+00:00","lastModTime":"2024-11-24T22:27:14.049+00:00"},{"programId":16531,"programName":"ApiNinjas-DROI","programDescription":"Updated description","programStatus":"Inactive","creationTime":"2024-11-24T22:49:41.603+00:00","lastModTime":"2024-11-24T22:49:48.137+00:00"},{"programId":16532,"programName":"ApiNinjas-LZFJ","programDescription":"Python Learning","programStatus":"Inactive","creationTime":"2024-11-24T22:49:42.328+00:00","lastModTime":"2024-11-24T22:49:48.505+00:00"},{"programId":16527,"programName":"ApiNinjas-BJRK","programDescription":"Updated description","programStatus":"Inactive","creationTime":"2024-11-24T22:38:52.373+00:00","lastModTime":"2024-11-24T22:38:58.943+00:00"},{"programId":16528,"programName":"ApiNinjas-VXLU","programDescription":"Python Learning","programStatus":"Inactive","creationTime":"2024-11-24T22:38:52.962+00:00","lastModTime":"2024-11-24T22:38:59.256+00:00"},{"programId":16529,"programName":"ApiNinjas-ZCLW","programDescription":"Python Learning","programStatus":"Inactive","creationTime":"2024-11-24T22:38:53.304+00:00","lastModTime":"2024-11-24T22:38:59.582+00:00"},{"programId":16533,"programName":"ApiNinjas-VYKZ","programDescription":"Python Learning","programStatus":"Inactive","creationTime":"2024-11-24T22:49:42.728+00:00","lastModTime":"2024-11-24T22:49:48.900+00:00"},{"programId":16530,"programName":"csharpqupdate","programDescription":"descupdate","programStatus":"Active","creationTime":"2024-11-24T22:49:29.105+00:00","lastModTime":"2024-11-24T22:57:37.448+00:00"},{"programId":16540,"programName":"csharplm","programDescription":"tester","programStatus":"Inactive","creationTime":"2024-11-24T23:09:04.022+00:00","lastModTime":"2024-11-24T23:09:30.418+00:00"},{"programId":16541,"programName":"csharpop","programDescription":"tester","programStatus":"Active","creationTime":"2024-11-24T23:11:18.374+00:00","lastModTime":"2024-11-24T23:11:18.374+00:00"},{"programId":16534,"programName":"ApiNinjas-VIQH","programDescription":"Updated description","programStatus":"Inactive","creationTime":"2024-11-24T23:00:38.122+00:00","lastModTime":"2024-11-24T23:00:44.803+00:00"},{"programId":16535,"programName":"ApiNinjas-DRWR","programDescription":"Python Learning","programStatus":"Inactive","creationTime":"2024-11-24T23:00:38.983+00:00","lastModTime":"2024-11-24T23:00:45.232+00:00"},{"programId":16542,"programName":"WellsTCSix","programDescription":"testerTCSix","programStatus":"Active","creationTime":"2024-11-24T23:12:48.316+00:00","lastModTime":"2024-11-24T23:12:48.316+00:00"},{"programId":16539,"programName":"WellsTCFive","programDescription":"testerTCFive","programStatus":"Active","creationTime":"2024-11-24T23:08:25.601+00:00","lastModTime":"2024-11-24T23:08:25.601+00:00"},{"programId":16538,"programName":"csharpjk","programDescription":"tester","programStatus":"Inactive","creationTime":"2024-11-24T23:08:06.690+00:00","lastModTime":"2024-11-24T23:08:35.954+00:00"},{"programId":16543,"programName":"WellsTCSeven","programDescription":"testerTCSeven","programStatus":"Active","creationTime":"2024-11-24T23:16:48.582+00:00","lastModTime":"2024-11-24T23:16:48.582+00:00"},{"programId":16544,"programName":"csharpqr","programDescription":"tester","programStatus":"Active","creationTime":"2024-11-24T23:19:56.387+00:00","lastModTime":"2024-11-24T23:19:56.387+00:00"},{"programId":16545,"programName":"csharpst","programDescription":"tester","programStatus":"Inactive","creationTime":"2024-11-24T23:26:17.623+00:00","lastModTime":"2024-11-24T23:29:31.168+00:00"},{"programId":16546,"programName":"csharpuv","programDescription":"tester","programStatus":"Inactive","creationTime":"2024-11-24T23:42:16.874+00:00","lastModTime":"2024-11-24T23:45:23.007+00:00"},{"programId":16547,"programName":"csharpwx","programDescription":"tester","programStatus":"Inactive","creationTime":"2024-11-24T23:46:03.739+00:00","lastModTime":"2024-11-24T23:47:06.047+00:00"},{"programId":16548,"programName":"WellsTCeight","programDescription":"testerTCeight","programStatus":"Active","creationTime":"2024-11-24T23:55:57.003+00:00","lastModTime":"2024-11-24T23:55:57.003+00:00"},{"programId":16549,"programName":"csharpyz","programDescription":"tester","programStatus":"Active","creationTime":"2024-11-25T00:15:00.339+00:00","lastModTime":"2024-11-25T00:15:00.339+00:00"},{"programId":16551,"programName":"Jetkdf","programDescription":"","programStatus":"Inactive","creationTime":"2024-11-25T00:20:23.010+00:00","lastModTime":"2024-11-25T00:27:52.561+00:00"},{"programId":16550,"programName":"AvgQA","programDescription":"TestQ","programStatus":"Inactive","creationTime":"2024-11-25T00:20:22.608+00:00","lastModTime":"2024-11-25T00:27:37.288+00:00"},{"programId":16356,"programName":"ApiNinjas-HWKL","programDescription":"Java Programming","programStatus":"Active","creationTime":"2024-11-23T18:05:29.598+00:00","lastModTime":"2024-11-25T00:27:42.613+00:00"},{"programId":16553,"programName":"ApiNinjas-RQXZ","programDescription":"Python Learning","programStatus":"Inactive","creationTime":"2024-11-25T00:47:37.216+00:00","lastModTime":"2024-11-25T00:47:43.894+00:00"},{"programId":16554,"programName":"ApiNinjas-MPYH","programDescription":"Python Learning","programStatus":"Inactive","creationTime":"2024-11-25T00:47:37.460+00:00","lastModTime":"2024-11-25T00:47:44.248+00:00"},{"programId":16516,"programName":"numpyninjaprogab","programDescription":"System Applications","programStatus":"Inactive","creationTime":"2024-11-24T22:11:46.069+00:00","lastModTime":"2024-11-25T01:38:21.015+00:00"},{"programId":16586,"programName":"ApiNinjas-VFZM","programDescription":"Python Learning","programStatus":"Inactive","creationTime":"2024-11-25T02:33:33.357+00:00","lastModTime":"2024-11-25T02:33:40.186+00:00"},{"programId":16552,"programName":"ApiNinjas-HBCA","programDescription":"Updated description","programStatus":"Inactive","creationTime":"2024-11-25T00:47:36.531+00:00","lastModTime":"2024-11-25T00:47:43.402+00:00"},{"programId":16587,"programName":"ApiNinjas-ZELU","programDescription":"Python Learning","programStatus":"Inactive","creationTime":"2024-11-25T02:33:33.965+00:00","lastModTime":"2024-11-25T02:33:40.574+00:00"},{"programId":16588,"programName":"ApiNinjas-ZWVF","programDescription":"Python Learning","programStatus":"Inactive","creationTime":"2024-11-25T02:33:34.170+00:00","lastModTime":"2024-11-25T02:33:40.950+00:00"},{"programId":16555,"programName":"ApiNinjas-JCNO","programDescription":"Updated description","programStatus":"Inactive","creationTime":"2024-11-25T00:52:01.979+00:00","lastModTime":"2024-11-25T00:52:08.574+00:00"},{"programId":16556,"programName":"ApiNinjas-HJSN","programDescription":"Python Learning","programStatus":"Inactive","creationTime":"2024-11-25T00:52:02.666+00:00","lastModTime":"2024-11-25T00:52:08.940+00:00"},{"programId":16557,"programName":"ApiNinjas-EHAH","programDescription":"Python Learning","programStatus":"Inactive","creationTime":"2024-11-25T00:52:02.902+00:00","lastModTime":"2024-11-25T00:52:09.307+00:00"},{"programId":16589,"programName":"TeamChangeMakers-APIPhaseTwo-aaaai","programDescription":null,"programStatus":"Inactive","creationTime":"2024-11-25T03:15:32.212+00:00","lastModTime":"2024-11-25T03:15:33.186+00:00"},{"programId":16559,"programName":"ApiNinjas-QGMR","programDescription":"Python Learning","programStatus":"Inactive","creationTime":"2024-11-25T00:55:00.328+00:00","lastModTime":"2024-11-25T00:55:06.586+00:00"},{"programId":16560,"programName":"ApiNinjas-ZUGE","programDescription":"Python Learning","programStatus":"Inactive","creationTime":"2024-11-25T00:55:00.619+00:00","lastModTime":"2024-11-25T00:55:07.124+00:00"},{"programId":16591,"programName":"TeamChangeMakers-APIPhaseTwo-aaaak","programDescription":null,"programStatus":"Inactive","creationTime":"2024-11-25T03:21:03.179+00:00","lastModTime":"2024-11-25T03:21:03.542+00:00"},{"programId":16590,"programName":"TeamChangeMakers-APIPhaseTwo-aaaaj-Updated","programDescription":"RestfulAPI_Java_Cucumber_BDDUpdated","programStatus":"Inactive","creationTime":"2024-11-25T03:21:03.047+00:00","lastModTime":"2024-11-25T03:21:03.655+00:00"},{"programId":16593,"programName":"TeamChangeMakers-APIPhaseT
[...]
at java.base/jdk.internal.util.Preconditions.checkIndex(Preconditions.java:266)
at java.base/java.util.Objects.checkIndex(Objects.java:361)
at java.base/java.util.ArrayList.get(ArrayList.java:427)
at api.Request.BatchModuleRequest.batch_allGetRequest(BatchModuleRequest.java:467)
at api.StepDefinitions.BatchModuleSteps.admin_sends_the_https_request_with_get_by_program_id_endpoint(BatchModuleSteps.java:110)
at ✽.Admin sends the HTTPS Request with GetBy ProgramID endpoint(file:///C:/Users/anbum/OneDrive/Desktop/Anbu/LMS_Phase2_RestAssured/LMS_GIT/Team04_APIAvengers_LMSHackathon/src/test/resources/features/03batchModule/batchModule.feature:80)
]]>
            </full-stacktrace>
          </exception> <!-- java.lang.IndexOutOfBoundsException -->
          <reporter-output>
          </reporter-output>
        </test-method> <!-- runScenario -->
        <test-method signature="runScenario(io.cucumber.testng.PickleWrapper,io.cucumber.testng.FeatureWrapper)[pri:0, instance:api.TestRunner.TestRunner@5c80cf32]" started-at="2024-11-25T13:06:25 EST" name="runScenario" description="Runs Cucumber Scenarios" data-provider="scenarios" finished-at="2024-11-25T13:06:25 EST" duration-ms="87" status="FAIL">
          <params>
            <param index="0">
              <value>
                <![CDATA["Check if admin able to retrieve batch by Program ID"]]>
              </value>
            </param>
            <param index="1">
              <value>
                <![CDATA["Admin Batch Module"]]>
              </value>
            </param>
          </params>
          <exception class="java.lang.IndexOutOfBoundsException">
            <message>
              <![CDATA[Index 1 out of bounds for length 1]]>
            </message>
            <full-stacktrace>
              <![CDATA[java.lang.IndexOutOfBoundsException: Index 1 out of bounds for length 1
at java.base/jdk.internal.util.Preconditions.outOfBounds(Preconditions.java:64)
at java.base/jdk.internal.util.Preconditions.outOfBoundsCheckIndex(Preconditions.java:70)
at java.base/jdk.internal.util.Preconditions.checkIndex(Preconditions.java:266)
at java.base/java.util.Objects.checkIndex(Objects.java:361)
at java.base/java.util.ArrayList.get(ArrayList.java:427)
at api.Request.BatchModuleRequest.batch_allGetRequest(BatchModuleRequest.java:467)
at api.StepDefinitions.BatchModuleSteps.admin_sends_the_https_request_with_get_by_program_id_endpoint(BatchModuleSteps.java:110)
at ✽.Admin sends the HTTPS Request with GetBy ProgramID endpoint(file:///C:/Users/anbum/OneDrive/Desktop/Anbu/LMS_Phase2_RestAssured/LMS_GIT/Team04_APIAvengers_LMSHackathon/src/test/resources/features/03batchModule/batchModule.feature:80)
]]>
            </full-stacktrace>
          </exception> <!-- java.lang.IndexOutOfBoundsException -->
          <reporter-output>
          </reporter-output>
        </test-method> <!-- runScenario -->
        <test-method signature="runScenario(io.cucumber.testng.PickleWrapper,io.cucumber.testng.FeatureWrapper)[pri:0, instance:api.TestRunner.TestRunner@5c80cf32]" started-at="2024-11-25T13:06:25 EST" name="runScenario" description="Runs Cucumber Scenarios" data-provider="scenarios" finished-at="2024-11-25T13:06:26 EST" duration-ms="202" status="PASS">
          <params>
            <param index="0">
              <value>
                <![CDATA["Check if admin able to retrieve batch by Program ID"]]>
              </value>
            </param>
            <param index="1">
              <value>
                <![CDATA["Admin Batch Module"]]>
              </value>
            </param>
          </params>
          <reporter-output>
          </reporter-output>
        </test-method> <!-- runScenario -->
        <test-method signature="runScenario(io.cucumber.testng.PickleWrapper,io.cucumber.testng.FeatureWrapper)[pri:0, instance:api.TestRunner.TestRunner@5c80cf32]" started-at="2024-11-25T13:06:26 EST" name="runScenario" description="Runs Cucumber Scenarios" data-provider="scenarios" finished-at="2024-11-25T13:06:26 EST" duration-ms="34" status="FAIL">
          <params>
            <param index="0">
              <value>
                <![CDATA["Check if admin able to retrieve batch by Program ID"]]>
              </value>
            </param>
            <param index="1">
              <value>
                <![CDATA["Admin Batch Module"]]>
              </value>
            </param>
          </params>
          <exception class="java.lang.IndexOutOfBoundsException">
            <message>
              <![CDATA[Index 1 out of bounds for length 1]]>
            </message>
            <full-stacktrace>
              <![CDATA[java.lang.IndexOutOfBoundsException: Index 1 out of bounds for length 1
at java.base/jdk.internal.util.Preconditions.outOfBounds(Preconditions.java:64)
at java.base/jdk.internal.util.Preconditions.outOfBoundsCheckIndex(Preconditions.java:70)
at java.base/jdk.internal.util.Preconditions.checkIndex(Preconditions.java:266)
at java.base/java.util.Objects.checkIndex(Objects.java:361)
at java.base/java.util.ArrayList.get(ArrayList.java:427)
at api.Request.BatchModuleRequest.batch_allGetRequest(BatchModuleRequest.java:467)
at api.StepDefinitions.BatchModuleSteps.admin_sends_the_https_request_with_get_by_program_id_endpoint(BatchModuleSteps.java:110)
at ✽.Admin sends the HTTPS Request with GetBy ProgramID endpoint(file:///C:/Users/anbum/OneDrive/Desktop/Anbu/LMS_Phase2_RestAssured/LMS_GIT/Team04_APIAvengers_LMSHackathon/src/test/resources/features/03batchModule/batchModule.feature:80)
]]>
            </full-stacktrace>
          </exception> <!-- java.lang.IndexOutOfBoundsException -->
          <reporter-output>
          </reporter-output>
        </test-method> <!-- runScenario -->
        <test-method signature="runScenario(io.cucumber.testng.PickleWrapper,io.cucumber.testng.FeatureWrapper)[pri:0, instance:api.TestRunner.TestRunner@5c80cf32]" started-at="2024-11-25T13:06:26 EST" name="runScenario" description="Runs Cucumber Scenarios" data-provider="scenarios" finished-at="2024-11-25T13:06:26 EST" duration-ms="212" status="FAIL">
          <params>
            <param index="0">
              <value>
                <![CDATA["Check if admin able to retrieve batch by Program ID"]]>
              </value>
            </param>
            <param index="1">
              <value>
                <![CDATA["Admin Batch Module"]]>
              </value>
            </param>
          </params>
          <exception class="java.lang.AssertionError">
            <message>
              <![CDATA[expected [200] but found [404]]]>
            </message>
            <full-stacktrace>
              <![CDATA[java.lang.AssertionError: expected [200] but found [404]
at org.testng.Assert.fail(Assert.java:111)
at org.testng.Assert.failNotEquals(Assert.java:1578)
at org.testng.Assert.assertEqualsImpl(Assert.java:150)
at org.testng.Assert.assertEquals(Assert.java:132)
at org.testng.Assert.assertEquals(Assert.java:1419)
at org.testng.Assert.assertEquals(Assert.java:1383)
at org.testng.Assert.assertEquals(Assert.java:1429)
at api.Request.BatchModuleRequest.getBatchByProgramIDvalidation(BatchModuleRequest.java:224)
at api.StepDefinitions.BatchModuleSteps.admin_receives_status_code_with_response_body_get_by_program_id(BatchModuleSteps.java:114)
at ✽.Admin receives status code with response body GetBy ProgramID "200"(file:///C:/Users/anbum/OneDrive/Desktop/Anbu/LMS_Phase2_RestAssured/LMS_GIT/Team04_APIAvengers_LMSHackathon/src/test/resources/features/03batchModule/batchModule.feature:81)
]]>
            </full-stacktrace>
          </exception> <!-- java.lang.AssertionError -->
          <reporter-output>
          </reporter-output>
        </test-method> <!-- runScenario -->
        <test-method signature="runScenario(io.cucumber.testng.PickleWrapper,io.cucumber.testng.FeatureWrapper)[pri:0, instance:api.TestRunner.TestRunner@5c80cf32]" started-at="2024-11-25T13:06:26 EST" name="runScenario" description="Runs Cucumber Scenarios" data-provider="scenarios" finished-at="2024-11-25T13:06:26 EST" duration-ms="184" status="PASS">
          <params>
            <param index="0">
              <value>
                <![CDATA["Check if admin able to update a batch by BatchID"]]>
              </value>
            </param>
            <param index="1">
              <value>
                <![CDATA["Admin Batch Module"]]>
              </value>
            </param>
          </params>
          <reporter-output>
          </reporter-output>
        </test-method> <!-- runScenario -->
        <test-method signature="runScenario(io.cucumber.testng.PickleWrapper,io.cucumber.testng.FeatureWrapper)[pri:0, instance:api.TestRunner.TestRunner@5c80cf32]" started-at="2024-11-25T13:06:26 EST" name="runScenario" description="Runs Cucumber Scenarios" data-provider="scenarios" finished-at="2024-11-25T13:06:26 EST" duration-ms="162" status="PASS">
          <params>
            <param index="0">
              <value>
                <![CDATA["Check if admin able to update a batch by BatchID"]]>
              </value>
            </param>
            <param index="1">
              <value>
                <![CDATA["Admin Batch Module"]]>
              </value>
            </param>
          </params>
          <reporter-output>
          </reporter-output>
        </test-method> <!-- runScenario -->
        <test-method signature="runScenario(io.cucumber.testng.PickleWrapper,io.cucumber.testng.FeatureWrapper)[pri:0, instance:api.TestRunner.TestRunner@5c80cf32]" started-at="2024-11-25T13:06:26 EST" name="runScenario" description="Runs Cucumber Scenarios" data-provider="scenarios" finished-at="2024-11-25T13:06:26 EST" duration-ms="276" status="PASS">
          <params>
            <param index="0">
              <value>
                <![CDATA["Check if admin able to update a batch by BatchID"]]>
              </value>
            </param>
            <param index="1">
              <value>
                <![CDATA["Admin Batch Module"]]>
              </value>
            </param>
          </params>
          <reporter-output>
          </reporter-output>
        </test-method> <!-- runScenario -->
        <test-method signature="runScenario(io.cucumber.testng.PickleWrapper,io.cucumber.testng.FeatureWrapper)[pri:0, instance:api.TestRunner.TestRunner@5c80cf32]" started-at="2024-11-25T13:06:26 EST" name="runScenario" description="Runs Cucumber Scenarios" data-provider="scenarios" finished-at="2024-11-25T13:06:27 EST" duration-ms="211" status="PASS">
          <params>
            <param index="0">
              <value>
                <![CDATA["Check if admin able to update a batch by BatchID"]]>
              </value>
            </param>
            <param index="1">
              <value>
                <![CDATA["Admin Batch Module"]]>
              </value>
            </param>
          </params>
          <reporter-output>
          </reporter-output>
        </test-method> <!-- runScenario -->
        <test-method signature="runScenario(io.cucumber.testng.PickleWrapper,io.cucumber.testng.FeatureWrapper)[pri:0, instance:api.TestRunner.TestRunner@5c80cf32]" started-at="2024-11-25T13:06:27 EST" name="runScenario" description="Runs Cucumber Scenarios" data-provider="scenarios" finished-at="2024-11-25T13:06:27 EST" duration-ms="157" status="PASS">
          <params>
            <param index="0">
              <value>
                <![CDATA["Check if admin able to update a batch by BatchID"]]>
              </value>
            </param>
            <param index="1">
              <value>
                <![CDATA["Admin Batch Module"]]>
              </value>
            </param>
          </params>
          <reporter-output>
          </reporter-output>
        </test-method> <!-- runScenario -->
        <test-method signature="runScenario(io.cucumber.testng.PickleWrapper,io.cucumber.testng.FeatureWrapper)[pri:0, instance:api.TestRunner.TestRunner@5c80cf32]" started-at="2024-11-25T13:06:27 EST" name="runScenario" description="Runs Cucumber Scenarios" data-provider="scenarios" finished-at="2024-11-25T13:06:27 EST" duration-ms="162" status="PASS">
          <params>
            <param index="0">
              <value>
                <![CDATA["Check if admin able to update a batch by BatchID"]]>
              </value>
            </param>
            <param index="1">
              <value>
                <![CDATA["Admin Batch Module"]]>
              </value>
            </param>
          </params>
          <reporter-output>
          </reporter-output>
        </test-method> <!-- runScenario -->
        <test-method signature="runScenario(io.cucumber.testng.PickleWrapper,io.cucumber.testng.FeatureWrapper)[pri:0, instance:api.TestRunner.TestRunner@5c80cf32]" started-at="2024-11-25T13:06:27 EST" name="runScenario" description="Runs Cucumber Scenarios" data-provider="scenarios" finished-at="2024-11-25T13:06:27 EST" duration-ms="278" status="PASS">
          <params>
            <param index="0">
              <value>
                <![CDATA["Check if admin able to update a batch by BatchID"]]>
              </value>
            </param>
            <param index="1">
              <value>
                <![CDATA["Admin Batch Module"]]>
              </value>
            </param>
          </params>
          <reporter-output>
          </reporter-output>
        </test-method> <!-- runScenario -->
        <test-method signature="runScenario(io.cucumber.testng.PickleWrapper,io.cucumber.testng.FeatureWrapper)[pri:0, instance:api.TestRunner.TestRunner@5c80cf32]" started-at="2024-11-25T13:06:27 EST" name="runScenario" description="Runs Cucumber Scenarios" data-provider="scenarios" finished-at="2024-11-25T13:06:28 EST" duration-ms="315" status="PASS">
          <params>
            <param index="0">
              <value>
                <![CDATA["Check if admin able to update a batch by BatchID"]]>
              </value>
            </param>
            <param index="1">
              <value>
                <![CDATA["Admin Batch Module"]]>
              </value>
            </param>
          </params>
          <reporter-output>
          </reporter-output>
        </test-method> <!-- runScenario -->
        <test-method signature="runScenario(io.cucumber.testng.PickleWrapper,io.cucumber.testng.FeatureWrapper)[pri:0, instance:api.TestRunner.TestRunner@5c80cf32]" started-at="2024-11-25T13:06:28 EST" name="runScenario" description="Runs Cucumber Scenarios" data-provider="scenarios" finished-at="2024-11-25T13:06:28 EST" duration-ms="229" status="FAIL">
          <params>
            <param index="0">
              <value>
                <![CDATA["Delete program by ID with valid endpoint"]]>
              </value>
            </param>
            <param index="1">
              <value>
                <![CDATA["Delete Program Module"]]>
              </value>
            </param>
          </params>
          <exception class="java.lang.AssertionError">
            <message>
              <![CDATA[Expected status code 200, but no response was received.]]>
            </message>
            <full-stacktrace>
              <![CDATA[java.lang.AssertionError: Expected status code 200, but no response was received.
at org.testng.Assert.fail(Assert.java:111)
at api.StepDefinitions.ProgramCreateSteps.response_status_code_should_be(ProgramCreateSteps.java:230)
at ✽.Response status code should be "200"(file:///C:/Users/anbum/OneDrive/Desktop/Anbu/LMS_Phase2_RestAssured/LMS_GIT/Team04_APIAvengers_LMSHackathon/src/test/resources/features/05deleteRequests/04programDelete.feature:9)
]]>
            </full-stacktrace>
          </exception> <!-- java.lang.AssertionError -->
          <reporter-output>
          </reporter-output>
        </test-method> <!-- runScenario -->
        <test-method signature="runScenario(io.cucumber.testng.PickleWrapper,io.cucumber.testng.FeatureWrapper)[pri:0, instance:api.TestRunner.TestRunner@5c80cf32]" started-at="2024-11-25T13:06:28 EST" name="runScenario" description="Runs Cucumber Scenarios" data-provider="scenarios" finished-at="2024-11-25T13:06:28 EST" duration-ms="171" status="PASS">
          <params>
            <param index="0">
              <value>
                <![CDATA["Check if admin able to delete a Batch By Batch ID"]]>
              </value>
            </param>
            <param index="1">
              <value>
                <![CDATA["Delete Batch"]]>
              </value>
            </param>
          </params>
          <reporter-output>
          </reporter-output>
        </test-method> <!-- runScenario -->
        <test-method signature="runScenario(io.cucumber.testng.PickleWrapper,io.cucumber.testng.FeatureWrapper)[pri:0, instance:api.TestRunner.TestRunner@5c80cf32]" started-at="2024-11-25T13:06:28 EST" name="runScenario" description="Runs Cucumber Scenarios" data-provider="scenarios" finished-at="2024-11-25T13:06:28 EST" duration-ms="159" status="PASS">
          <params>
            <param index="0">
              <value>
                <![CDATA["Check if admin able to delete a Batch By Batch ID"]]>
              </value>
            </param>
            <param index="1">
              <value>
                <![CDATA["Delete Batch"]]>
              </value>
            </param>
          </params>
          <reporter-output>
          </reporter-output>
        </test-method> <!-- runScenario -->
        <test-method signature="runScenario(io.cucumber.testng.PickleWrapper,io.cucumber.testng.FeatureWrapper)[pri:0, instance:api.TestRunner.TestRunner@5c80cf32]" started-at="2024-11-25T13:06:28 EST" name="runScenario" description="Runs Cucumber Scenarios" data-provider="scenarios" finished-at="2024-11-25T13:06:28 EST" duration-ms="161" status="PASS">
          <params>
            <param index="0">
              <value>
                <![CDATA["Check if admin able to delete a Batch By Batch ID"]]>
              </value>
            </param>
            <param index="1">
              <value>
                <![CDATA["Delete Batch"]]>
              </value>
            </param>
          </params>
          <reporter-output>
          </reporter-output>
        </test-method> <!-- runScenario -->
        <test-method signature="runScenario(io.cucumber.testng.PickleWrapper,io.cucumber.testng.FeatureWrapper)[pri:0, instance:api.TestRunner.TestRunner@5c80cf32]" started-at="2024-11-25T13:06:28 EST" name="runScenario" description="Runs Cucumber Scenarios" data-provider="scenarios" finished-at="2024-11-25T13:06:28 EST" duration-ms="160" status="PASS">
          <params>
            <param index="0">
              <value>
                <![CDATA["Check if admin able to delete a Batch By Batch ID"]]>
              </value>
            </param>
            <param index="1">
              <value>
                <![CDATA["Delete Batch"]]>
              </value>
            </param>
          </params>
          <reporter-output>
          </reporter-output>
        </test-method> <!-- runScenario -->
        <test-method is-config="true" signature="tearDownClass()[pri:0, instance:api.TestRunner.TestRunner@5c80cf32]" started-at="2024-11-25T13:06:28 EST" name="tearDownClass" finished-at="2024-11-25T13:06:28 EST" duration-ms="22" status="PASS">
          <reporter-output>
          </reporter-output>
        </test-method> <!-- tearDownClass -->
      </class> <!-- api.TestRunner.TestRunner -->
    </test> <!-- Default test -->
  </suite> <!-- Default suite -->
</testng-results>
