<?xml version="1.0" encoding="UTF-8"?>
<!-- Generated by org.testng.reporters.JUnitReportReporter -->
<testsuite hostname="Mahesh_PC" failures="1" tests="3" name="api.TestRunner.TestRunner" time="4.551" errors="0" timestamp="2024-11-24T20:29:59 CST" skipped="0">
  <testcase classname="api.TestRunner.TestRunner" name="runScenario" time="1.282"/>
  <testcase classname="api.TestRunner.TestRunner" name="runScenario" time="0.356">
    <failure message="Expected status code 200, but no response was received." type="java.lang.AssertionError">
      <![CDATA[java.lang.AssertionError: Expected status code 200, but no response was received.
at org.testng.Assert.fail(Assert.java:111)
at api.StepDefinitions.ProgramCreateSteps.response_status_code_should_be(ProgramCreateSteps.java:236)
at ✽.Response status code should be "200"(file:///C:/Users/manal_/git/Team04_APIAvengers_LMSHackathon/src/test/resources/features/02programModule/04programDelete.feature:9)
]]>
    </failure>
  </testcase> <!-- runScenario -->
  <testcase classname="api.TestRunner.TestRunner" name="runScenario" time="2.913"/>
</testsuite> <!-- api.TestRunner.TestRunner -->
